This is pdfTeX, Version 3.1415926-2.4-1.40.13 (TeX Live 2012) (format=pdflatex 2012.6.30)  19 MAR 2015 07:47
entering extended mode
 \write18 enabled.
 %&-line parsing enabled.
**para
(./para.tex
LaTeX2e <2011/06/27>
Babel <v3.8m> and hyphenation patterns for english, dumylang, nohyphenation, ge
rman-x-2012-05-30, ngerman-x-2012-05-30, afrikaans, ancientgreek, ibycus, arabi
c, armenian, basque, bulgarian, catalan, pinyin, coptic, croatian, czech, danis
h, dutch, ukenglish, usenglishmax, esperanto, estonian, ethiopic, farsi, finnis
h, french, friulan, galician, german, ngerman, swissgerman, monogreek, greek, h
ungarian, icelandic, assamese, bengali, gujarati, hindi, kannada, malayalam, ma
rathi, oriya, panjabi, tamil, telugu, indonesian, interlingua, irish, italian, 
kurmanji, latin, latvian, lithuanian, mongolian, mongolianlmc, bokmal, nynorsk,
 polish, portuguese, romanian, romansh, russian, sanskrit, serbian, serbianc, s
lovak, slovenian, spanish, swedish, turkish, turkmen, ukrainian, uppersorbian, 
welsh, loaded.
(/usr/local/texlive/2012/texmf-dist/tex/latex/base/article.cls
Document Class: article 2007/10/19 v1.4h Standard LaTeX document class
(/usr/local/texlive/2012/texmf-dist/tex/latex/base/size10.clo
File: size10.clo 2007/10/19 v1.4h Standard LaTeX file (size option)
)
\c@part=\count79
\c@section=\count80
\c@subsection=\count81
\c@subsubsection=\count82
\c@paragraph=\count83
\c@subparagraph=\count84
\c@figure=\count85
\c@table=\count86
\abovecaptionskip=\skip41
\belowcaptionskip=\skip42
\bibindent=\dimen102
)
(/usr/local/texlive/2012/texmf-dist/tex/latex/relsize/relsize.sty
Package: relsize 2011/09/21 ver 4.0

Examine \normalsize starts \@setfontsize size may be \@xpt. 
Examine \small starts \@setfontsize size may be \@ixpt. 
Examine \footnotesize starts \@setfontsize size may be \@viiipt. 
Examine \large starts \@setfontsize size may be \@xiipt. 
Examine \Large starts \@setfontsize size may be \@xivpt. 
Examine \LARGE starts \@setfontsize size may be \@xviipt. 
Examine \scriptsize starts \@setfontsize size may be \@viipt. 
Examine \tiny starts \@setfontsize size may be \@vpt. 
Examine \huge starts \@setfontsize size may be \@xxpt. 
Examine \Huge starts \@setfontsize size may be \@xxvpt. )
(/usr/local/texlive/2012/texmf-dist/tex/latex/base/makeidx.sty
Package: makeidx 2000/03/29 v1.0m Standard LaTeX package
)
(/usr/local/texlive/2012/texmf-dist/tex/latex/graphics/color.sty
Package: color 2005/11/14 v1.0j Standard LaTeX Color (DPC)

(/usr/local/texlive/2012/texmf-dist/tex/latex/latexconfig/color.cfg
File: color.cfg 2007/01/18 v1.5 color configuration of teTeX/TeXLive
)
Package color Info: Driver file: pdftex.def on input line 130.

(/usr/local/texlive/2012/texmf-dist/tex/latex/pdftex-def/pdftex.def
File: pdftex.def 2011/05/27 v0.06d Graphics/color for pdfTeX

(/usr/local/texlive/2012/texmf-dist/tex/generic/oberdiek/infwarerr.sty
Package: infwarerr 2010/04/08 v1.3 Providing info/warning/error messages (HO)
)
(/usr/local/texlive/2012/texmf-dist/tex/generic/oberdiek/ltxcmds.sty
Package: ltxcmds 2011/11/09 v1.22 LaTeX kernel commands for general use (HO)
)
\Gread@gobject=\count87
))
(/usr/local/texlive/2012/texmf-dist/tex/latex/setspace/setspace.sty
Package: setspace 2011/12/19 v6.7a set line spacing
)
(/usr/local/texlive/2012/texmf-dist/tex/latex/amsmath/amsmath.sty
Package: amsmath 2000/07/18 v2.13 AMS math features
\@mathmargin=\skip43

For additional information on amsmath, use the `?' option.
(/usr/local/texlive/2012/texmf-dist/tex/latex/amsmath/amstext.sty
Package: amstext 2000/06/29 v2.01

(/usr/local/texlive/2012/texmf-dist/tex/latex/amsmath/amsgen.sty
File: amsgen.sty 1999/11/30 v2.0
\@emptytoks=\toks14
\ex@=\dimen103
))
(/usr/local/texlive/2012/texmf-dist/tex/latex/amsmath/amsbsy.sty
Package: amsbsy 1999/11/29 v1.2d
\pmbraise@=\dimen104
)
(/usr/local/texlive/2012/texmf-dist/tex/latex/amsmath/amsopn.sty
Package: amsopn 1999/12/14 v2.01 operator names
)
\inf@bad=\count88
LaTeX Info: Redefining \frac on input line 211.
\uproot@=\count89
\leftroot@=\count90
LaTeX Info: Redefining \overline on input line 307.
\classnum@=\count91
\DOTSCASE@=\count92
LaTeX Info: Redefining \ldots on input line 379.
LaTeX Info: Redefining \dots on input line 382.
LaTeX Info: Redefining \cdots on input line 467.
\Mathstrutbox@=\box26
\strutbox@=\box27
\big@size=\dimen105
LaTeX Font Info:    Redeclaring font encoding OML on input line 567.
LaTeX Font Info:    Redeclaring font encoding OMS on input line 568.
\macc@depth=\count93
\c@MaxMatrixCols=\count94
\dotsspace@=\muskip10
\c@parentequation=\count95
\dspbrk@lvl=\count96
\tag@help=\toks15
\row@=\count97
\column@=\count98
\maxfields@=\count99
\andhelp@=\toks16
\eqnshift@=\dimen106
\alignsep@=\dimen107
\tagshift@=\dimen108
\tagwidth@=\dimen109
\totwidth@=\dimen110
\lineht@=\dimen111
\@envbody=\toks17
\multlinegap=\skip44
\multlinetaggap=\skip45
\mathdisplay@stack=\toks18
LaTeX Info: Redefining \[ on input line 2666.
LaTeX Info: Redefining \] on input line 2667.
)
(/usr/local/texlive/2012/texmf-dist/tex/latex/amsfonts/amsfonts.sty
Package: amsfonts 2009/06/22 v3.00 Basic AMSFonts support
\symAMSa=\mathgroup4
\symAMSb=\mathgroup5
LaTeX Font Info:    Overwriting math alphabet `\mathfrak' in version `bold'
(Font)                  U/euf/m/n --> U/euf/b/n on input line 96.
)
(/usr/local/texlive/2012/texmf-dist/tex/latex/xcolor/xcolor.sty
Package: xcolor 2007/01/21 v2.11 LaTeX color extensions (UK)

(/usr/local/texlive/2012/texmf-dist/tex/latex/latexconfig/color.cfg
File: color.cfg 2007/01/18 v1.5 color configuration of teTeX/TeXLive
)
Package xcolor Info: Driver file: pdftex.def on input line 225.

(/usr/local/texlive/2012/texmf-dist/tex/latex/colortbl/colortbl.sty
Package: colortbl 2012/02/13 v1.0a Color table columns (DPC)

(/usr/local/texlive/2012/texmf-dist/tex/latex/tools/array.sty
Package: array 2008/09/09 v2.4c Tabular extension package (FMi)
\col@sep=\dimen112
\extrarowheight=\dimen113
\NC@list=\toks19
\extratabsurround=\skip46
\backup@length=\skip47
)
\everycr=\toks20
\minrowclearance=\skip48
)
LaTeX Info: Redefining \color on input line 702.
\rownum=\count100
Package xcolor Info: Model `cmy' substituted by `cmy0' on input line 1337.
Package xcolor Info: Model `hsb' substituted by `rgb' on input line 1341.
Package xcolor Info: Model `RGB' extended on input line 1353.
Package xcolor Info: Model `HTML' substituted by `rgb' on input line 1355.
Package xcolor Info: Model `Hsb' substituted by `hsb' on input line 1356.
Package xcolor Info: Model `tHsb' substituted by `hsb' on input line 1357.
Package xcolor Info: Model `HSB' substituted by `hsb' on input line 1358.
Package xcolor Info: Model `Gray' substituted by `gray' on input line 1359.
Package xcolor Info: Model `wave' substituted by `hsb' on input line 1360.
)
(/usr/local/texlive/2012/texmf-dist/tex/latex/tools/bm.sty
Package: bm 2004/02/26 v1.1c Bold Symbol Support (DPC/FMi)
\symboldoperators=\mathgroup6
\symboldletters=\mathgroup7
\symboldsymbols=\mathgroup8
LaTeX Font Info:    Redeclaring math alphabet \mathbf on input line 138.
LaTeX Info: Redefining \bm on input line 204.
)
(/usr/local/texlive/2012/texmf-dist/tex/latex/microtype/microtype.sty
Package: microtype 2010/01/10 v2.4 Micro-typography with pdfTeX (RS)

(/usr/local/texlive/2012/texmf-dist/tex/latex/graphics/keyval.sty
Package: keyval 1999/03/16 v1.13 key=value parser (DPC)
\KV@toks@=\toks21
)
\MT@toks=\toks22
\MT@count=\count101
LaTeX Info: Redefining \lsstyle on input line 1597.
LaTeX Info: Redefining \lslig on input line 1597.
\MT@outer@space=\skip49
LaTeX Info: Redefining \textls on input line 1605.
\MT@outer@kern=\dimen114
LaTeX Info: Redefining \textmicrotypecontext on input line 2156.
Package microtype Info: Loading configuration file microtype.cfg.

(/usr/local/texlive/2012/texmf-dist/tex/latex/microtype/microtype.cfg
File: microtype.cfg 2010/01/10 v2.4 microtype main configuration file (RS)
))
(/usr/local/texlive/2012/texmf-dist/tex/latex/fancyvrb/fancyvrb.sty
Package: fancyvrb 2008/02/07

Style option: `fancyvrb' v2.7a, with DG/SPQR fixes, and firstline=lastline fix 
<2008/02/07> (tvz)
\FV@CodeLineNo=\count102
\FV@InFile=\read1
\FV@TabBox=\box28
\c@FancyVerbLine=\count103
\FV@StepNumber=\count104
\FV@OutFile=\write3
)
(/usr/local/texlive/2012/texmf-dist/tex/latex/minted/minted.sty
Package: minted 2011/09/17 v1.7 Yet another Pygments shim for LaTeX

(/usr/local/texlive/2012/texmf-dist/tex/latex/float/float.sty
Package: float 2001/11/08 v1.3d Float enhancements (AL)
\c@float@type=\count105
\float@exts=\toks23
\float@box=\box29
\@float@everytoks=\toks24
\@floatcapt=\box30
)
(/usr/local/texlive/2012/texmf-dist/tex/latex/base/ifthen.sty
Package: ifthen 2001/05/26 v1.1c Standard LaTeX ifthen package (DPC)
)
(/usr/local/texlive/2012/texmf-dist/tex/latex/tools/calc.sty
Package: calc 2007/08/22 v4.3 Infix arithmetic (KKT,FJ)
\calc@Acount=\count106
\calc@Bcount=\count107
\calc@Adimen=\dimen115
\calc@Bdimen=\dimen116
\calc@Askip=\skip50
\calc@Bskip=\skip51
LaTeX Info: Redefining \setlength on input line 76.
LaTeX Info: Redefining \addtolength on input line 77.
\calc@Ccount=\count108
\calc@Cskip=\skip52
)
(/usr/local/texlive/2012/texmf-dist/tex/latex/ifplatform/ifplatform.sty
Package: ifplatform 2010/10/22 v0.4 Testing for the operating system

(/usr/local/texlive/2012/texmf-dist/tex/generic/oberdiek/pdftexcmds.sty
Package: pdftexcmds 2011/11/29 v0.20 Utility functions of pdfTeX for LuaTeX (HO
)

(/usr/local/texlive/2012/texmf-dist/tex/generic/oberdiek/ifluatex.sty
Package: ifluatex 2010/03/01 v1.3 Provides the ifluatex switch (HO)
Package ifluatex Info: LuaTeX not detected.
)
(/usr/local/texlive/2012/texmf-dist/tex/generic/oberdiek/ifpdf.sty
Package: ifpdf 2011/01/30 v2.3 Provides the ifpdf switch (HO)
Package ifpdf Info: pdfTeX in PDF mode is detected.
)
Package pdftexcmds Info: LuaTeX not detected.
Package pdftexcmds Info: \pdf@primitive is available.
Package pdftexcmds Info: \pdf@ifprimitive is available.
Package pdftexcmds Info: \pdfdraftmode found.
)
(/usr/local/texlive/2012/texmf-dist/tex/generic/oberdiek/catchfile.sty
Package: catchfile 2011/03/01 v1.6 Catch the contents of a file (HO)

(/usr/local/texlive/2012/texmf-dist/tex/generic/oberdiek/etexcmds.sty
Package: etexcmds 2011/02/16 v1.5 Avoid name clashes with e-TeX commands (HO)
Package etexcmds Info: Could not find \expanded.
(etexcmds)             That can mean that you are not using pdfTeX 1.50 or
(etexcmds)             that some package has redefined \expanded.
(etexcmds)             In the latter case, load this package earlier.
))
runsystem(uname -s > "para.w18")...executed.


(./para.w18)
runsystem(rm -- "para.w18")...executed.

)
\minted@bgbox=\box31
\minted@code=\write4
\@float@every@listing=\toks25
\c@listing=\count109
)
runsystem(which pygmentize && touch para.aex)...executed.

runsystem(rm para.aex)...executed.

runsystem(pygmentize -S default -f latex > para.pyg)...executed.

 (./para.pyg)
(/usr/local/texlive/2012/texmf-dist/tex/latex/base/fontenc.sty
Package: fontenc 2005/09/27 v1.99g Standard LaTeX package

(/usr/local/texlive/2012/texmf-dist/tex/latex/base/t1enc.def
File: t1enc.def 2005/09/27 v1.99g Standard LaTeX file
LaTeX Font Info:    Redeclaring font encoding T1 on input line 43.
))
(/usr/local/texlive/2012/texmf-dist/tex/latex/ucs/ucs.sty
Package: ucs 2004/10/17 UCS: Unicode input support

(/usr/local/texlive/2012/texmf-dist/tex/latex/ucs/data/uni-global.def
File: uni-global.def 2012/04/20 UCS: Unicode global data
)
\uc@secondtry=\count110
\uc@combtoks=\toks26
\uc@combtoksb=\toks27
\uc@temptokena=\toks28
)
(/usr/local/texlive/2012/texmf-dist/tex/latex/base/inputenc.sty
Package: inputenc 2008/03/30 v1.1d Input encoding file
\inpenc@prehook=\toks29
\inpenc@posthook=\toks30

(/usr/local/texlive/2012/texmf-dist/tex/latex/ucs/utf8x.def
File: utf8x.def 2004/10/17 UCS: Input encoding UTF-8
))
(/usr/local/texlive/2012/texmf-dist/tex/latex/lm/lmodern.sty
Package: lmodern 2009/10/30 v1.6 Latin Modern Fonts
LaTeX Font Info:    Overwriting symbol font `operators' in version `normal'
(Font)                  OT1/cmr/m/n --> OT1/lmr/m/n on input line 22.
LaTeX Font Info:    Overwriting symbol font `letters' in version `normal'
(Font)                  OML/cmm/m/it --> OML/lmm/m/it on input line 23.
LaTeX Font Info:    Overwriting symbol font `symbols' in version `normal'
(Font)                  OMS/cmsy/m/n --> OMS/lmsy/m/n on input line 24.
LaTeX Font Info:    Overwriting symbol font `largesymbols' in version `normal'
(Font)                  OMX/cmex/m/n --> OMX/lmex/m/n on input line 25.
LaTeX Font Info:    Overwriting symbol font `operators' in version `bold'
(Font)                  OT1/cmr/bx/n --> OT1/lmr/bx/n on input line 26.
LaTeX Font Info:    Overwriting symbol font `letters' in version `bold'
(Font)                  OML/cmm/b/it --> OML/lmm/b/it on input line 27.
LaTeX Font Info:    Overwriting symbol font `symbols' in version `bold'
(Font)                  OMS/cmsy/b/n --> OMS/lmsy/b/n on input line 28.
LaTeX Font Info:    Overwriting symbol font `largesymbols' in version `bold'
(Font)                  OMX/cmex/m/n --> OMX/lmex/m/n on input line 29.
LaTeX Font Info:    Overwriting math alphabet `\mathbf' in version `normal'
(Font)                  OT1/cmr/bx/n --> OT1/lmr/bx/n on input line 31.
LaTeX Font Info:    Overwriting math alphabet `\mathsf' in version `normal'
(Font)                  OT1/cmss/m/n --> OT1/lmss/m/n on input line 32.
LaTeX Font Info:    Overwriting math alphabet `\mathit' in version `normal'
(Font)                  OT1/cmr/m/it --> OT1/lmr/m/it on input line 33.
LaTeX Font Info:    Overwriting math alphabet `\mathtt' in version `normal'
(Font)                  OT1/cmtt/m/n --> OT1/lmtt/m/n on input line 34.
LaTeX Font Info:    Overwriting math alphabet `\mathbf' in version `bold'
(Font)                  OT1/cmr/bx/n --> OT1/lmr/bx/n on input line 35.
LaTeX Font Info:    Overwriting math alphabet `\mathsf' in version `bold'
(Font)                  OT1/cmss/bx/n --> OT1/lmss/bx/n on input line 36.
LaTeX Font Info:    Overwriting math alphabet `\mathit' in version `bold'
(Font)                  OT1/cmr/bx/it --> OT1/lmr/bx/it on input line 37.
LaTeX Font Info:    Overwriting math alphabet `\mathtt' in version `bold'
(Font)                  OT1/cmtt/m/n --> OT1/lmtt/m/n on input line 38.
)
(/usr/local/texlive/2012/texmf-dist/tex/latex/hyperref/hyperref.sty
Package: hyperref 2012/05/13 v6.82q Hypertext links for LaTeX

(/usr/local/texlive/2012/texmf-dist/tex/generic/oberdiek/hobsub-hyperref.sty
Package: hobsub-hyperref 2012/05/28 v1.13 Bundle oberdiek, subset hyperref (HO)


(/usr/local/texlive/2012/texmf-dist/tex/generic/oberdiek/hobsub-generic.sty
Package: hobsub-generic 2012/05/28 v1.13 Bundle oberdiek, subset generic (HO)
Package: hobsub 2012/05/28 v1.13 Construct package bundles (HO)
Package hobsub Info: Skipping package `infwarerr' (already loaded).
Package hobsub Info: Skipping package `ltxcmds' (already loaded).
Package hobsub Info: Skipping package `ifluatex' (already loaded).
Package: ifvtex 2010/03/01 v1.5 Detect VTeX and its facilities (HO)
Package ifvtex Info: VTeX not detected.
Package: intcalc 2007/09/27 v1.1 Expandable calculations with integers (HO)
Package hobsub Info: Skipping package `ifpdf' (already loaded).
Package hobsub Info: Skipping package `etexcmds' (already loaded).
Package: kvsetkeys 2012/04/25 v1.16 Key value parser (HO)
Package: kvdefinekeys 2011/04/07 v1.3 Define keys (HO)
Package hobsub Info: Skipping package `pdftexcmds' (already loaded).
Package: pdfescape 2011/11/25 v1.13 Implements pdfTeX's escape features (HO)
Package: bigintcalc 2012/04/08 v1.3 Expandable calculations on big integers (HO
)
Package: bitset 2011/01/30 v1.1 Handle bit-vector datatype (HO)
Package: uniquecounter 2011/01/30 v1.2 Provide unlimited unique counter (HO)
)
Package hobsub Info: Skipping package `hobsub' (already loaded).
Package: letltxmacro 2010/09/02 v1.4 Let assignment for LaTeX macros (HO)
Package: hopatch 2012/05/28 v1.2 Wrapper for package hooks (HO)
Package: xcolor-patch 2011/01/30 xcolor patch
Package: atveryend 2011/06/30 v1.8 Hooks at the very end of document (HO)
Package atveryend Info: \enddocument detected (standard20110627).
Package: atbegshi 2011/10/05 v1.16 At begin shipout hook (HO)
Package: refcount 2011/10/16 v3.4 Data extraction from label references (HO)
Package: hycolor 2011/01/30 v1.7 Color options for hyperref/bookmark (HO)
)
(/usr/local/texlive/2012/texmf-dist/tex/generic/ifxetex/ifxetex.sty
Package: ifxetex 2010/09/12 v0.6 Provides ifxetex conditional
)
(/usr/local/texlive/2012/texmf-dist/tex/latex/oberdiek/kvoptions.sty
Package: kvoptions 2011/06/30 v3.11 Key value format for package options (HO)
)
\@linkdim=\dimen117
\Hy@linkcounter=\count111
\Hy@pagecounter=\count112

(/usr/local/texlive/2012/texmf-dist/tex/latex/hyperref/pd1enc.def
File: pd1enc.def 2012/05/13 v6.82q Hyperref: PDFDocEncoding definition (HO)
)
\Hy@SavedSpaceFactor=\count113

(/usr/local/texlive/2012/texmf-dist/tex/latex/latexconfig/hyperref.cfg
File: hyperref.cfg 2002/06/06 v1.2 hyperref configuration of TeXLive
)
Package hyperref Info: Option `final' set `true' on input line 3941.
Package hyperref Info: Hyper figures OFF on input line 4062.
Package hyperref Info: Link nesting OFF on input line 4067.
Package hyperref Info: Hyper index ON on input line 4070.
Package hyperref Info: Plain pages OFF on input line 4077.
Package hyperref Info: Backreferencing OFF on input line 4082.
Package hyperref Info: Implicit mode ON; LaTeX internals redefined.
Package hyperref Info: Bookmarks ON on input line 4300.
\c@Hy@tempcnt=\count114

(/usr/local/texlive/2012/texmf-dist/tex/latex/url/url.sty
\Urlmuskip=\muskip11
Package: url 2006/04/12  ver 3.3  Verb mode for urls, etc.
)
LaTeX Info: Redefining \url on input line 4653.
\Fld@menulength=\count115
\Field@Width=\dimen118
\Fld@charsize=\dimen119
Package hyperref Info: Hyper figures OFF on input line 5773.
Package hyperref Info: Link nesting OFF on input line 5778.
Package hyperref Info: Hyper index ON on input line 5781.
Package hyperref Info: backreferencing OFF on input line 5788.
Package hyperref Info: Link coloring OFF on input line 5793.
Package hyperref Info: Link coloring with OCG OFF on input line 5798.
Package hyperref Info: PDF/A mode OFF on input line 5803.
LaTeX Info: Redefining \ref on input line 5843.
LaTeX Info: Redefining \pageref on input line 5847.
\Hy@abspage=\count116
\c@Item=\count117
\c@Hfootnote=\count118
)

Package hyperref Message: Driver (autodetected): hpdftex.

(/usr/local/texlive/2012/texmf-dist/tex/latex/hyperref/hpdftex.def
File: hpdftex.def 2012/05/13 v6.82q Hyperref driver for pdfTeX
\Fld@listcount=\count119
\c@bookmark@seq@number=\count120

(/usr/local/texlive/2012/texmf-dist/tex/latex/oberdiek/rerunfilecheck.sty
Package: rerunfilecheck 2011/04/15 v1.7 Rerun checks for auxiliary files (HO)
Package uniquecounter Info: New unique counter `rerunfilecheck' on input line 2
82.
)
\Hy@SectionHShift=\skip53
)
Package hyperref Info: Option `breaklinks' set `true' on input line 47.
Package hyperref Info: Option `colorlinks' set `true' on input line 47.
Package hyperref Info: Option `pdfmenubar' set `true' on input line 47.
Package hyperref Info: Option `pdftoolbar' set `true' on input line 47.

(/usr/local/texlive/2012/texmf-dist/tex/latex/mdframed/mdframed.sty
Package: mdframed 2012/04/08 v1.5: mdframed

(/usr/local/texlive/2012/texmf-dist/tex/latex/l3packages/xparse/xparse.sty
(/usr/local/texlive/2012/texmf-dist/tex/latex/l3kernel/expl3.sty
(/usr/local/texlive/2012/texmf-dist/tex/latex/l3kernel/l3names.sty
(/usr/local/texlive/2012/texmf-dist/tex/latex/l3kernel/l3bootstrap.sty
Package: l3bootstrap 2011/12/29 v3110 L3 Experimental bootstrap code
)
Package: l3names 2012/03/04 v3494 L3 Experimental namespace for primitives
)
(/usr/local/texlive/2012/texmf-dist/tex/latex/etex-pkg/etex.sty
Package: etex 1998/03/26 v2.0 eTeX basic definition package (PEB)
\et@xins=\count121
)
Package: expl3 2012/04/23 v3570 L3 Experimental code bundle wrapper

(/usr/local/texlive/2012/texmf-dist/tex/latex/graphics/graphics.sty
Package: graphics 2009/02/05 v1.0o Standard LaTeX Graphics (DPC,SPQR)

(/usr/local/texlive/2012/texmf-dist/tex/latex/graphics/trig.sty
Package: trig 1999/03/16 v1.09 sin cos tan (DPC)
)
(/usr/local/texlive/2012/texmf-dist/tex/latex/latexconfig/graphics.cfg
File: graphics.cfg 2010/04/23 v1.9 graphics configuration of TeX Live
)
Package graphics Info: Driver file: pdftex.def on input line 91.
)
(/usr/local/texlive/2012/texmf-dist/tex/latex/l3kernel/l3basics.sty
Package: l3basics 2012/03/04 v3491 L3 Experimental basic definitions
)
(/usr/local/texlive/2012/texmf-dist/tex/latex/l3kernel/l3expan.sty
Package: l3expan 2012/02/26 v3460 L3 Experimental argument expansion
)
(/usr/local/texlive/2012/texmf-dist/tex/latex/l3kernel/l3tl.sty
Package: l3tl 2012/03/04 v3490 L3 Experimental token lists
)
(/usr/local/texlive/2012/texmf-dist/tex/latex/l3kernel/l3seq.sty
Package: l3seq 2012/03/04 v3490 L3 Experimental sequences and stacks
)
(/usr/local/texlive/2012/texmf-dist/tex/latex/l3kernel/l3int.sty
Package: l3int 2012/03/04 v3490 L3 Experimental integers
\c_max_int=\count122
\l_tmpa_int=\count123
\l_tmpb_int=\count124
\l_tmpc_int=\count125
\g_tmpa_int=\count126
\g_tmpb_int=\count127
)
(/usr/local/texlive/2012/texmf-dist/tex/latex/l3kernel/l3quark.sty
Package: l3quark 2012/02/12 v3384 L3 Experimental quarks
)
(/usr/local/texlive/2012/texmf-dist/tex/latex/l3kernel/l3prg.sty
Package: l3prg 2012/03/04 v3490 L3 Experimental control structures
\g_prg_map_int=\count128
)
(/usr/local/texlive/2012/texmf-dist/tex/latex/l3kernel/l3clist.sty
Package: l3clist 2012/03/04 v3490 L3 Experimental comma separated lists
)
(/usr/local/texlive/2012/texmf-dist/tex/latex/l3kernel/l3token.sty
Package: l3token 2012/03/04 v3491 L3 Experimental token manipulation
)
(/usr/local/texlive/2012/texmf-dist/tex/latex/l3kernel/l3prop.sty
Package: l3prop 2012/03/04 v3490 L3 Experimental property lists
)
(/usr/local/texlive/2012/texmf-dist/tex/latex/l3kernel/l3msg.sty
Package: l3msg 2012/04/23 v3568 L3 Experimental messages
)
(/usr/local/texlive/2012/texmf-dist/tex/latex/l3kernel/l3file.sty
Package: l3file 2012/03/09 v3520 L3 Experimental file and I/O operations
\l_iow_stream_int=\count129
\l_iow_line_length_int=\count130
\l_iow_target_length_int=\count131
\l_iow_current_line_int=\count132
\l_iow_current_word_int=\count133
\l_iow_current_indentation_int=\count134
)
(/usr/local/texlive/2012/texmf-dist/tex/latex/l3kernel/l3skip.sty
Package: l3skip 2012/03/05 v3499 L3 Experimental dimensions and skips
\l_tmpa_dim=\dimen120
\l_tmpb_dim=\dimen121
\l_tmpc_dim=\dimen122
\g_tmpa_dim=\dimen123
\g_tmpb_dim=\dimen124
\l_tmpa_skip=\skip54
\l_tmpb_skip=\skip55
\l_tmpc_skip=\skip56
\g_tmpa_skip=\skip57
\g_tmpb_skip=\skip58
)
(/usr/local/texlive/2012/texmf-dist/tex/latex/l3kernel/l3keys.sty
Package: l3keys 2012/03/03 v3487 L3 Experimental key-value interfaces
\g_keyval_level_int=\count135
\l_keys_choice_int=\count136
)
(/usr/local/texlive/2012/texmf-dist/tex/latex/l3kernel/l3fp.sty
Package: l3fp 2012/03/04 v3490 L3 Experimental floating-point operations
\c_one_million=\count137
\c_one_hundred_million=\count138
\c_five_hundred_million=\count139
\c_one_thousand_million=\count140
\c_fp_pi_by_four_decimal_int=\count141
\c_fp_pi_by_four_extended_int=\count142
\c_fp_pi_decimal_int=\count143
\c_fp_pi_extended_int=\count144
\c_fp_two_pi_decimal_int=\count145
\c_fp_two_pi_extended_int=\count146
\l_fp_count_int=\count147
\l_fp_div_offset_int=\count148
\l_fp_exp_integer_int=\count149
\l_fp_exp_decimal_int=\count150
\l_fp_exp_extended_int=\count151
\l_fp_exp_exponent_int=\count152
\l_fp_input_a_sign_int=\count153
\l_fp_input_a_integer_int=\count154
\l_fp_input_a_decimal_int=\count155
\l_fp_input_a_exponent_int=\count156
\l_fp_input_b_sign_int=\count157
\l_fp_input_b_integer_int=\count158
\l_fp_input_b_decimal_int=\count159
\l_fp_input_b_exponent_int=\count160
\l_fp_input_a_extended_int=\count161
\l_fp_input_b_extended_int=\count162
\l_fp_mul_a_i_int=\count163
\l_fp_mul_a_ii_int=\count164
\l_fp_mul_a_iii_int=\count165
\l_fp_mul_a_iv_int=\count166
\l_fp_mul_a_v_int=\count167
\l_fp_mul_a_vi_int=\count168
\l_fp_mul_b_i_int=\count169
\l_fp_mul_b_ii_int=\count170
\l_fp_mul_b_iii_int=\count171
\l_fp_mul_b_iv_int=\count172
\l_fp_mul_b_v_int=\count173
\l_fp_mul_b_vi_int=\count174
\l_fp_mul_output_int=\count175
\l_fp_output_sign_int=\count176
\l_fp_output_integer_int=\count177
\l_fp_output_decimal_int=\count178
\l_fp_output_exponent_int=\count179
\l_fp_output_extended_int=\count180
\l_fp_round_position_int=\count181
\l_fp_round_target_int=\count182
\l_fp_split_sign_int=\count183
\l_fp_internal_int=\count184
\l_fp_trig_octant_int=\count185
\l_fp_trig_sign_int=\count186
\l_fp_trig_decimal_int=\count187
\l_fp_trig_extended_int=\count188
\l_fp_internal_dim=\dimen125
\l_fp_internal_skip=\skip59
)
(/usr/local/texlive/2012/texmf-dist/tex/latex/l3kernel/l3box.sty
Package: l3box 2012/03/04 v3490 L3 Experimental boxes
\l_tmpb_box=\box32
\l_box_top_dim=\dimen126
\l_box_bottom_dim=\dimen127
\l_box_left_dim=\dimen128
\l_box_right_dim=\dimen129
\l_box_top_new_dim=\dimen130
\l_box_bottom_new_dim=\dimen131
\l_box_left_new_dim=\dimen132
\l_box_right_new_dim=\dimen133
\l_box_internal_box=\box33
)
(/usr/local/texlive/2012/texmf-dist/tex/latex/l3kernel/l3coffins.sty
Package: l3coffins 2012/03/03 v3482 L3 Experimental coffin code layer
\l_coffin_internal_box=\box34
\l_coffin_internal_dim=\dimen134
\l_coffin_offset_x_dim=\dimen135
\l_coffin_offset_y_dim=\dimen136
\l_coffin_x_dim=\dimen137
\l_coffin_y_dim=\dimen138
\l_coffin_x_prime_dim=\dimen139
\l_coffin_y_prime_dim=\dimen140
\l_coffin_Depth_dim=\dimen141
\l_coffin_Height_dim=\dimen142
\l_coffin_TotalHeight_dim=\dimen143
\l_coffin_Width_dim=\dimen144
\c_empty_coffin=\box35
\l_coffin_aligned_coffin=\box36
\l_coffin_aligned_internal_coffin=\box37
\l_coffin_bounding_shift_dim=\dimen145
\l_coffin_left_corner_dim=\dimen146
\l_coffin_right_corner_dim=\dimen147
\l_coffin_bottom_corner_dim=\dimen148
\l_coffin_top_corner_dim=\dimen149
\l_coffin_scaled_total_height_dim=\dimen150
\l_coffin_scaled_width_dim=\dimen151
\l_coffin_display_coffin=\box38
\l_coffin_display_coord_coffin=\box39
\l_coffin_display_pole_coffin=\box40
\l_coffin_display_offset_dim=\dimen152
\l_coffin_display_x_dim=\dimen153
\l_coffin_display_y_dim=\dimen154
)
(/usr/local/texlive/2012/texmf-dist/tex/latex/l3kernel/l3color.sty
Package: l3color 2011/09/07 v2776 L3 Experimental colour support
)
(/usr/local/texlive/2012/texmf-dist/tex/latex/l3kernel/l3luatex.sty
Package: l3luatex 2012/02/09 v3355 L3 Experimental LuaTeX-specific functions
\g_cctab_allocate_int=\count189
\g_cctab_stack_int=\count190
))
Package: xparse 2012/04/23 v3570 L3 Experimental document command parser
\l_xparse_current_arg_int=\count191
\l_xparse_m_args_int=\count192
\l_xparse_mandatory_args_int=\count193
\l_xparse_processor_int=\count194
\l_xparse_v_nesting_int=\count195
)
(/usr/local/texlive/2012/texmf-dist/tex/latex/etoolbox/etoolbox.sty
Package: etoolbox 2011/01/03 v2.1 e-TeX tools for LaTeX
\etb@tempcnta=\count196
)
(/usr/local/texlive/2012/texmf-dist/tex/latex/oberdiek/zref-abspage.sty
Package: zref-abspage 2012/04/04 v2.24 Module abspage for zref (HO)

(/usr/local/texlive/2012/texmf-dist/tex/latex/oberdiek/zref-base.sty
Package: zref-base 2012/04/04 v2.24 Module base for zref (HO)

(/usr/local/texlive/2012/texmf-dist/tex/latex/oberdiek/auxhook.sty
Package: auxhook 2011/03/04 v1.3 Hooks for auxiliary files (HO)
)
Package zref Info: New property list: main on input line 759.
Package zref Info: New property: default on input line 760.
Package zref Info: New property: page on input line 761.
)
\c@abspage=\count197
Package zref Info: New property: abspage on input line 62.
)
\mdf@templength=\skip60
\c@mdf@globalstyle@cnt=\count198
\mdf@skipabove@length=\skip61
\mdf@skipbelow@length=\skip62
\mdf@leftmargin@length=\skip63
\mdf@rightmargin@length=\skip64
\mdf@innerleftmargin@length=\skip65
\mdf@innerrightmargin@length=\skip66
\mdf@innertopmargin@length=\skip67
\mdf@innerbottommargin@length=\skip68
\mdf@splittopskip@length=\skip69
\mdf@splitbottomskip@length=\skip70
\mdf@outermargin@length=\skip71
\mdf@innermargin@length=\skip72
\mdf@linewidth@length=\skip73
\mdf@innerlinewidth@length=\skip74
\mdf@middlelinewidth@length=\skip75
\mdf@outerlinewidth@length=\skip76
\mdf@roundcorner@length=\skip77
\mdf@footenotedistance@length=\skip78
\mdf@userdefinedwidth@length=\skip79
\mdf@frametitleaboveskip@length=\skip80
\mdf@frametitlebelowskip@length=\skip81
\mdf@frametitlerulewidth@length=\skip82
\mdf@frametitleleftmargin@length=\skip83
\mdf@frametitlerightmargin@length=\skip84
\mdf@shadowsize@length=\skip85

(/usr/local/texlive/2012/texmf-dist/tex/latex/pgf/frontendlayer/tikz.sty
(/usr/local/texlive/2012/texmf-dist/tex/latex/pgf/basiclayer/pgf.sty
(/usr/local/texlive/2012/texmf-dist/tex/latex/pgf/utilities/pgfrcs.sty
(/usr/local/texlive/2012/texmf-dist/tex/generic/pgf/utilities/pgfutil-common.te
x
\pgfutil@everybye=\toks31
)
(/usr/local/texlive/2012/texmf-dist/tex/generic/pgf/utilities/pgfutil-latex.def
\pgfutil@abb=\box41
(/usr/local/texlive/2012/texmf-dist/tex/latex/ms/everyshi.sty
Package: everyshi 2001/05/15 v3.00 EveryShipout Package (MS)
))
(/usr/local/texlive/2012/texmf-dist/tex/generic/pgf/utilities/pgfrcs.code.tex
Package: pgfrcs 2010/10/25 v2.10 (rcs-revision 1.24)
))
Package: pgf 2008/01/15 v2.10 (rcs-revision 1.12)
(/usr/local/texlive/2012/texmf-dist/tex/latex/pgf/basiclayer/pgfcore.sty
(/usr/local/texlive/2012/texmf-dist/tex/latex/graphics/graphicx.sty
Package: graphicx 1999/02/16 v1.0f Enhanced LaTeX Graphics (DPC,SPQR)
\Gin@req@height=\dimen155
\Gin@req@width=\dimen156
)
(/usr/local/texlive/2012/texmf-dist/tex/latex/pgf/systemlayer/pgfsys.sty
(/usr/local/texlive/2012/texmf-dist/tex/generic/pgf/systemlayer/pgfsys.code.tex
Package: pgfsys 2010/06/30 v2.10 (rcs-revision 1.37)
(/usr/local/texlive/2012/texmf-dist/tex/generic/pgf/utilities/pgfkeys.code.tex
\pgfkeys@pathtoks=\toks32
\pgfkeys@temptoks=\toks33

(/usr/local/texlive/2012/texmf-dist/tex/generic/pgf/utilities/pgfkeysfiltered.c
ode.tex
\pgfkeys@tmptoks=\toks34
))
\pgf@x=\dimen157
\pgf@y=\dimen158
\pgf@xa=\dimen159
\pgf@ya=\dimen160
\pgf@xb=\dimen161
\pgf@yb=\dimen162
\pgf@xc=\dimen163
\pgf@yc=\dimen164
\w@pgf@writea=\write5
\r@pgf@reada=\read2
\c@pgf@counta=\count199
\c@pgf@countb=\count200
\c@pgf@countc=\count201
Normal \count register pool exhausted, switching to extended pool.
\c@pgf@countd=\count277

(/usr/local/texlive/2012/texmf-dist/tex/generic/pgf/systemlayer/pgf.cfg
File: pgf.cfg 2008/05/14  (rcs-revision 1.7)
)
Package pgfsys Info: Driver file for pgf: pgfsys-pdftex.def on input line 900.

(/usr/local/texlive/2012/texmf-dist/tex/generic/pgf/systemlayer/pgfsys-pdftex.d
ef
File: pgfsys-pdftex.def 2009/05/22  (rcs-revision 1.26)

(/usr/local/texlive/2012/texmf-dist/tex/generic/pgf/systemlayer/pgfsys-common-p
df.def
File: pgfsys-common-pdf.def 2008/05/19  (rcs-revision 1.10)
)))
(/usr/local/texlive/2012/texmf-dist/tex/generic/pgf/systemlayer/pgfsyssoftpath.
code.tex
File: pgfsyssoftpath.code.tex 2008/07/18  (rcs-revision 1.7)
\pgfsyssoftpath@smallbuffer@items=\count278
\pgfsyssoftpath@bigbuffer@items=\count279
)
(/usr/local/texlive/2012/texmf-dist/tex/generic/pgf/systemlayer/pgfsysprotocol.
code.tex
File: pgfsysprotocol.code.tex 2006/10/16  (rcs-revision 1.4)
))
(/usr/local/texlive/2012/texmf-dist/tex/generic/pgf/basiclayer/pgfcore.code.tex
Package: pgfcore 2010/04/11 v2.10 (rcs-revision 1.7)
(/usr/local/texlive/2012/texmf-dist/tex/generic/pgf/math/pgfmath.code.tex
(/usr/local/texlive/2012/texmf-dist/tex/generic/pgf/math/pgfmathcalc.code.tex
(/usr/local/texlive/2012/texmf-dist/tex/generic/pgf/math/pgfmathutil.code.tex)
(/usr/local/texlive/2012/texmf-dist/tex/generic/pgf/math/pgfmathparser.code.tex
\pgfmath@dimen=\dimen165
\pgfmath@count=\count280
\pgfmath@box=\box42
\pgfmath@toks=\toks35
\pgfmath@stack@operand=\toks36
\pgfmath@stack@operation=\toks37
)
(/usr/local/texlive/2012/texmf-dist/tex/generic/pgf/math/pgfmathfunctions.code.
tex
(/usr/local/texlive/2012/texmf-dist/tex/generic/pgf/math/pgfmathfunctions.basic
.code.tex)
(/usr/local/texlive/2012/texmf-dist/tex/generic/pgf/math/pgfmathfunctions.trigo
nometric.code.tex)
(/usr/local/texlive/2012/texmf-dist/tex/generic/pgf/math/pgfmathfunctions.rando
m.code.tex)
(/usr/local/texlive/2012/texmf-dist/tex/generic/pgf/math/pgfmathfunctions.compa
rison.code.tex)
(/usr/local/texlive/2012/texmf-dist/tex/generic/pgf/math/pgfmathfunctions.base.
code.tex)
(/usr/local/texlive/2012/texmf-dist/tex/generic/pgf/math/pgfmathfunctions.round
.code.tex)
(/usr/local/texlive/2012/texmf-dist/tex/generic/pgf/math/pgfmathfunctions.misc.
code.tex)))
(/usr/local/texlive/2012/texmf-dist/tex/generic/pgf/math/pgfmathfloat.code.tex
\c@pgfmathroundto@lastzeros=\count281
))
(/usr/local/texlive/2012/texmf-dist/tex/generic/pgf/basiclayer/pgfcorepoints.co
de.tex
File: pgfcorepoints.code.tex 2010/04/09  (rcs-revision 1.20)
\pgf@picminx=\dimen166
\pgf@picmaxx=\dimen167
\pgf@picminy=\dimen168
\pgf@picmaxy=\dimen169
\pgf@pathminx=\dimen170
\pgf@pathmaxx=\dimen171
\pgf@pathminy=\dimen172
\pgf@pathmaxy=\dimen173
\pgf@xx=\dimen174
\pgf@xy=\dimen175
\pgf@yx=\dimen176
\pgf@yy=\dimen177
\pgf@zx=\dimen178
\pgf@zy=\dimen179
)
(/usr/local/texlive/2012/texmf-dist/tex/generic/pgf/basiclayer/pgfcorepathconst
ruct.code.tex
File: pgfcorepathconstruct.code.tex 2010/08/03  (rcs-revision 1.24)
\pgf@path@lastx=\dimen180
\pgf@path@lasty=\dimen181
)
(/usr/local/texlive/2012/texmf-dist/tex/generic/pgf/basiclayer/pgfcorepathusage
.code.tex
File: pgfcorepathusage.code.tex 2008/04/22  (rcs-revision 1.12)
\pgf@shorten@end@additional=\dimen182
\pgf@shorten@start@additional=\dimen183
)
(/usr/local/texlive/2012/texmf-dist/tex/generic/pgf/basiclayer/pgfcorescopes.co
de.tex
File: pgfcorescopes.code.tex 2010/09/08  (rcs-revision 1.34)
\pgfpic=\box43
\pgf@hbox=\box44
\pgf@layerbox@main=\box45
\pgf@picture@serial@count=\count282
)
(/usr/local/texlive/2012/texmf-dist/tex/generic/pgf/basiclayer/pgfcoregraphicst
ate.code.tex
File: pgfcoregraphicstate.code.tex 2008/04/22  (rcs-revision 1.9)
\pgflinewidth=\dimen184
)
(/usr/local/texlive/2012/texmf-dist/tex/generic/pgf/basiclayer/pgfcoretransform
ations.code.tex
File: pgfcoretransformations.code.tex 2009/06/10  (rcs-revision 1.11)
\pgf@pt@x=\dimen185
\pgf@pt@y=\dimen186
\pgf@pt@temp=\dimen187
)
(/usr/local/texlive/2012/texmf-dist/tex/generic/pgf/basiclayer/pgfcorequick.cod
e.tex
File: pgfcorequick.code.tex 2008/10/09  (rcs-revision 1.3)
)
(/usr/local/texlive/2012/texmf-dist/tex/generic/pgf/basiclayer/pgfcoreobjects.c
ode.tex
File: pgfcoreobjects.code.tex 2006/10/11  (rcs-revision 1.2)
)
(/usr/local/texlive/2012/texmf-dist/tex/generic/pgf/basiclayer/pgfcorepathproce
ssing.code.tex
File: pgfcorepathprocessing.code.tex 2008/10/09  (rcs-revision 1.8)
)
(/usr/local/texlive/2012/texmf-dist/tex/generic/pgf/basiclayer/pgfcorearrows.co
de.tex
File: pgfcorearrows.code.tex 2008/04/23  (rcs-revision 1.11)
)
(/usr/local/texlive/2012/texmf-dist/tex/generic/pgf/basiclayer/pgfcoreshade.cod
e.tex
File: pgfcoreshade.code.tex 2008/11/23  (rcs-revision 1.13)
\pgf@max=\dimen188
\pgf@sys@shading@range@num=\count283
)
(/usr/local/texlive/2012/texmf-dist/tex/generic/pgf/basiclayer/pgfcoreimage.cod
e.tex
File: pgfcoreimage.code.tex 2010/03/25  (rcs-revision 1.16)

(/usr/local/texlive/2012/texmf-dist/tex/generic/pgf/basiclayer/pgfcoreexternal.
code.tex
File: pgfcoreexternal.code.tex 2010/09/01  (rcs-revision 1.17)
\pgfexternal@startupbox=\box46
))
(/usr/local/texlive/2012/texmf-dist/tex/generic/pgf/basiclayer/pgfcorelayers.co
de.tex
File: pgfcorelayers.code.tex 2010/08/27  (rcs-revision 1.2)
)
(/usr/local/texlive/2012/texmf-dist/tex/generic/pgf/basiclayer/pgfcoretranspare
ncy.code.tex
File: pgfcoretransparency.code.tex 2008/01/17  (rcs-revision 1.2)
)
(/usr/local/texlive/2012/texmf-dist/tex/generic/pgf/basiclayer/pgfcorepatterns.
code.tex
File: pgfcorepatterns.code.tex 2009/07/02  (rcs-revision 1.3)
)))
(/usr/local/texlive/2012/texmf-dist/tex/generic/pgf/modules/pgfmoduleshapes.cod
e.tex
File: pgfmoduleshapes.code.tex 2010/09/09  (rcs-revision 1.13)
\pgfnodeparttextbox=\box47
)
(/usr/local/texlive/2012/texmf-dist/tex/generic/pgf/modules/pgfmoduleplot.code.
tex
File: pgfmoduleplot.code.tex 2010/10/22  (rcs-revision 1.8)
)
(/usr/local/texlive/2012/texmf-dist/tex/latex/pgf/compatibility/pgfcomp-version
-0-65.sty
Package: pgfcomp-version-0-65 2007/07/03 v2.10 (rcs-revision 1.7)
\pgf@nodesepstart=\dimen189
\pgf@nodesepend=\dimen190
)
(/usr/local/texlive/2012/texmf-dist/tex/latex/pgf/compatibility/pgfcomp-version
-1-18.sty
Package: pgfcomp-version-1-18 2007/07/23 v2.10 (rcs-revision 1.1)
))
(/usr/local/texlive/2012/texmf-dist/tex/latex/pgf/utilities/pgffor.sty
(/usr/local/texlive/2012/texmf-dist/tex/latex/pgf/utilities/pgfkeys.sty
(/usr/local/texlive/2012/texmf-dist/tex/generic/pgf/utilities/pgfkeys.code.tex)
) (/usr/local/texlive/2012/texmf-dist/tex/generic/pgf/utilities/pgffor.code.tex
Package: pgffor 2010/03/23 v2.10 (rcs-revision 1.18)
\pgffor@iter=\dimen191
\pgffor@skip=\dimen192
\pgffor@stack=\toks38
\pgffor@toks=\toks39
))
(/usr/local/texlive/2012/texmf-dist/tex/generic/pgf/frontendlayer/tikz/tikz.cod
e.tex
Package: tikz 2010/10/13 v2.10 (rcs-revision 1.76)

(/usr/local/texlive/2012/texmf-dist/tex/generic/pgf/libraries/pgflibraryplothan
dlers.code.tex
File: pgflibraryplothandlers.code.tex 2010/05/31 v2.10 (rcs-revision 1.15)
\pgf@plot@mark@count=\count284
\pgfplotmarksize=\dimen193
)
\tikz@lastx=\dimen194
\tikz@lasty=\dimen195
\tikz@lastxsaved=\dimen196
\tikz@lastysaved=\dimen197
\tikzleveldistance=\dimen198
\tikzsiblingdistance=\dimen199
\tikz@figbox=\box48
\tikz@tempbox=\box49
\tikztreelevel=\count285
\tikznumberofchildren=\count286
\tikznumberofcurrentchild=\count287
\tikz@fig@count=\count288

(/usr/local/texlive/2012/texmf-dist/tex/generic/pgf/modules/pgfmodulematrix.cod
e.tex
File: pgfmodulematrix.code.tex 2010/08/24  (rcs-revision 1.4)
\pgfmatrixcurrentrow=\count289
\pgfmatrixcurrentcolumn=\count290
\pgf@matrix@numberofcolumns=\count291
)
\tikz@expandcount=\count292

(/usr/local/texlive/2012/texmf-dist/tex/generic/pgf/frontendlayer/tikz/librarie
s/tikzlibrarytopaths.code.tex
File: tikzlibrarytopaths.code.tex 2008/06/17 v2.10 (rcs-revision 1.2)
)))
\mdf@frametitlebox=\box50
\mdf@footnotebox=\box51
\mdf@splitbox@one=\box52
\mdf@splitbox@two=\box53
\mdfsplitboxwidth=\skip86
\mdfsplitboxtotalwidth=\skip87
\mdfsplitboxheight=\skip88
\mdfsplitboxdepth=\skip89
\mdfsplitboxtotalheight=\skip90
\mdfframetitleboxwidth=\skip91
\mdfframetitleboxtotalwidth=\skip92
\mdfframetitleboxheight=\skip93
\mdfframetitleboxdepth=\skip94
\mdfframetitleboxtotalheight=\skip95
\mdffootnoteboxwidth=\skip96
\mdffootnoteboxtotalwidth=\skip97
\mdffootnoteboxheight=\skip98
\mdffootnoteboxdepth=\skip99
\mdffootnoteboxtotalheight=\skip100
\mdftotallinewidth=\skip101
\mdfboundingboxwidth=\skip102
\mdfboundingboxtotalwidth=\skip103
\mdfboundingboxheight=\skip104
\mdfboundingboxdepth=\skip105
\mdfboundingboxtotalheight=\skip106
\mdf@freevspace@length=\skip107
\mdf@horizontalwidthofbox@length=\skip108
\mdf@verticalmarginwhole@length=\skip109
.................................................
. LaTeX info: "xparse/define-command"
. 
. Defining document command \newmdtheoremenv with arg. spec. 'O{} m o m o ' on
. line 501.
.................................................
.................................................
. LaTeX info: "xparse/define-command"
. 
. Defining document command \mdtheorem with arg. spec. ' O{} m o m o ' on line
. 581.
.................................................

(/usr/local/texlive/2012/texmf-dist/tex/latex/mdframed/md-frame-1.mdf
File: md-frame-1.mdf 2012/04/08  v1.5: md-frame-1
)
\c@mdf@zref@counter=\count293
Package zref Info: New property: mdf@pagevalue on input line 782.
\mdf@horizontalspaceofbox=\skip110
)
\@indexfile=\write6
\openout6 = `para.idx'.


Writing index file para.idx
No file para.aux.
\openout1 = `para.aux'.

LaTeX Font Info:    Checking defaults for OML/cmm/m/it on input line 72.
LaTeX Font Info:    ... okay on input line 72.
LaTeX Font Info:    Checking defaults for T1/cmr/m/n on input line 72.
LaTeX Font Info:    ... okay on input line 72.
LaTeX Font Info:    Checking defaults for OT1/cmr/m/n on input line 72.
LaTeX Font Info:    ... okay on input line 72.
LaTeX Font Info:    Checking defaults for OMS/cmsy/m/n on input line 72.
LaTeX Font Info:    ... okay on input line 72.
LaTeX Font Info:    Checking defaults for OMX/cmex/m/n on input line 72.
LaTeX Font Info:    ... okay on input line 72.
LaTeX Font Info:    Checking defaults for U/cmr/m/n on input line 72.
LaTeX Font Info:    ... okay on input line 72.
LaTeX Font Info:    Checking defaults for PD1/pdf/m/n on input line 72.
LaTeX Font Info:    ... okay on input line 72.
LaTeX Font Info:    Try loading font information for T1+lmr on input line 72.
(/usr/local/texlive/2012/texmf-dist/tex/latex/lm/t1lmr.fd
File: t1lmr.fd 2009/10/30 v1.6 Font defs for Latin Modern
)
(/usr/local/texlive/2012/texmf-dist/tex/context/base/supp-pdf.mkii
[Loading MPS to PDF converter (version 2006.09.02).]
\scratchcounter=\count294
\scratchdimen=\dimen200
\scratchbox=\box54
\nofMPsegments=\count295
\nofMParguments=\count296
\everyMPshowfont=\toks40
\MPscratchCnt=\count297
\MPscratchDim=\dimen201
\MPnumerator=\count298
\makeMPintoPDFobject=\count299
\everyMPtoPDFconversion=\toks41
)
LaTeX Info: Redefining \microtypecontext on input line 72.
Package microtype Info: Generating PDF output.
Package microtype Info: Character protrusion enabled (level 2).
Package microtype Info: Using default protrusion set `alltext'.
Package microtype Info: Automatic font expansion enabled (level 2),
(microtype)             stretch: 20, shrink: 20, step: 1, non-selected.
Package microtype Info: Using default expansion set `basictext'.
Package microtype Info: No tracking.
Package microtype Info: No adjustment of interword spacing.
Package microtype Info: No adjustment of character kerning.
 (/usr/local/texlive/2012/texmf-dist/tex/latex/microtype/mt-cmr.cfg
File: mt-cmr.cfg 2009/11/09 v2.0 microtype config. file: Computer Modern Roman 
(RS)
)
(/usr/local/texlive/2012/texmf-dist/tex/latex/ucs/ucsencs.def
File: ucsencs.def 2011/01/21 Fixes to fontencodings LGR, T3
)
\AtBeginShipoutBox=\box55
Package hyperref Info: Link coloring ON on input line 72.

(/usr/local/texlive/2012/texmf-dist/tex/latex/hyperref/nameref.sty
Package: nameref 2010/04/30 v2.40 Cross-referencing by name of section

(/usr/local/texlive/2012/texmf-dist/tex/generic/oberdiek/gettitlestring.sty
Package: gettitlestring 2010/12/03 v1.4 Cleanup title references (HO)
)
\c@section@level=\count300
)
LaTeX Info: Redefining \ref on input line 72.
LaTeX Info: Redefining \pageref on input line 72.
LaTeX Info: Redefining \nameref on input line 72.

(./para.out) (./para.out)
\@outlinefile=\write7
\openout7 = `para.out'.


(/usr/local/texlive/2012/texmf-dist/tex/latex/oberdiek/epstopdf-base.sty
Package: epstopdf-base 2010/02/09 v2.5 Base part for package epstopdf

(/usr/local/texlive/2012/texmf-dist/tex/latex/oberdiek/grfext.sty
Package: grfext 2010/08/19 v1.1 Manage graphics extensions (HO)
)
Package grfext Info: Graphics extension search list:
(grfext)             [.png,.pdf,.jpg,.mps,.jpeg,.jbig2,.jb2,.PNG,.PDF,.JPG,.JPE
G,.JBIG2,.JB2,.eps]
(grfext)             \AppendGraphicsExtensions on input line 452.

(/usr/local/texlive/2012/texmf-dist/tex/latex/latexconfig/epstopdf-sys.cfg
File: epstopdf-sys.cfg 2010/07/13 v1.3 Configuration of (r)epstopdf for TeX Liv
e
))
ABD: EveryShipout initializing macros
LaTeX Font Info:    Try loading font information for OT1+lmr on input line 95.

(/usr/local/texlive/2012/texmf-dist/tex/latex/lm/ot1lmr.fd
File: ot1lmr.fd 2009/10/30 v1.6 Font defs for Latin Modern
)
LaTeX Font Info:    Try loading font information for OML+lmm on input line 95.

(/usr/local/texlive/2012/texmf-dist/tex/latex/lm/omllmm.fd
File: omllmm.fd 2009/10/30 v1.6 Font defs for Latin Modern
)
LaTeX Font Info:    Try loading font information for OMS+lmsy on input line 95.


(/usr/local/texlive/2012/texmf-dist/tex/latex/lm/omslmsy.fd
File: omslmsy.fd 2009/10/30 v1.6 Font defs for Latin Modern
)
LaTeX Font Info:    Try loading font information for OMX+lmex on input line 95.


(/usr/local/texlive/2012/texmf-dist/tex/latex/lm/omxlmex.fd
File: omxlmex.fd 2009/10/30 v1.6 Font defs for Latin Modern
)
LaTeX Font Info:    External font `lmex10' loaded for size
(Font)              <10> on input line 95.
LaTeX Font Info:    External font `lmex10' loaded for size
(Font)              <7> on input line 95.
LaTeX Font Info:    External font `lmex10' loaded for size
(Font)              <5> on input line 95.
LaTeX Font Info:    Try loading font information for U+msa on input line 95.

(/usr/local/texlive/2012/texmf-dist/tex/latex/amsfonts/umsa.fd
File: umsa.fd 2009/06/22 v3.00 AMS symbols A
)
(/usr/local/texlive/2012/texmf-dist/tex/latex/microtype/mt-msa.cfg
File: mt-msa.cfg 2006/02/04 v1.1 microtype config. file: AMS symbols (a) (RS)
)
LaTeX Font Info:    Try loading font information for U+msb on input line 95.

(/usr/local/texlive/2012/texmf-dist/tex/latex/amsfonts/umsb.fd
File: umsb.fd 2009/06/22 v3.00 AMS symbols B
)
(/usr/local/texlive/2012/texmf-dist/tex/latex/microtype/mt-msb.cfg
File: mt-msb.cfg 2005/06/01 v1.0 microtype config. file: AMS symbols (b) (RS)
)
LaTeX Font Info:    External font `lmex10' loaded for size
(Font)              <9> on input line 100.
LaTeX Font Info:    External font `lmex10' loaded for size
(Font)              <6> on input line 100.
LaTeX Font Info:    Try loading font information for OMS+lmr on input line 119.


(/usr/local/texlive/2012/texmf-dist/tex/latex/lm/omslmr.fd
File: omslmr.fd 2009/10/30 v1.6 Font defs for Latin Modern
)
LaTeX Font Info:    Font shape `OMS/lmr/m/n' in size <10> not available
(Font)              Font shape `OMS/lmsy/m/n' tried instead on input line 119.
 [1

{/usr/local/texlive/2012/texmf-var/fonts/map/pdftex/updmap/pdftex.map}]
\openout3 = `para.pyg'.

runsystem(pygmentize -l c++ -f latex -F tokenmerge      -P mathescape       -P 
"verboptions= ,fontsize=\fontsize {9pt}{9pt},baselinestretch=1.0,fontfamily=tt,
xleftmargin=7mm" -o para.out.pyg para.pyg)...executed.

 (./para.out.pyg
LaTeX Font Info:    Try loading font information for T1+lmtt on input line 1.

(/usr/local/texlive/2012/texmf-dist/tex/latex/lm/t1lmtt.fd
File: t1lmtt.fd 2009/10/30 v1.6 Font defs for Latin Modern
))
runsystem(rm para.out.pyg)...executed.

runsystem(rm para.pyg)...executed.

\openout3 = `para.pyg'.

runsystem(pygmentize -l c++ -f latex -F tokenmerge      -P mathescape       -P 
"verboptions= ,fontsize=\fontsize {9pt}{9pt},baselinestretch=1.0,fontfamily=tt,
xleftmargin=7mm" -o para.out.pyg para.pyg)...executed.

 (./para.out.pyg)
runsystem(rm para.out.pyg)...executed.

runsystem(rm para.pyg)...executed.


[2]
Overfull \hbox (12.95053pt too wide) in paragraph at lines 294--295
[]\T1/lmr/m/n/10 (-20) Conventional single-processor com-put-ers can be called 
SISD (single-instruction-
 []

[3] [4] [5]
\openout3 = `para.pyg'.

runsystem(pygmentize -l c++ -f latex -F tokenmerge      -P mathescape       -P 
"verboptions= ,fontsize=\fontsize {9pt}{9pt},baselinestretch=1.0,fontfamily=tt,
xleftmargin=7mm" -o para.out.pyg para.pyg)...executed.

 (./para.out.pyg)
runsystem(rm para.out.pyg)...executed.

runsystem(rm para.pyg)...executed.

 [6]
\openout3 = `para.pyg'.

runsystem(pygmentize -l c++ -f latex -F tokenmerge      -P mathescape       -P 
"verboptions= ,fontsize=\fontsize {9pt}{9pt},baselinestretch=1.0,fontfamily=tt,
xleftmargin=7mm" -o para.out.pyg para.pyg)...executed.

 (./para.out.pyg
LaTeX Font Info:    Font shape `T1/lmtt/bx/n' in size <9> not available
(Font)              Font shape `T1/lmtt/b/n' tried instead on input line 2.
)
runsystem(rm para.out.pyg)...executed.

runsystem(rm para.pyg)...executed.

LaTeX Font Info:    External font `lmex10' loaded for size
(Font)              <12> on input line 592.
LaTeX Font Info:    External font `lmex10' loaded for size
(Font)              <8> on input line 592.
\openout3 = `para.pyg'.

runsystem(pygmentize -l c++ -f latex -F tokenmerge      -P mathescape       -P 
"verboptions= ,fontsize=\fontsize {9pt}{9pt},baselinestretch=1.0,fontfamily=tt,
xleftmargin=7mm" -o para.out.pyg para.pyg)...executed.

 (./para.out.pyg [7])
runsystem(rm para.out.pyg)...executed.

runsystem(rm para.pyg)...executed.


Overfull \hbox (27.89017pt too wide) in paragraph at lines 624--625
\T1/lmr/m/n/10 (-20) con-tinue un-til all pro-cesses in the com-mu-ni-ca-tor (h
ere $\OML/lmm/m/it/10 MPI[]COMM[]WORLD$\T1/lmr/m/n/10 (-20) )
 []

\openout3 = `para.pyg'.

runsystem(pygmentize -l c++ -f latex -F tokenmerge      -P mathescape       -P 
"verboptions= ,fontsize=\fontsize {9pt}{9pt},baselinestretch=1.0,fontfamily=tt,
xleftmargin=7mm" -o para.out.pyg para.pyg)...executed.

(./para.out.pyg [8])
runsystem(rm para.out.pyg)...executed.

runsystem(rm para.pyg)...executed.

\openout3 = `para.pyg'.

runsystem(pygmentize -l c++ -f latex -F tokenmerge      -P mathescape       -P 
"verboptions= ,fontsize=\fontsize {9pt}{9pt},baselinestretch=1.0,fontfamily=tt,
xleftmargin=7mm" -o para.out.pyg para.pyg)...executed.

 (./para.out.pyg)
runsystem(rm para.out.pyg)...executed.

runsystem(rm para.pyg)...executed.

\openout3 = `para.pyg'.

runsystem(pygmentize -l c++ -f latex -F tokenmerge      -P mathescape       -P 
"verboptions= ,fontsize=\fontsize {9pt}{9pt},baselinestretch=1.0,fontfamily=tt,
xleftmargin=7mm" -o para.out.pyg para.pyg)...executed.

 (./para.out.pyg [9])
runsystem(rm para.out.pyg)...executed.

runsystem(rm para.pyg)...executed.

\openout3 = `para.pyg'.

runsystem(pygmentize -l c++ -f latex -F tokenmerge      -P mathescape       -P 
"verboptions= ,fontsize=\fontsize {9pt}{9pt},baselinestretch=1.0,fontfamily=tt,
xleftmargin=7mm" -o para.out.pyg para.pyg)...executed.

 (./para.out.pyg)
runsystem(rm para.out.pyg)...executed.

runsystem(rm para.pyg)...executed.

\openout3 = `para.pyg'.

runsystem(pygmentize -l c++ -f latex -F tokenmerge      -P mathescape       -P 
"verboptions= ,fontsize=\fontsize {9pt}{9pt},baselinestretch=1.0,fontfamily=tt,
xleftmargin=7mm" -o para.out.pyg para.pyg)...executed.


(./para.out.pyg)
runsystem(rm para.out.pyg)...executed.

runsystem(rm para.pyg)...executed.

\openout3 = `para.pyg'.

runsystem(pygmentize -l c++ -f latex -F tokenmerge      -P mathescape       -P 
"verboptions= ,fontsize=\fontsize {9pt}{9pt},baselinestretch=1.0,fontfamily=tt,
xleftmargin=7mm" -o para.out.pyg para.pyg)...executed.

 (./para.out.pyg [10])
runsystem(rm para.out.pyg)...executed.

runsystem(rm para.pyg)...executed.

\openout3 = `para.pyg'.

runsystem(pygmentize -l c++ -f latex -F tokenmerge      -P mathescape       -P 
"verboptions= ,fontsize=\fontsize {9pt}{9pt},baselinestretch=1.0,fontfamily=tt,
xleftmargin=7mm" -o para.out.pyg para.pyg)...executed.

 (./para.out.pyg)
runsystem(rm para.out.pyg)...executed.

runsystem(rm para.pyg)...executed.

\openout3 = `para.pyg'.

runsystem(pygmentize -l c++ -f latex -F tokenmerge      -P mathescape       -P 
"verboptions= ,fontsize=\fontsize {9pt}{9pt},baselinestretch=1.0,fontfamily=tt,
xleftmargin=7mm" -o para.out.pyg para.pyg)...executed.

 (./para.out.pyg)
runsystem(rm para.out.pyg)...executed.

runsystem(rm para.pyg)...executed.

\openout3 = `para.pyg'.

runsystem(pygmentize -l c++ -f latex -F tokenmerge      -P mathescape       -P 
"verboptions= ,fontsize=\fontsize {9pt}{9pt},baselinestretch=1.0,fontfamily=tt,
xleftmargin=7mm" -o para.out.pyg para.pyg)...executed.


(./para.out.pyg [11])
runsystem(rm para.out.pyg)...executed.

runsystem(rm para.pyg)...executed.

\openout3 = `para.pyg'.

runsystem(pygmentize -l c++ -f latex -F tokenmerge      -P mathescape       -P 
"verboptions= ,fontsize=\fontsize {9pt}{9pt},baselinestretch=1.0,fontfamily=tt,
xleftmargin=7mm" -o para.out.pyg para.pyg)...executed.

 (./para.out.pyg)
runsystem(rm para.out.pyg)...executed.

runsystem(rm para.pyg)...executed.

\openout3 = `para.pyg'.

runsystem(pygmentize -l c++ -f latex -F tokenmerge      -P mathescape       -P 
"verboptions= ,fontsize=\fontsize {9pt}{9pt},baselinestretch=1.0,fontfamily=tt,
xleftmargin=7mm" -o para.out.pyg para.pyg)...executed.

 (./para.out.pyg)
runsystem(rm para.out.pyg)...executed.

runsystem(rm para.pyg)...executed.

\openout3 = `para.pyg'.

runsystem(pygmentize -l c++ -f latex -F tokenmerge      -P mathescape       -P 
"verboptions= ,fontsize=\fontsize {9pt}{9pt},baselinestretch=1.0,fontfamily=tt,
xleftmargin=7mm" -o para.out.pyg para.pyg)...executed.

 (./para.out.pyg)
runsystem(rm para.out.pyg)...executed.

runsystem(rm para.pyg)...executed.

\openout3 = `para.pyg'.

runsystem(pygmentize -l c++ -f latex -F tokenmerge      -P mathescape       -P 
"verboptions= ,fontsize=\fontsize {9pt}{9pt},baselinestretch=1.0,fontfamily=tt,
xleftmargin=7mm" -o para.out.pyg para.pyg)...executed.


(./para.out.pyg)
runsystem(rm para.out.pyg)...executed.

runsystem(rm para.pyg)...executed.

\openout3 = `para.pyg'.

runsystem(pygmentize -l c++ -f latex -F tokenmerge      -P mathescape       -P 
"verboptions= ,fontsize=\fontsize {9pt}{9pt},baselinestretch=1.0,fontfamily=tt,
xleftmargin=7mm" -o para.out.pyg para.pyg)...executed.

 (./para.out.pyg)
runsystem(rm para.out.pyg)...executed.

runsystem(rm para.pyg)...executed.


Overfull \hbox (28.60814pt too wide) in paragraph at lines 975--979
\T1/lmr/m/n/10 (-20) creases your CPU ex-pen-di-ture. For mem-ory tests use "va
l-grind":"http:www.valgrind.org".
 []

[12]
\openout3 = `para.pyg'.

runsystem(pygmentize -l c++ -f latex -F tokenmerge      -P mathescape       -P 
"verboptions= ,fontsize=\fontsize {9pt}{9pt},baselinestretch=1.0,fontfamily=tt,
xleftmargin=7mm" -o para.out.pyg para.pyg)...executed.

 (./para.out.pyg)
runsystem(rm para.out.pyg)...executed.

runsystem(rm para.pyg)...executed.

\openout3 = `para.pyg'.

runsystem(pygmentize -l c++ -f latex -F tokenmerge      -P mathescape       -P 
"verboptions= ,fontsize=\fontsize {9pt}{9pt},baselinestretch=1.0,fontfamily=tt,
xleftmargin=7mm" -o para.out.pyg para.pyg)...executed.

 (./para.out.pyg)
runsystem(rm para.out.pyg)...executed.

runsystem(rm para.pyg)...executed.

\openout3 = `para.pyg'.

runsystem(pygmentize -l c++ -f latex -F tokenmerge      -P mathescape       -P 
"verboptions= ,fontsize=\fontsize {9pt}{9pt},baselinestretch=1.0,fontfamily=tt,
xleftmargin=7mm" -o para.out.pyg para.pyg)...executed.

 (./para.out.pyg)
runsystem(rm para.out.pyg)...executed.

runsystem(rm para.pyg)...executed.

\openout3 = `para.pyg'.

runsystem(pygmentize -l c++ -f latex -F tokenmerge      -P mathescape       -P 
"verboptions= ,fontsize=\fontsize {9pt}{9pt},baselinestretch=1.0,fontfamily=tt,
xleftmargin=7mm" -o para.out.pyg para.pyg)...executed.

 (./para.out.pyg
[13])
runsystem(rm para.out.pyg)...executed.

runsystem(rm para.pyg)...executed.


Overfull \hbox (14.22049pt too wide) in paragraph at lines 1072--1073
[]\T1/lmr/m/n/10 (-20) Remember to as-sign the en-vi-ron-ment vari-able \T1/lmr
/bx/n/10 OMP NUM THREADS 
 []

\openout3 = `para.pyg'.

runsystem(pygmentize -l c++ -f latex -F tokenmerge      -P mathescape       -P 
"verboptions= ,fontsize=\fontsize {9pt}{9pt},baselinestretch=1.0,fontfamily=tt,
xleftmargin=7mm" -o para.out.pyg para.pyg)...executed.

(./para.out.pyg)
runsystem(rm para.out.pyg)...executed.

runsystem(rm para.pyg)...executed.

\openout3 = `para.pyg'.

runsystem(pygmentize -l c++ -f latex -F tokenmerge      -P mathescape       -P 
"verboptions= ,fontsize=\fontsize {9pt}{9pt},baselinestretch=1.0,fontfamily=tt,
xleftmargin=7mm" -o para.out.pyg para.pyg)...executed.

 (./para.out.pyg)
runsystem(rm para.out.pyg)...executed.

runsystem(rm para.pyg)...executed.

 [14]
\openout3 = `para.pyg'.

runsystem(pygmentize -l c++ -f latex -F tokenmerge      -P mathescape       -P 
"verboptions= ,fontsize=\fontsize {9pt}{9pt},baselinestretch=1.0,fontfamily=tt,
xleftmargin=7mm" -o para.out.pyg para.pyg)...executed.

 (./para.out.pyg)
runsystem(rm para.out.pyg)...executed.

runsystem(rm para.pyg)...executed.

\openout3 = `para.pyg'.

runsystem(pygmentize -l c++ -f latex -F tokenmerge      -P mathescape       -P 
"verboptions= ,fontsize=\fontsize {9pt}{9pt},baselinestretch=1.0,fontfamily=tt,
xleftmargin=7mm" -o para.out.pyg para.pyg)...executed.

 (./para.out.pyg
[15])
runsystem(rm para.out.pyg)...executed.

runsystem(rm para.pyg)...executed.

\openout3 = `para.pyg'.

runsystem(pygmentize -l c++ -f latex -F tokenmerge      -P mathescape       -P 
"verboptions= ,fontsize=\fontsize {9pt}{9pt},baselinestretch=1.0,fontfamily=tt,
xleftmargin=7mm" -o para.out.pyg para.pyg)...executed.

 (./para.out.pyg)
runsystem(rm para.out.pyg)...executed.

runsystem(rm para.pyg)...executed.

 [16]
\openout3 = `para.pyg'.

runsystem(pygmentize -l c++ -f latex -F tokenmerge      -P mathescape       -P 
"verboptions= ,fontsize=\fontsize {9pt}{9pt},baselinestretch=1.0,fontfamily=tt,
xleftmargin=7mm" -o para.out.pyg para.pyg)...executed.

 (./para.out.pyg)
runsystem(rm para.out.pyg)...executed.

runsystem(rm para.pyg)...executed.

\openout3 = `para.pyg'.

runsystem(pygmentize -l c++ -f latex -F tokenmerge      -P mathescape       -P 
"verboptions= ,fontsize=\fontsize {9pt}{9pt},baselinestretch=1.0,fontfamily=tt,
xleftmargin=7mm" -o para.out.pyg para.pyg)...executed.

 (./para.out.pyg)
runsystem(rm para.out.pyg)...executed.

runsystem(rm para.pyg)...executed.

\openout3 = `para.pyg'.

runsystem(pygmentize -l c++ -f latex -F tokenmerge      -P mathescape       -P 
"verboptions= ,fontsize=\fontsize {9pt}{9pt},baselinestretch=1.0,fontfamily=tt,
xleftmargin=7mm" -o para.out.pyg para.pyg)...executed.

 (./para.out.pyg)
runsystem(rm para.out.pyg)...executed.

runsystem(rm para.pyg)...executed.

\openout3 = `para.pyg'.

runsystem(pygmentize -l c++ -f latex -F tokenmerge      -P mathescape       -P 
"verboptions= ,fontsize=\fontsize {9pt}{9pt},baselinestretch=1.0,fontfamily=tt,
xleftmargin=7mm" -o para.out.pyg para.pyg)...executed.


(./para.out.pyg)
runsystem(rm para.out.pyg)...executed.

runsystem(rm para.pyg)...executed.

\openout3 = `para.pyg'.

runsystem(pygmentize -l c++ -f latex -F tokenmerge      -P mathescape       -P 
"verboptions= ,fontsize=\fontsize {9pt}{9pt},baselinestretch=1.0,fontfamily=tt,
xleftmargin=7mm" -o para.out.pyg para.pyg)...executed.

 (./para.out.pyg [17])
runsystem(rm para.out.pyg)...executed.

runsystem(rm para.pyg)...executed.

\openout3 = `para.pyg'.

runsystem(pygmentize -l c++ -f latex -F tokenmerge      -P mathescape       -P 
"verboptions= ,fontsize=\fontsize {9pt}{9pt},baselinestretch=1.0,fontfamily=tt,
xleftmargin=7mm" -o para.out.pyg para.pyg)...executed.

 (./para.out.pyg)
runsystem(rm para.out.pyg)...executed.

runsystem(rm para.pyg)...executed.

\openout3 = `para.pyg'.

runsystem(pygmentize -l c++ -f latex -F tokenmerge      -P mathescape       -P 
"verboptions= ,fontsize=\fontsize {9pt}{9pt},baselinestretch=1.0,fontfamily=tt,
xleftmargin=7mm" -o para.out.pyg para.pyg)...executed.

 (./para.out.pyg)
runsystem(rm para.out.pyg)...executed.

runsystem(rm para.pyg)...executed.

\openout3 = `para.pyg'.

runsystem(pygmentize -l c++ -f latex -F tokenmerge      -P mathescape       -P 
"verboptions= ,fontsize=\fontsize {9pt}{9pt},baselinestretch=1.0,fontfamily=tt,
xleftmargin=7mm" -o para.out.pyg para.pyg)...executed.


(./para.out.pyg)
runsystem(rm para.out.pyg)...executed.

runsystem(rm para.pyg)...executed.

\openout3 = `para.pyg'.

runsystem(pygmentize -l c++ -f latex -F tokenmerge      -P mathescape       -P 
"verboptions= ,fontsize=\fontsize {9pt}{9pt},baselinestretch=1.0,fontfamily=tt,
xleftmargin=7mm" -o para.out.pyg para.pyg)...executed.

 (./para.out.pyg)
runsystem(rm para.out.pyg)...executed.

runsystem(rm para.pyg)...executed.

\openout3 = `para.pyg'.

runsystem(pygmentize -l c++ -f latex -F tokenmerge      -P mathescape       -P 
"verboptions= ,fontsize=\fontsize {9pt}{9pt},baselinestretch=1.0,fontfamily=tt,
xleftmargin=7mm" -o para.out.pyg para.pyg)...executed.

 (./para.out.pyg)
runsystem(rm para.out.pyg)...executed.

runsystem(rm para.pyg)...executed.

\openout3 = `para.pyg'.

runsystem(pygmentize -l c++ -f latex -F tokenmerge      -P mathescape       -P 
"verboptions= ,fontsize=\fontsize {9pt}{9pt},baselinestretch=1.0,fontfamily=tt,
xleftmargin=7mm" -o para.out.pyg para.pyg)...executed.

 (./para.out.pyg)
runsystem(rm para.out.pyg)...executed.

runsystem(rm para.pyg)...executed.

 [18]
\openout3 = `para.pyg'.

runsystem(pygmentize -l c++ -f latex -F tokenmerge      -P mathescape       -P 
"verboptions= ,fontsize=\fontsize {9pt}{9pt},baselinestretch=1.0,fontfamily=tt,
xleftmargin=7mm" -o para.out.pyg para.pyg)...executed.


(./para.out.pyg)
runsystem(rm para.out.pyg)...executed.

runsystem(rm para.pyg)...executed.

\openout3 = `para.pyg'.

runsystem(pygmentize -l c++ -f latex -F tokenmerge      -P mathescape       -P 
"verboptions= ,fontsize=\fontsize {9pt}{9pt},baselinestretch=1.0,fontfamily=tt,
xleftmargin=7mm" -o para.out.pyg para.pyg)...executed.

 (./para.out.pyg)
runsystem(rm para.out.pyg)...executed.

runsystem(rm para.pyg)...executed.

\openout3 = `para.pyg'.

runsystem(pygmentize -l c++ -f latex -F tokenmerge      -P mathescape       -P 
"verboptions= ,fontsize=\fontsize {9pt}{9pt},baselinestretch=1.0,fontfamily=tt,
xleftmargin=7mm" -o para.out.pyg para.pyg)...executed.

 (./para.out.pyg [19])
runsystem(rm para.out.pyg)...executed.

runsystem(rm para.pyg)...executed.

\openout3 = `para.pyg'.

runsystem(pygmentize -l c++ -f latex -F tokenmerge      -P mathescape       -P 
"verboptions= ,fontsize=\fontsize {9pt}{9pt},baselinestretch=1.0,fontfamily=tt,
xleftmargin=7mm" -o para.out.pyg para.pyg)...executed.

 (./para.out.pyg)
runsystem(rm para.out.pyg)...executed.

runsystem(rm para.pyg)...executed.

\openout3 = `para.pyg'.

runsystem(pygmentize -l c++ -f latex -F tokenmerge      -P mathescape       -P 
"verboptions= ,fontsize=\fontsize {9pt}{9pt},baselinestretch=1.0,fontfamily=tt,
xleftmargin=7mm" -o para.out.pyg para.pyg)...executed.


(./para.out.pyg)
runsystem(rm para.out.pyg)...executed.

runsystem(rm para.pyg)...executed.

\openout3 = `para.pyg'.

runsystem(pygmentize -l c++ -f latex -F tokenmerge      -P mathescape       -P 
"verboptions= ,fontsize=\fontsize {9pt}{9pt},baselinestretch=1.0,fontfamily=tt,
xleftmargin=7mm" -o para.out.pyg para.pyg)...executed.

 (./para.out.pyg)
runsystem(rm para.out.pyg)...executed.

runsystem(rm para.pyg)...executed.

\openout3 = `para.pyg'.

runsystem(pygmentize -l c++ -f latex -F tokenmerge      -P mathescape       -P 
"verboptions= ,fontsize=\fontsize {9pt}{9pt},baselinestretch=1.0,fontfamily=tt,
xleftmargin=7mm" -o para.out.pyg para.pyg)...executed.

 (./para.out.pyg [20])
runsystem(rm para.out.pyg)...executed.

runsystem(rm para.pyg)...executed.

\openout3 = `para.pyg'.

runsystem(pygmentize -l c++ -f latex -F tokenmerge      -P mathescape       -P 
"verboptions= ,fontsize=\fontsize {9pt}{9pt},baselinestretch=1.0,fontfamily=tt,
xleftmargin=7mm" -o para.out.pyg para.pyg)...executed.

 (./para.out.pyg)
runsystem(rm para.out.pyg)...executed.

runsystem(rm para.pyg)...executed.

\openout3 = `para.pyg'.

runsystem(pygmentize -l c++ -f latex -F tokenmerge      -P mathescape       -P 
"verboptions= ,fontsize=\fontsize {9pt}{9pt},baselinestretch=1.0,fontfamily=tt,
xleftmargin=7mm" -o para.out.pyg para.pyg)...executed.


(./para.out.pyg [21])
runsystem(rm para.out.pyg)...executed.

runsystem(rm para.pyg)...executed.

\openout3 = `para.pyg'.

runsystem(pygmentize -l c++ -f latex -F tokenmerge      -P mathescape       -P 
"verboptions= ,fontsize=\fontsize {9pt}{9pt},baselinestretch=1.0,fontfamily=tt,
xleftmargin=7mm" -o para.out.pyg para.pyg)...executed.

 (./para.out.pyg)
runsystem(rm para.out.pyg)...executed.

runsystem(rm para.pyg)...executed.


No file para.ind.
Package atveryend Info: Empty hook `BeforeClearDocument' on input line 1717.
[22]
Package atveryend Info: Empty hook `AfterLastShipout' on input line 1717.
 (./para.aux)
Package atveryend Info: Executing hook `AtVeryEndDocument' on input line 1717.


 *File List*
 article.cls    2007/10/19 v1.4h Standard LaTeX document class
  size10.clo    2007/10/19 v1.4h Standard LaTeX file (size option)
 relsize.sty    2011/09/21 ver 4.0
 makeidx.sty    2000/03/29 v1.0m Standard LaTeX package
   color.sty    1999/02/16
   color.cfg    2007/01/18 v1.5 color configuration of teTeX/TeXLive
  pdftex.def    2011/05/27 v0.06d Graphics/color for pdfTeX
infwarerr.sty    2010/04/08 v1.3 Providing info/warning/error messages (HO)
 ltxcmds.sty    2011/11/09 v1.22 LaTeX kernel commands for general use (HO)
setspace.sty    2011/12/19 v6.7a set line spacing
 amsmath.sty    2000/07/18 v2.13 AMS math features
 amstext.sty    2000/06/29 v2.01
  amsgen.sty    1999/11/30 v2.0
  amsbsy.sty    1999/11/29 v1.2d
  amsopn.sty    1999/12/14 v2.01 operator names
amsfonts.sty    2009/06/22 v3.00 Basic AMSFonts support
  xcolor.sty    2007/01/21 v2.11 LaTeX color extensions (UK)
   color.cfg    2007/01/18 v1.5 color configuration of teTeX/TeXLive
colortbl.sty    2012/02/13 v1.0a Color table columns (DPC)
   array.sty    2008/09/09 v2.4c Tabular extension package (FMi)
      bm.sty    2004/02/26 v1.1c Bold Symbol Support (DPC/FMi)
microtype.sty    2010/01/10 v2.4 Micro-typography with pdfTeX (RS)
  keyval.sty    1999/03/16 v1.13 key=value parser (DPC)
microtype.cfg    2010/01/10 v2.4 microtype main configuration file (RS)
fancyvrb.sty    2008/02/07
  minted.sty    2011/09/17 v1.7 Yet another Pygments shim for LaTeX
   float.sty    2001/11/08 v1.3d Float enhancements (AL)
  ifthen.sty    2001/05/26 v1.1c Standard LaTeX ifthen package (DPC)
    calc.sty    2007/08/22 v4.3 Infix arithmetic (KKT,FJ)
ifplatform.sty    2010/10/22 v0.4 Testing for the operating system
pdftexcmds.sty    2011/11/29 v0.20 Utility functions of pdfTeX for LuaTeX (HO)
ifluatex.sty    2010/03/01 v1.3 Provides the ifluatex switch (HO)
   ifpdf.sty    2011/01/30 v2.3 Provides the ifpdf switch (HO)
catchfile.sty    2011/03/01 v1.6 Catch the contents of a file (HO)
etexcmds.sty    2011/02/16 v1.5 Avoid name clashes with e-TeX commands (HO)
    para.w18
    para.pyg
 fontenc.sty
   t1enc.def    2005/09/27 v1.99g Standard LaTeX file
     ucs.sty    2004/10/17 UCS: Unicode input support
uni-global.def    2012/04/20 UCS: Unicode global data
inputenc.sty    2008/03/30 v1.1d Input encoding file
   utf8x.def    2004/10/17 UCS: Input encoding UTF-8
 lmodern.sty    2009/10/30 v1.6 Latin Modern Fonts
hyperref.sty    2012/05/13 v6.82q Hypertext links for LaTeX
hobsub-hyperref.sty    2012/05/28 v1.13 Bundle oberdiek, subset hyperref (HO)
hobsub-generic.sty    2012/05/28 v1.13 Bundle oberdiek, subset generic (HO)
  hobsub.sty    2012/05/28 v1.13 Construct package bundles (HO)
  ifvtex.sty    2010/03/01 v1.5 Detect VTeX and its facilities (HO)
 intcalc.sty    2007/09/27 v1.1 Expandable calculations with integers (HO)
kvsetkeys.sty    2012/04/25 v1.16 Key value parser (HO)
kvdefinekeys.sty    2011/04/07 v1.3 Define keys (HO)
pdfescape.sty    2011/11/25 v1.13 Implements pdfTeX's escape features (HO)
bigintcalc.sty    2012/04/08 v1.3 Expandable calculations on big integers (HO)
  bitset.sty    2011/01/30 v1.1 Handle bit-vector datatype (HO)
uniquecounter.sty    2011/01/30 v1.2 Provide unlimited unique counter (HO)
letltxmacro.sty    2010/09/02 v1.4 Let assignment for LaTeX macros (HO)
 hopatch.sty    2012/05/28 v1.2 Wrapper for package hooks (HO)
xcolor-patch.sty    2011/01/30 xcolor patch
atveryend.sty    2011/06/30 v1.8 Hooks at the very end of document (HO)
atbegshi.sty    2011/10/05 v1.16 At begin shipout hook (HO)
refcount.sty    2011/10/16 v3.4 Data extraction from label references (HO)
 hycolor.sty    2011/01/30 v1.7 Color options for hyperref/bookmark (HO)
 ifxetex.sty    2010/09/12 v0.6 Provides ifxetex conditional
kvoptions.sty    2011/06/30 v3.11 Key value format for package options (HO)
  pd1enc.def    2012/05/13 v6.82q Hyperref: PDFDocEncoding definition (HO)
hyperref.cfg    2002/06/06 v1.2 hyperref configuration of TeXLive
     url.sty    2006/04/12  ver 3.3  Verb mode for urls, etc.
 hpdftex.def    2012/05/13 v6.82q Hyperref driver for pdfTeX
rerunfilecheck.sty    2011/04/15 v1.7 Rerun checks for auxiliary files (HO)
mdframed.sty    2012/04/08 v1.5: mdframed
  xparse.sty    2012/04/23 v3570 L3 Experimental document command parser
   expl3.sty    2012/04/23 v3570 L3 Experimental code bundle wrapper
 l3names.sty    2012/03/04 v3494 L3 Experimental namespace for primitives
l3bootstrap.sty    2011/12/29 v3110 L3 Experimental bootstrap code
    etex.sty    1998/03/26 v2.0 eTeX basic definition package (PEB)
graphics.sty    2009/02/05 v1.0o Standard LaTeX Graphics (DPC,SPQR)
    trig.sty    1999/03/16 v1.09 sin cos tan (DPC)
graphics.cfg    2010/04/23 v1.9 graphics configuration of TeX Live
l3basics.sty    2012/03/04 v3491 L3 Experimental basic definitions
 l3expan.sty    2012/02/26 v3460 L3 Experimental argument expansion
    l3tl.sty    2012/03/04 v3490 L3 Experimental token lists
   l3seq.sty    2012/03/04 v3490 L3 Experimental sequences and stacks
   l3int.sty    2012/03/04 v3490 L3 Experimental integers
 l3quark.sty    2012/02/12 v3384 L3 Experimental quarks
   l3prg.sty    2012/03/04 v3490 L3 Experimental control structures
 l3clist.sty    2012/03/04 v3490 L3 Experimental comma separated lists
 l3token.sty    2012/03/04 v3491 L3 Experimental token manipulation
  l3prop.sty    2012/03/04 v3490 L3 Experimental property lists
   l3msg.sty    2012/04/23 v3568 L3 Experimental messages
  l3file.sty    2012/03/09 v3520 L3 Experimental file and I/O operations
  l3skip.sty    2012/03/05 v3499 L3 Experimental dimensions and skips
  l3keys.sty    2012/03/03 v3487 L3 Experimental key-value interfaces
    l3fp.sty    2012/03/04 v3490 L3 Experimental floating-point operations
   l3box.sty    2012/03/04 v3490 L3 Experimental boxes
l3coffins.sty    2012/03/03 v3482 L3 Experimental coffin code layer
 l3color.sty    2011/09/07 v2776 L3 Experimental colour support
l3luatex.sty    2012/02/09 v3355 L3 Experimental LuaTeX-specific functions
etoolbox.sty    2011/01/03 v2.1 e-TeX tools for LaTeX
zref-abspage.sty    2012/04/04 v2.24 Module abspage for zref (HO)
zref-base.sty    2012/04/04 v2.24 Module base for zref (HO)
 auxhook.sty    2011/03/04 v1.3 Hooks for auxiliary files (HO)
    tikz.sty    2010/10/13 v2.10 (rcs-revision 1.76)
     pgf.sty    2008/01/15 v2.10 (rcs-revision 1.12)
  pgfrcs.sty    2010/10/25 v2.10 (rcs-revision 1.24)
everyshi.sty    2001/05/15 v3.00 EveryShipout Package (MS)
  pgfrcs.code.tex
 pgfcore.sty    2010/04/11 v2.10 (rcs-revision 1.7)
graphicx.sty    1999/02/16 v1.0f Enhanced LaTeX Graphics (DPC,SPQR)
  pgfsys.sty    2010/06/30 v2.10 (rcs-revision 1.37)
  pgfsys.code.tex
pgfsyssoftpath.code.tex    2008/07/18  (rcs-revision 1.7)
pgfsysprotocol.code.tex    2006/10/16  (rcs-revision 1.4)
 pgfcore.code.tex
pgfcomp-version-0-65.sty    2007/07/03 v2.10 (rcs-revision 1.7)
pgfcomp-version-1-18.sty    2007/07/23 v2.10 (rcs-revision 1.1)
  pgffor.sty    2010/03/23 v2.10 (rcs-revision 1.18)
 pgfkeys.sty    
 pgfkeys.code.tex
  pgffor.code.tex
    tikz.code.tex
md-frame-1.mdf    2012/04/08  v1.5: md-frame-1
   t1lmr.fd    2009/10/30 v1.6 Font defs for Latin Modern
supp-pdf.mkii
  mt-cmr.cfg    2009/11/09 v2.0 microtype config. file: Computer Modern Roman (
RS)
 ucsencs.def    2011/01/21 Fixes to fontencodings LGR, T3
 nameref.sty    2010/04/30 v2.40 Cross-referencing by name of section
gettitlestring.sty    2010/12/03 v1.4 Cleanup title references (HO)
    para.out
    para.out
epstopdf-base.sty    2010/02/09 v2.5 Base part for package epstopdf
  grfext.sty    2010/08/19 v1.1 Manage graphics extensions (HO)
epstopdf-sys.cfg    2010/07/13 v1.3 Configuration of (r)epstopdf for TeX Live
  ot1lmr.fd    2009/10/30 v1.6 Font defs for Latin Modern
  omllmm.fd    2009/10/30 v1.6 Font defs for Latin Modern
 omslmsy.fd    2009/10/30 v1.6 Font defs for Latin Modern
 omxlmex.fd    2009/10/30 v1.6 Font defs for Latin Modern
    umsa.fd    2009/06/22 v3.00 AMS symbols A
  mt-msa.cfg    2006/02/04 v1.1 microtype config. file: AMS symbols (a) (RS)
    umsb.fd    2009/06/22 v3.00 AMS symbols B
  mt-msb.cfg    2005/06/01 v1.0 microtype config. file: AMS symbols (b) (RS)
  omslmr.fd    2009/10/30 v1.6 Font defs for Latin Modern
    para.out.pyg
  t1lmtt.fd    2009/10/30 v1.6 Font defs for Latin Modern
    para.out.pyg
    para.out.pyg
    para.out.pyg
    para.out.pyg
    para.out.pyg
    para.out.pyg
    para.out.pyg
    para.out.pyg
    para.out.pyg
    para.out.pyg
    para.out.pyg
    para.out.pyg
    para.out.pyg
    para.out.pyg
    para.out.pyg
    para.out.pyg
    para.out.pyg
    para.out.pyg
    para.out.pyg
    para.out.pyg
    para.out.pyg
    para.out.pyg
    para.out.pyg
    para.out.pyg
    para.out.pyg
    para.out.pyg
    para.out.pyg
    para.out.pyg
    para.out.pyg
    para.out.pyg
    para.out.pyg
    para.out.pyg
    para.out.pyg
    para.out.pyg
    para.out.pyg
    para.out.pyg
    para.out.pyg
    para.out.pyg
    para.out.pyg
    para.out.pyg
    para.out.pyg
    para.out.pyg
    para.out.pyg
    para.out.pyg
    para.out.pyg
    para.out.pyg
    para.out.pyg
    para.out.pyg
 ***********

Package atveryend Info: Executing hook `AtEndAfterFileList' on input line 1717.

Package rerunfilecheck Info: File `para.out' has not changed.
(rerunfilecheck)             Checksum: D41D8CD98F00B204E9800998ECF8427E;0.
Package atveryend Info: Empty hook `AtVeryVeryEnd' on input line 1717.
 ) 
Here is how much of TeX's memory you used:
 23048 strings out of 493488
 408200 string characters out of 3141326
 516746 words of memory out of 3000000
 25496 multiletter control sequences out of 15000+200000
 81571 words of font info for 136 fonts, out of 3000000 for 9000
 957 hyphenation exceptions out of 8191
 68i,7n,65p,919b,560s stack positions out of 5000i,500n,10000p,200000b,50000s
{/usr/local/texlive/2012/texmf-dist/fonts/enc/dvips/lm/lm-mathsy.enc}{/usr/lo
cal/texlive/2012/texmf-dist/fonts/enc/dvips/lm/lm-mathex.enc}{/usr/local/texliv
e/2012/texmf-dist/fonts/enc/dvips/lm/lm-mathit.enc}{/usr/local/texlive/2012/tex
mf-dist/fonts/enc/dvips/lm/lm-ec.enc}{/usr/local/texlive/2012/texmf-dist/fonts/
enc/dvips/lm/lm-rm.enc}</usr/local/texlive/2012/texmf-dist/fonts/type1/public/l
m/lmbx10.pfb></usr/local/texlive/2012/texmf-dist/fonts/type1/public/lm/lmbx12.p
fb></usr/local/texlive/2012/texmf-dist/fonts/type1/public/lm/lmex10.pfb></usr/l
ocal/texlive/2012/texmf-dist/fonts/type1/public/lm/lmmi10.pfb></usr/local/texli
ve/2012/texmf-dist/fonts/type1/public/lm/lmmi12.pfb></usr/local/texlive/2012/te
xmf-dist/fonts/type1/public/lm/lmmi7.pfb></usr/local/texlive/2012/texmf-dist/fo
nts/type1/public/lm/lmr10.pfb></usr/local/texlive/2012/texmf-dist/fonts/type1/p
ublic/lm/lmr6.pfb></usr/local/texlive/2012/texmf-dist/fonts/type1/public/lm/lmr
7.pfb></usr/local/texlive/2012/texmf-dist/fonts/type1/public/lm/lmr9.pfb></usr/
local/texlive/2012/texmf-dist/fonts/type1/public/lm/lmri10.pfb></usr/local/texl
ive/2012/texmf-dist/fonts/type1/public/lm/lmsy10.pfb></usr/local/texlive/2012/t
exmf-dist/fonts/type1/public/lm/lmsy7.pfb></usr/local/texlive/2012/texmf-dist/f
onts/type1/public/lm/lmtk10.pfb></usr/local/texlive/2012/texmf-dist/fonts/type1
/public/lm/lmtt9.pfb></usr/local/texlive/2012/texmf-dist/fonts/type1/public/lm/
lmtti10.pfb>
Output written on para.pdf (22 pages, 321936 bytes).
PDF statistics:
 331 PDF objects out of 1000 (max. 8388607)
 288 compressed objects within 3 object streams
 146 named destinations out of 1000 (max. 500000)
 27149 words of extra memory for PDF output out of 29859 (max. 10000000)

