Traceback (most recent call last):
  File "/Users/mhjensen/.local/share/virtualenvs/doc-a-kErR6F/lib/python3.9/site-packages/jupyter_cache/executors/utils.py", line 51, in single_nb_execution
    executenb(
  File "/Users/mhjensen/.local/share/virtualenvs/doc-a-kErR6F/lib/python3.9/site-packages/nbclient/client.py", line 1085, in execute
    return NotebookClient(nb=nb, resources=resources, km=km, **kwargs).execute()
  File "/Users/mhjensen/.local/share/virtualenvs/doc-a-kErR6F/lib/python3.9/site-packages/nbclient/util.py", line 84, in wrapped
    return just_run(coro(*args, **kwargs))
  File "/Users/mhjensen/.local/share/virtualenvs/doc-a-kErR6F/lib/python3.9/site-packages/nbclient/util.py", line 62, in just_run
    return loop.run_until_complete(coro)
  File "/opt/homebrew/Cellar/python@3.9/3.9.10/Frameworks/Python.framework/Versions/3.9/lib/python3.9/asyncio/base_events.py", line 642, in run_until_complete
    return future.result()
  File "/Users/mhjensen/.local/share/virtualenvs/doc-a-kErR6F/lib/python3.9/site-packages/nbclient/client.py", line 551, in async_execute
    await self.async_execute_cell(
  File "/Users/mhjensen/.local/share/virtualenvs/doc-a-kErR6F/lib/python3.9/site-packages/nbclient/client.py", line 846, in async_execute_cell
    self._check_raise_for_error(cell, exec_reply)
  File "/Users/mhjensen/.local/share/virtualenvs/doc-a-kErR6F/lib/python3.9/site-packages/nbclient/client.py", line 748, in _check_raise_for_error
    raise CellExecutionError.from_cell_and_msg(cell, exec_reply_content)
nbclient.exceptions.CellExecutionError: An error occurred while executing the following cell:
------------------
%matplotlib inline

# 2-electron VMC code for 2dim quantum dot with importance sampling
# Using gaussian rng for new positions and Metropolis- Hastings 
# Added restricted boltzmann machine method for dealing with the wavefunction
# RBM code based heavily off of:
# https://github.com/CompPhysics/ComputationalPhysics2/tree/gh-pages/doc/Programs/BoltzmannMachines/MLcpp/src/CppCode/ob
from math import exp, sqrt
from random import random, seed, normalvariate
import numpy as np
import matplotlib.pyplot as plt
from mpl_toolkits.mplot3d import Axes3D
from matplotlib import cm
from matplotlib.ticker import LinearLocator, FormatStrFormatter
import sys



# Trial wave function for the 2-electron quantum dot in two dims
def WaveFunction(r,a,b,w):
    sigma=1.0
    sig2 = sigma**2
    Psi1 = 0.0
    Psi2 = 1.0
    Q = Qfac(r,b,w)
    
    for iq in range(NumberParticles):
        for ix in range(Dimension):
            Psi1 += (r[iq,ix]-a[iq,ix])**2
            
    for ih in range(NumberHidden):
        Psi2 *= (1.0 + np.exp(Q[ih]))
        
    Psi1 = np.exp(-Psi1/(2*sig2))

    return Psi1*Psi2

# Local energy  for the 2-electron quantum dot in two dims, using analytical local energy
def LocalEnergy(r,a,b,w):
    sigma=1.0
    sig2 = sigma**2
    locenergy = 0.0
    
    Q = Qfac(r,b,w)

    for iq in range(NumberParticles):
        for ix in range(Dimension):
            sum1 = 0.0
            sum2 = 0.0
            for ih in range(NumberHidden):
                sum1 += w[iq,ix,ih]/(1+np.exp(-Q[ih]))
                sum2 += w[iq,ix,ih]**2 * np.exp(Q[ih]) / (1.0 + np.exp(Q[ih]))**2
    
            dlnpsi1 = -(r[iq,ix] - a[iq,ix]) /sig2 + sum1/sig2
            dlnpsi2 = -1/sig2 + sum2/sig2**2
            locenergy += 0.5*(-dlnpsi1*dlnpsi1 - dlnpsi2 + r[iq,ix]**2)
            
    if(interaction==True):
        for iq1 in range(NumberParticles):
            for iq2 in range(iq1):
                distance = 0.0
                for ix in range(Dimension):
                    distance += (r[iq1,ix] - r[iq2,ix])**2
                    
                locenergy += 1/sqrt(distance)
                
    return locenergy

# Derivate of wave function ansatz as function of variational parameters
def DerivativeWFansatz(r,a,b,w):
    
    sigma=1.0
    sig2 = sigma**2
    
    Q = Qfac(r,b,w)
    
    WfDer = np.empty((3,),dtype=object)
    WfDer = [np.copy(a),np.copy(b),np.copy(w)]
    
    WfDer[0] = (r-a)/sig2
    WfDer[1] = 1 / (1 + np.exp(-Q))
    
    for ih in range(NumberHidden):
        WfDer[2][:,:,ih] = w[:,:,ih] / (sig2*(1+np.exp(-Q[ih])))
            
    return  WfDer

# Setting up the quantum force for the two-electron quantum dot, recall that it is a vector
def QuantumForce(r,a,b,w):

    sigma=1.0
    sig2 = sigma**2
    
    qforce = np.zeros((NumberParticles,Dimension), np.double)
    sum1 = np.zeros((NumberParticles,Dimension), np.double)
    
    Q = Qfac(r,b,w)
    
    for ih in range(NumberHidden):
        sum1 += w[:,:,ih]/(1+np.exp(-Q[ih]))
    
    qforce = 2*(-(r-a)/sig2 + sum1/sig2)
    
    return qforce
    
def Qfac(r,b,w):
    Q = np.zeros((NumberHidden), np.double)
    temp = np.zeros((NumberHidden), np.double)
    
    for ih in range(NumberHidden):
        temp[ih] = (r*w[:,:,ih]).sum()
        
    Q = b + temp
    
    return Q
    
# Computing the derivative of the energy and the energy 
def EnergyMinimization(a,b,w):

    NumberMCcycles= 10000
    # Parameters in the Fokker-Planck simulation of the quantum force
    D = 0.5
    TimeStep = 0.05
    # positions
    PositionOld = np.zeros((NumberParticles,Dimension), np.double)
    PositionNew = np.zeros((NumberParticles,Dimension), np.double)
    # Quantum force
    QuantumForceOld = np.zeros((NumberParticles,Dimension), np.double)
    QuantumForceNew = np.zeros((NumberParticles,Dimension), np.double)

    # seed for rng generator 
    seed()
    energy = 0.0
    DeltaE = 0.0

    EnergyDer = np.empty((3,),dtype=object)
    DeltaPsi = np.empty((3,),dtype=object)
    DerivativePsiE = np.empty((3,),dtype=object)
    EnergyDer = [np.copy(a),np.copy(b),np.copy(w)]
    DeltaPsi = [np.copy(a),np.copy(b),np.copy(w)]
    DerivativePsiE = [np.copy(a),np.copy(b),np.copy(w)]
    for i in range(3): EnergyDer[i].fill(0.0)
    for i in range(3): DeltaPsi[i].fill(0.0)
    for i in range(3): DerivativePsiE[i].fill(0.0)

    
    #Initial position
    for i in range(NumberParticles):
        for j in range(Dimension):
            PositionOld[i,j] = normalvariate(0.0,1.0)*sqrt(TimeStep)
    wfold = WaveFunction(PositionOld,a,b,w)
    QuantumForceOld = QuantumForce(PositionOld,a,b,w)

    #Loop over MC MCcycles
    for MCcycle in range(NumberMCcycles):
        #Trial position moving one particle at the time
        for i in range(NumberParticles):
            for j in range(Dimension):
                PositionNew[i,j] = PositionOld[i,j]+normalvariate(0.0,1.0)*sqrt(TimeStep)+\
                                       QuantumForceOld[i,j]*TimeStep*D
            wfnew = WaveFunction(PositionNew,a,b,w)
            QuantumForceNew = QuantumForce(PositionNew,a,b,w)
            
            GreensFunction = 0.0
            for j in range(Dimension):
                GreensFunction += 0.5*(QuantumForceOld[i,j]+QuantumForceNew[i,j])*\
                                      (D*TimeStep*0.5*(QuantumForceOld[i,j]-QuantumForceNew[i,j])-\
                                      PositionNew[i,j]+PositionOld[i,j])
      
            GreensFunction = exp(GreensFunction)
            ProbabilityRatio = GreensFunction*wfnew**2/wfold**2
            #Metropolis-Hastings test to see whether we accept the move
            if random() <= ProbabilityRatio:
                for j in range(Dimension):
                    PositionOld[i,j] = PositionNew[i,j]
                    QuantumForceOld[i,j] = QuantumForceNew[i,j]
                wfold = wfnew
        #print("wf new:        ", wfnew)
        #print("force on 1 new:", QuantumForceNew[0,:])
        #print("pos of 1 new:  ", PositionNew[0,:])
        #print("force on 2 new:", QuantumForceNew[1,:])
        #print("pos of 2 new:  ", PositionNew[1,:])
        DeltaE = LocalEnergy(PositionOld,a,b,w)
        DerPsi = DerivativeWFansatz(PositionOld,a,b,w)
        
        DeltaPsi[0] += DerPsi[0]
        DeltaPsi[1] += DerPsi[1]
        DeltaPsi[2] += DerPsi[2]
        
        energy += DeltaE

        DerivativePsiE[0] += DerPsi[0]*DeltaE
        DerivativePsiE[1] += DerPsi[1]*DeltaE
        DerivativePsiE[2] += DerPsi[2]*DeltaE
            
    # We calculate mean values
    energy /= NumberMCcycles
    DerivativePsiE[0] /= NumberMCcycles
    DerivativePsiE[1] /= NumberMCcycles
    DerivativePsiE[2] /= NumberMCcycles
    DeltaPsi[0] /= NumberMCcycles
    DeltaPsi[1] /= NumberMCcycles
    DeltaPsi[2] /= NumberMCcycles
    EnergyDer[0]  = 2*(DerivativePsiE[0]-DeltaPsi[0]*energy)
    EnergyDer[1]  = 2*(DerivativePsiE[1]-DeltaPsi[1]*energy)
    EnergyDer[2]  = 2*(DerivativePsiE[2]-DeltaPsi[2]*energy)
    return energy, EnergyDer


#Here starts the main program with variable declarations
NumberParticles = 2
Dimension = 2
NumberHidden = 2

interaction=False

# guess for parameters
a=np.random.normal(loc=0.0, scale=0.001, size=(NumberParticles,Dimension))
b=np.random.normal(loc=0.0, scale=0.001, size=(NumberHidden))
w=np.random.normal(loc=0.0, scale=0.001, size=(NumberParticles,Dimension,NumberHidden))
# Set up iteration using stochastic gradient method
Energy = 0
EDerivative = np.empty((3,),dtype=object)
EDerivative = [np.copy(a),np.copy(b),np.copy(w)]
# Learning rate eta, max iterations, need to change to adaptive learning rate
eta = 0.001
MaxIterations = 50
iter = 0
np.seterr(invalid='raise')
Energies = np.zeros(MaxIterations)
EnergyDerivatives1 = np.zeros(MaxIterations)
EnergyDerivatives2 = np.zeros(MaxIterations)

while iter < MaxIterations:
    Energy, EDerivative = EnergyMinimization(a,b,w)
    agradient = EDerivative[0]
    bgradient = EDerivative[1]
    wgradient = EDerivative[2]
    a -= eta*agradient
    b -= eta*bgradient 
    w -= eta*wgradient 
    Energies[iter] = Energy
    print("Energy:",Energy)
    #EnergyDerivatives1[iter] = EDerivative[0] 
    #EnergyDerivatives2[iter] = EDerivative[1]
    #EnergyDerivatives3[iter] = EDerivative[2] 


    iter += 1

#nice printout with Pandas
import pandas as pd
from pandas import DataFrame
pd.set_option('max_columns', 6)
data ={'Energy':Energies}#,'A Derivative':EnergyDerivatives1,'B Derivative':EnergyDerivatives2,'Weights Derivative':EnergyDerivatives3}

frame = pd.DataFrame(data)
print(frame)
------------------

[0;31m---------------------------------------------------------------------------[0m
[0;31mModuleNotFoundError[0m                       Traceback (most recent call last)
Input [0;32mIn [1][0m, in [0;36m<module>[0;34m[0m
[0;32m----> 1[0m [43mget_ipython[49m[43m([49m[43m)[49m[38;5;241;43m.[39;49m[43mrun_line_magic[49m[43m([49m[38;5;124;43m'[39;49m[38;5;124;43mmatplotlib[39;49m[38;5;124;43m'[39;49m[43m,[49m[43m [49m[38;5;124;43m'[39;49m[38;5;124;43minline[39;49m[38;5;124;43m'[39;49m[43m)[49m
[1;32m      3[0m [38;5;66;03m# 2-electron VMC code for 2dim quantum dot with importance sampling[39;00m
[1;32m      4[0m [38;5;66;03m# Using gaussian rng for new positions and Metropolis- Hastings [39;00m
[1;32m      5[0m [38;5;66;03m# Added restricted boltzmann machine method for dealing with the wavefunction[39;00m
[1;32m      6[0m [38;5;66;03m# RBM code based heavily off of:[39;00m
[1;32m      7[0m [38;5;66;03m# https://github.com/CompPhysics/ComputationalPhysics2/tree/gh-pages/doc/Programs/BoltzmannMachines/MLcpp/src/CppCode/ob[39;00m
[1;32m      8[0m [38;5;28;01mfrom[39;00m [38;5;21;01mmath[39;00m [38;5;28;01mimport[39;00m exp, sqrt

File [0;32m~/.local/share/virtualenvs/doc-a-kErR6F/lib/python3.9/site-packages/IPython/core/interactiveshell.py:2204[0m, in [0;36mInteractiveShell.run_line_magic[0;34m(self, magic_name, line, _stack_depth)[0m
[1;32m   2202[0m     kwargs[[38;5;124m'[39m[38;5;124mlocal_ns[39m[38;5;124m'[39m] [38;5;241m=[39m [38;5;28mself[39m[38;5;241m.[39mget_local_scope(stack_depth)
[1;32m   2203[0m [38;5;28;01mwith[39;00m [38;5;28mself[39m[38;5;241m.[39mbuiltin_trap:
[0;32m-> 2204[0m     result [38;5;241m=[39m [43mfn[49m[43m([49m[38;5;241;43m*[39;49m[43margs[49m[43m,[49m[43m [49m[38;5;241;43m*[39;49m[38;5;241;43m*[39;49m[43mkwargs[49m[43m)[49m
[1;32m   2205[0m [38;5;28;01mreturn[39;00m result

File [0;32m~/.local/share/virtualenvs/doc-a-kErR6F/lib/python3.9/site-packages/IPython/core/magics/pylab.py:99[0m, in [0;36mPylabMagics.matplotlib[0;34m(self, line)[0m
[1;32m     97[0m     [38;5;28mprint[39m([38;5;124m"[39m[38;5;124mAvailable matplotlib backends: [39m[38;5;132;01m%s[39;00m[38;5;124m"[39m [38;5;241m%[39m backends_list)
[1;32m     98[0m [38;5;28;01melse[39;00m:
[0;32m---> 99[0m     gui, backend [38;5;241m=[39m [38;5;28;43mself[39;49m[38;5;241;43m.[39;49m[43mshell[49m[38;5;241;43m.[39;49m[43menable_matplotlib[49m[43m([49m[43margs[49m[38;5;241;43m.[39;49m[43mgui[49m[38;5;241;43m.[39;49m[43mlower[49m[43m([49m[43m)[49m[43m [49m[38;5;28;43;01mif[39;49;00m[43m [49m[38;5;28;43misinstance[39;49m[43m([49m[43margs[49m[38;5;241;43m.[39;49m[43mgui[49m[43m,[49m[43m [49m[38;5;28;43mstr[39;49m[43m)[49m[43m [49m[38;5;28;43;01melse[39;49;00m[43m [49m[43margs[49m[38;5;241;43m.[39;49m[43mgui[49m[43m)[49m
[1;32m    100[0m     [38;5;28mself[39m[38;5;241m.[39m_show_matplotlib_backend(args[38;5;241m.[39mgui, backend)

File [0;32m~/.local/share/virtualenvs/doc-a-kErR6F/lib/python3.9/site-packages/IPython/core/interactiveshell.py:3327[0m, in [0;36mInteractiveShell.enable_matplotlib[0;34m(self, gui)[0m
[1;32m   3306[0m [38;5;124;03m"""Enable interactive matplotlib and inline figure support.[39;00m
[1;32m   3307[0m 
[1;32m   3308[0m [38;5;124;03mThis takes the following steps:[39;00m
[0;32m   (...)[0m
[1;32m   3324[0m [38;5;124;03m    display figures inline.[39;00m
[1;32m   3325[0m [38;5;124;03m"""[39;00m
[1;32m   3326[0m [38;5;28;01mfrom[39;00m [38;5;21;01mIPython[39;00m[38;5;21;01m.[39;00m[38;5;21;01mcore[39;00m [38;5;28;01mimport[39;00m pylabtools [38;5;28;01mas[39;00m pt
[0;32m-> 3327[0m [38;5;28;01mfrom[39;00m [38;5;21;01mmatplotlib_inline[39;00m[38;5;21;01m.[39;00m[38;5;21;01mbackend_inline[39;00m [38;5;28;01mimport[39;00m configure_inline_support
[1;32m   3328[0m gui, backend [38;5;241m=[39m pt[38;5;241m.[39mfind_gui_and_backend(gui, [38;5;28mself[39m[38;5;241m.[39mpylab_gui_select)
[1;32m   3330[0m [38;5;28;01mif[39;00m gui [38;5;241m!=[39m [38;5;124m'[39m[38;5;124minline[39m[38;5;124m'[39m:
[1;32m   3331[0m     [38;5;66;03m# If we have our first gui selection, store it[39;00m

File [0;32m~/.local/share/virtualenvs/doc-a-kErR6F/lib/python3.9/site-packages/matplotlib_inline/backend_inline.py:6[0m, in [0;36m<module>[0;34m[0m
[1;32m      1[0m [38;5;124;03m"""A matplotlib backend for publishing figures via display_data"""[39;00m
[1;32m      3[0m [38;5;66;03m# Copyright (c) IPython Development Team.[39;00m
[1;32m      4[0m [38;5;66;03m# Distributed under the terms of the BSD 3-Clause License.[39;00m
[0;32m----> 6[0m [38;5;28;01mimport[39;00m [38;5;21;01mmatplotlib[39;00m
[1;32m      7[0m [38;5;28;01mfrom[39;00m [38;5;21;01mmatplotlib[39;00m[38;5;21;01m.[39;00m[38;5;21;01mbackends[39;00m[38;5;21;01m.[39;00m[38;5;21;01mbackend_agg[39;00m [38;5;28;01mimport[39;00m (  [38;5;66;03m# noqa[39;00m
[1;32m      8[0m     new_figure_manager,
[1;32m      9[0m     FigureCanvasAgg,
[1;32m     10[0m     new_figure_manager_given_figure,
[1;32m     11[0m )
[1;32m     12[0m [38;5;28;01mfrom[39;00m [38;5;21;01mmatplotlib[39;00m [38;5;28;01mimport[39;00m colors

[0;31mModuleNotFoundError[0m: No module named 'matplotlib'
ModuleNotFoundError: No module named 'matplotlib'

