Traceback (most recent call last):
  File "/Users/mhjensen/.local/share/virtualenvs/doc-a-kErR6F/lib/python3.9/site-packages/jupyter_cache/executors/utils.py", line 51, in single_nb_execution
    executenb(
  File "/Users/mhjensen/.local/share/virtualenvs/doc-a-kErR6F/lib/python3.9/site-packages/nbclient/client.py", line 1085, in execute
    return NotebookClient(nb=nb, resources=resources, km=km, **kwargs).execute()
  File "/Users/mhjensen/.local/share/virtualenvs/doc-a-kErR6F/lib/python3.9/site-packages/nbclient/util.py", line 84, in wrapped
    return just_run(coro(*args, **kwargs))
  File "/Users/mhjensen/.local/share/virtualenvs/doc-a-kErR6F/lib/python3.9/site-packages/nbclient/util.py", line 62, in just_run
    return loop.run_until_complete(coro)
  File "/opt/homebrew/Cellar/python@3.9/3.9.10/Frameworks/Python.framework/Versions/3.9/lib/python3.9/asyncio/base_events.py", line 642, in run_until_complete
    return future.result()
  File "/Users/mhjensen/.local/share/virtualenvs/doc-a-kErR6F/lib/python3.9/site-packages/nbclient/client.py", line 551, in async_execute
    await self.async_execute_cell(
  File "/Users/mhjensen/.local/share/virtualenvs/doc-a-kErR6F/lib/python3.9/site-packages/nbclient/client.py", line 846, in async_execute_cell
    self._check_raise_for_error(cell, exec_reply)
  File "/Users/mhjensen/.local/share/virtualenvs/doc-a-kErR6F/lib/python3.9/site-packages/nbclient/client.py", line 748, in _check_raise_for_error
    raise CellExecutionError.from_cell_and_msg(cell, exec_reply_content)
nbclient.exceptions.CellExecutionError: An error occurred while executing the following cell:
------------------
import numpy as np 
from decimal import Decimal
# expectation value for the one body part, Harmonic oscillator in three dimensions
def onebody(i, n, l):
        homega = 10.0
        return homega*(2*n[i] + l[i] + 1.5)

if __name__ == '__main__':
        
    Nparticles = 16
    """ Read quantum numbers from file """
    index = []
    n = []
    l = []
    j = []
    mj = []
    tz = []
    spOrbitals = 0
    with open("nucleispnumbers.dat", "r") as qnumfile:
                for line in qnumfile:
                        nums = line.split()
                        if len(nums) != 0:
                                index.append(int(nums[0]))
                                n.append(int(nums[1]))
                                l.append(int(nums[2]))
                                j.append(int(nums[3]))
                                mj.append(int(nums[4]))
                                tz.append(int(nums[5]))
                                spOrbitals += 1


    """ Read two-nucleon interaction elements (integrals) from file, brute force 4-dim array """
    nninteraction = np.zeros([spOrbitals, spOrbitals, spOrbitals, spOrbitals])
    with open("nucleitwobody.dat", "r") as infile:
        for line in infile:
                number = line.split()
                a = int(number[0]) - 1
                b = int(number[1]) - 1
                c = int(number[2]) - 1
                d = int(number[3]) - 1
                nninteraction[a][b][c][d] = Decimal(number[4])
        """ Set up single-particle integral """
        singleparticleH = np.zeros(spOrbitals)
        for i in range(spOrbitals):
                singleparticleH[i] = Decimal(onebody(i, n, l))
        
        """ Star HF-iterations, preparing variables and density matrix """

        """ Coefficients for setting up density matrix, assuming only one along the diagonals """
        C = np.eye(spOrbitals) # HF coefficients
        DensityMatrix = np.zeros([spOrbitals,spOrbitals])
        for gamma in range(spOrbitals):
            for delta in range(spOrbitals):
                sum = 0.0
                for i in range(Nparticles):
                    sum += C[gamma][i]*C[delta][i]
                DensityMatrix[gamma][delta] = Decimal(sum)
        maxHFiter = 100
        epsilon =  1.0e-5 
        difference = 1.0
        hf_count = 0
        oldenergies = np.zeros(spOrbitals)
        newenergies = np.zeros(spOrbitals)
        while hf_count < maxHFiter and difference > epsilon:
                print("############### Iteration %i ###############" % hf_count)
                HFmatrix = np.zeros([spOrbitals,spOrbitals])            
                for alpha in range(spOrbitals):
                        for beta in range(spOrbitals):
                            """  If tests for three-dimensional systems, including isospin conservation """
                            if l[alpha] != l[beta] and j[alpha] != j[beta] and mj[alpha] != mj[beta] and tz[alpha] != tz[beta]: continue
                            """  Setting up the Fock matrix using the density matrix and antisymmetrized NN interaction in m-scheme """
                            sumFockTerm = 0.0
                            for gamma in range(spOrbitals):
                                for delta in range(spOrbitals):
                                    if (mj[alpha]+mj[gamma]) != (mj[beta]+mj[delta]) and (tz[alpha]+tz[gamma]) != (tz[beta]+tz[delta]): continue
                                    sumFockTerm += DensityMatrix[gamma][delta]*nninteraction[alpha][gamma][beta][delta]
                            HFmatrix[alpha][beta] = Decimal(sumFockTerm)
                            """  Adding the one-body term, here plain harmonic oscillator """
                            if beta == alpha:   HFmatrix[alpha][alpha] += singleparticleH[alpha]
                spenergies, C = np.linalg.eigh(HFmatrix)
                """ Setting up new density matrix in m-scheme """
                DensityMatrix = np.zeros([spOrbitals,spOrbitals])
                for gamma in range(spOrbitals):
                    for delta in range(spOrbitals):
                        sum = 0.0
                        for i in range(Nparticles):
                            sum += C[gamma][i]*C[delta][i]
                        DensityMatrix[gamma][delta] = Decimal(sum)
                newenergies = spenergies
                """ Brute force computation of difference between previous and new sp HF energies """
                sum =0.0
                for i in range(spOrbitals):
                    sum += (abs(newenergies[i]-oldenergies[i]))/spOrbitals
                difference = sum
                oldenergies = newenergies
                print ("Single-particle energies, ordering may have changed ")
                for i in range(spOrbitals):
                    print('{0:4d}  {1:.4f}'.format(i, Decimal(oldenergies[i])))
                hf_count += 1
------------------

[0;31m---------------------------------------------------------------------------[0m
[0;31mModuleNotFoundError[0m                       Traceback (most recent call last)
Input [0;32mIn [1][0m, in [0;36m<module>[0;34m[0m
[0;32m----> 1[0m [38;5;28;01mimport[39;00m [38;5;21;01mnumpy[39;00m [38;5;28;01mas[39;00m [38;5;21;01mnp[39;00m 
[1;32m      2[0m [38;5;28;01mfrom[39;00m [38;5;21;01mdecimal[39;00m [38;5;28;01mimport[39;00m Decimal
[1;32m      3[0m [38;5;66;03m# expectation value for the one body part, Harmonic oscillator in three dimensions[39;00m

[0;31mModuleNotFoundError[0m: No module named 'numpy'
ModuleNotFoundError: No module named 'numpy'

