This is pdfTeX, Version 3.14159265-2.6-1.40.16 (TeX Live 2015) (preloaded format=pdflatex 2015.5.24)  10 MAY 2016 08:19
entering extended mode
 \write18 enabled.
 %&-line parsing enabled.
**para
(./para.tex
LaTeX2e <2015/01/01>
Babel <3.9l> and hyphenation patterns for 79 languages loaded.
(/usr/local/texlive/2015/texmf-dist/tex/latex/base/article.cls
Document Class: article 2014/09/29 v1.4h Standard LaTeX document class
(/usr/local/texlive/2015/texmf-dist/tex/latex/base/size10.clo
File: size10.clo 2014/09/29 v1.4h Standard LaTeX file (size option)
)
\c@part=\count79
\c@section=\count80
\c@subsection=\count81
\c@subsubsection=\count82
\c@paragraph=\count83
\c@subparagraph=\count84
\c@figure=\count85
\c@table=\count86
\abovecaptionskip=\skip41
\belowcaptionskip=\skip42
\bibindent=\dimen102
)
(/usr/local/texlive/2015/texmf-dist/tex/latex/relsize/relsize.sty
Package: relsize 2013/03/29 ver 4.1
)
(/usr/local/texlive/2015/texmf-dist/tex/latex/base/makeidx.sty
Package: makeidx 2014/09/29 v1.0m Standard LaTeX package
)
(/usr/local/texlive/2015/texmf-dist/tex/latex/graphics/color.sty
Package: color 2014/10/28 v1.1a Standard LaTeX Color (DPC)

(/usr/local/texlive/2015/texmf-dist/tex/latex/latexconfig/color.cfg
File: color.cfg 2007/01/18 v1.5 color configuration of teTeX/TeXLive
)
Package color Info: Driver file: pdftex.def on input line 142.

(/usr/local/texlive/2015/texmf-dist/tex/latex/pdftex-def/pdftex.def
File: pdftex.def 2011/05/27 v0.06d Graphics/color for pdfTeX

(/usr/local/texlive/2015/texmf-dist/tex/generic/oberdiek/infwarerr.sty
Package: infwarerr 2010/04/08 v1.3 Providing info/warning/error messages (HO)
)
(/usr/local/texlive/2015/texmf-dist/tex/generic/oberdiek/ltxcmds.sty
Package: ltxcmds 2011/11/09 v1.22 LaTeX kernel commands for general use (HO)
)
\Gread@gobject=\count87
))
(/usr/local/texlive/2015/texmf-dist/tex/latex/setspace/setspace.sty
Package: setspace 2011/12/19 v6.7a set line spacing
)
(/usr/local/texlive/2015/texmf-dist/tex/latex/amsmath/amsmath.sty
Package: amsmath 2013/01/14 v2.14 AMS math features
\@mathmargin=\skip43

For additional information on amsmath, use the `?' option.
(/usr/local/texlive/2015/texmf-dist/tex/latex/amsmath/amstext.sty
Package: amstext 2000/06/29 v2.01

(/usr/local/texlive/2015/texmf-dist/tex/latex/amsmath/amsgen.sty
File: amsgen.sty 1999/11/30 v2.0
\@emptytoks=\toks14
\ex@=\dimen103
))
(/usr/local/texlive/2015/texmf-dist/tex/latex/amsmath/amsbsy.sty
Package: amsbsy 1999/11/29 v1.2d
\pmbraise@=\dimen104
)
(/usr/local/texlive/2015/texmf-dist/tex/latex/amsmath/amsopn.sty
Package: amsopn 1999/12/14 v2.01 operator names
)
\inf@bad=\count88
LaTeX Info: Redefining \frac on input line 210.
\uproot@=\count89
\leftroot@=\count90
LaTeX Info: Redefining \overline on input line 306.
\classnum@=\count91
\DOTSCASE@=\count92
LaTeX Info: Redefining \ldots on input line 378.
LaTeX Info: Redefining \dots on input line 381.
LaTeX Info: Redefining \cdots on input line 466.
\Mathstrutbox@=\box26
\strutbox@=\box27
\big@size=\dimen105
LaTeX Font Info:    Redeclaring font encoding OML on input line 566.
LaTeX Font Info:    Redeclaring font encoding OMS on input line 567.
\macc@depth=\count93
\c@MaxMatrixCols=\count94
\dotsspace@=\muskip10
\c@parentequation=\count95
\dspbrk@lvl=\count96
\tag@help=\toks15
\row@=\count97
\column@=\count98
\maxfields@=\count99
\andhelp@=\toks16
\eqnshift@=\dimen106
\alignsep@=\dimen107
\tagshift@=\dimen108
\tagwidth@=\dimen109
\totwidth@=\dimen110
\lineht@=\dimen111
\@envbody=\toks17
\multlinegap=\skip44
\multlinetaggap=\skip45
\mathdisplay@stack=\toks18
LaTeX Info: Redefining \[ on input line 2665.
LaTeX Info: Redefining \] on input line 2666.
)
(/usr/local/texlive/2015/texmf-dist/tex/latex/amsfonts/amsfonts.sty
Package: amsfonts 2013/01/14 v3.01 Basic AMSFonts support
\symAMSa=\mathgroup4
\symAMSb=\mathgroup5
LaTeX Font Info:    Overwriting math alphabet `\mathfrak' in version `bold'
(Font)                  U/euf/m/n --> U/euf/b/n on input line 106.
)
(/usr/local/texlive/2015/texmf-dist/tex/latex/amsfonts/amssymb.sty
Package: amssymb 2013/01/14 v3.01 AMS font symbols
)
(/usr/local/texlive/2015/texmf-dist/tex/latex/xcolor/xcolor.sty
Package: xcolor 2007/01/21 v2.11 LaTeX color extensions (UK)

(/usr/local/texlive/2015/texmf-dist/tex/latex/latexconfig/color.cfg
File: color.cfg 2007/01/18 v1.5 color configuration of teTeX/TeXLive
)
Package xcolor Info: Driver file: pdftex.def on input line 225.

(/usr/local/texlive/2015/texmf-dist/tex/latex/colortbl/colortbl.sty
Package: colortbl 2012/02/13 v1.0a Color table columns (DPC)

(/usr/local/texlive/2015/texmf-dist/tex/latex/tools/array.sty
Package: array 2014/10/28 v2.4c Tabular extension package (FMi)
\col@sep=\dimen112
\extrarowheight=\dimen113
\NC@list=\toks19
\extratabsurround=\skip46
\backup@length=\skip47
)
\everycr=\toks20
\minrowclearance=\skip48
)
LaTeX Info: Redefining \color on input line 702.
\rownum=\count100
Package xcolor Info: Model `cmy' substituted by `cmy0' on input line 1337.
Package xcolor Info: Model `hsb' substituted by `rgb' on input line 1341.
Package xcolor Info: Model `RGB' extended on input line 1353.
Package xcolor Info: Model `HTML' substituted by `rgb' on input line 1355.
Package xcolor Info: Model `Hsb' substituted by `hsb' on input line 1356.
Package xcolor Info: Model `tHsb' substituted by `hsb' on input line 1357.
Package xcolor Info: Model `HSB' substituted by `hsb' on input line 1358.
Package xcolor Info: Model `Gray' substituted by `gray' on input line 1359.
Package xcolor Info: Model `wave' substituted by `hsb' on input line 1360.
)
(/usr/local/texlive/2015/texmf-dist/tex/latex/tools/bm.sty
Package: bm 2014/10/28 v1.1c Bold Symbol Support (DPC/FMi)
\symboldoperators=\mathgroup6
\symboldletters=\mathgroup7
\symboldsymbols=\mathgroup8
LaTeX Font Info:    Redeclaring math alphabet \mathbf on input line 141.
LaTeX Info: Redefining \bm on input line 207.
)
(/usr/local/texlive/2015/texmf-dist/tex/latex/ltablex/ltablex.sty
Package: ltablex 2014/08/13 v1.1 Modified tabularx

(/usr/local/texlive/2015/texmf-dist/tex/latex/tools/longtable.sty
Package: longtable 2014/10/28 v4.11 Multi-page Table package (DPC)
\LTleft=\skip49
\LTright=\skip50
\LTpre=\skip51
\LTpost=\skip52
\LTchunksize=\count101
\LTcapwidth=\dimen114
\LT@head=\box28
\LT@firsthead=\box29
\LT@foot=\box30
\LT@lastfoot=\box31
\LT@cols=\count102
\LT@rows=\count103
\c@LT@tables=\count104
\c@LT@chunks=\count105
\LT@p@ftn=\toks21
)
(/usr/local/texlive/2015/texmf-dist/tex/latex/tools/tabularx.sty
Package: tabularx 2014/10/28 v2.10 `tabularx' package (DPC)
\TX@col@width=\dimen115
\TX@old@table=\dimen116
\TX@old@col=\dimen117
\TX@target=\dimen118
\TX@delta=\dimen119
\TX@cols=\count106
\TX@ftn=\toks22
))
(/usr/local/texlive/2015/texmf-dist/tex/latex/microtype/microtype.sty
Package: microtype 2013/05/23 v2.5a Micro-typographical refinements (RS)

(/usr/local/texlive/2015/texmf-dist/tex/latex/graphics/keyval.sty
Package: keyval 2014/10/28 v1.15 key=value parser (DPC)
\KV@toks@=\toks23
)
\MT@toks=\toks24
\MT@count=\count107
LaTeX Info: Redefining \textls on input line 766.
\MT@outer@kern=\dimen120
LaTeX Info: Redefining \textmicrotypecontext on input line 1285.
\MT@listname@count=\count108

(/usr/local/texlive/2015/texmf-dist/tex/latex/microtype/microtype-pdftex.def
File: microtype-pdftex.def 2013/05/23 v2.5a Definitions specific to pdftex (RS)

LaTeX Info: Redefining \lsstyle on input line 915.
LaTeX Info: Redefining \lslig on input line 915.
\MT@outer@space=\skip53
)
Package microtype Info: Loading configuration file microtype.cfg.

(/usr/local/texlive/2015/texmf-dist/tex/latex/microtype/microtype.cfg
File: microtype.cfg 2013/05/23 v2.5a microtype main configuration file (RS)
))
(/usr/local/texlive/2015/texmf-dist/tex/latex/graphics/graphicx.sty
Package: graphicx 2014/10/28 v1.0g Enhanced LaTeX Graphics (DPC,SPQR)

(/usr/local/texlive/2015/texmf-dist/tex/latex/graphics/graphics.sty
Package: graphics 2014/10/28 v1.0p Standard LaTeX Graphics (DPC,SPQR)

(/usr/local/texlive/2015/texmf-dist/tex/latex/graphics/trig.sty
Package: trig 1999/03/16 v1.09 sin cos tan (DPC)
)
(/usr/local/texlive/2015/texmf-dist/tex/latex/latexconfig/graphics.cfg
File: graphics.cfg 2010/04/23 v1.9 graphics configuration of TeX Live
)
Package graphics Info: Driver file: pdftex.def on input line 94.
)
\Gin@req@height=\dimen121
\Gin@req@width=\dimen122
)
(/usr/local/texlive/2015/texmf-dist/tex/latex/fancyvrb/fancyvrb.sty
Package: fancyvrb 2008/02/07

Style option: `fancyvrb' v2.7a, with DG/SPQR fixes, and firstline=lastline fix 
<2008/02/07> (tvz)
\FV@CodeLineNo=\count109
\FV@InFile=\read1
\FV@TabBox=\box32
\c@FancyVerbLine=\count110
\FV@StepNumber=\count111
\FV@OutFile=\write3
)
(/usr/local/texlive/2015/texmf-dist/tex/latex/minted/minted.sty
Package: minted 2015/01/31 v2.0 Yet another Pygments shim for LaTeX

(/usr/local/texlive/2015/texmf-dist/tex/latex/oberdiek/kvoptions.sty
Package: kvoptions 2011/06/30 v3.11 Key value format for package options (HO)

(/usr/local/texlive/2015/texmf-dist/tex/generic/oberdiek/kvsetkeys.sty
Package: kvsetkeys 2012/04/25 v1.16 Key value parser (HO)

(/usr/local/texlive/2015/texmf-dist/tex/generic/oberdiek/etexcmds.sty
Package: etexcmds 2011/02/16 v1.5 Avoid name clashes with e-TeX commands (HO)

(/usr/local/texlive/2015/texmf-dist/tex/generic/oberdiek/ifluatex.sty
Package: ifluatex 2010/03/01 v1.3 Provides the ifluatex switch (HO)
Package ifluatex Info: LuaTeX not detected.
)
Package etexcmds Info: Could not find \expanded.
(etexcmds)             That can mean that you are not using pdfTeX 1.50 or
(etexcmds)             that some package has redefined \expanded.
(etexcmds)             In the latter case, load this package earlier.
)))
(/usr/local/texlive/2015/texmf-dist/tex/latex/float/float.sty
Package: float 2001/11/08 v1.3d Float enhancements (AL)
\c@float@type=\count112
\float@exts=\toks25
\float@box=\box33
\@float@everytoks=\toks26
\@floatcapt=\box34
)
(/usr/local/texlive/2015/texmf-dist/tex/latex/base/ifthen.sty
Package: ifthen 2014/09/29 v1.1c Standard LaTeX ifthen package (DPC)
)
(/usr/local/texlive/2015/texmf-dist/tex/latex/tools/calc.sty
Package: calc 2014/10/28 v4.3 Infix arithmetic (KKT,FJ)
\calc@Acount=\count113
\calc@Bcount=\count114
\calc@Adimen=\dimen123
\calc@Bdimen=\dimen124
\calc@Askip=\skip54
\calc@Bskip=\skip55
LaTeX Info: Redefining \setlength on input line 80.
LaTeX Info: Redefining \addtolength on input line 81.
\calc@Ccount=\count115
\calc@Cskip=\skip56
)
(/usr/local/texlive/2015/texmf-dist/tex/latex/ifplatform/ifplatform.sty
Package: ifplatform 2010/10/22 v0.4 Testing for the operating system

(/usr/local/texlive/2015/texmf-dist/tex/generic/oberdiek/pdftexcmds.sty
Package: pdftexcmds 2011/11/29 v0.20 Utility functions of pdfTeX for LuaTeX (HO
)

(/usr/local/texlive/2015/texmf-dist/tex/generic/oberdiek/ifpdf.sty
Package: ifpdf 2011/01/30 v2.3 Provides the ifpdf switch (HO)
Package ifpdf Info: pdfTeX in PDF mode is detected.
)
Package pdftexcmds Info: LuaTeX not detected.
Package pdftexcmds Info: \pdf@primitive is available.
Package pdftexcmds Info: \pdf@ifprimitive is available.
Package pdftexcmds Info: \pdfdraftmode found.
)
(/usr/local/texlive/2015/texmf-dist/tex/generic/oberdiek/catchfile.sty
Package: catchfile 2011/03/01 v1.6 Catch the contents of a file (HO)
)
runsystem(uname -s > "para.w18")...executed.


(./para.w18)
runsystem(rm -- "para.w18")...executed.

)
(/usr/local/texlive/2015/texmf-dist/tex/latex/etoolbox/etoolbox.sty
Package: etoolbox 2015/05/04 v2.2 e-TeX tools for LaTeX (JAW)
\etb@tempcnta=\count116
)
(/usr/local/texlive/2015/texmf-dist/tex/generic/xstring/xstring.sty
(/usr/local/texlive/2015/texmf-dist/tex/generic/xstring/xstring.tex
\@xs@message=\write4
\integerpart=\count117
\decimalpart=\count118
)
Package: xstring 2013/10/13  v1.7c  String manipulations (C Tellechea)
)
(/usr/local/texlive/2015/texmf-dist/tex/latex/lineno/lineno.sty
Package: lineno 2005/11/02 line numbers on paragraphs v4.41
\linenopenalty=\count119
\output=\toks27
\linenoprevgraf=\count120
\linenumbersep=\dimen125
\linenumberwidth=\dimen126
\c@linenumber=\count121
\c@pagewiselinenumber=\count122
\c@LN@truepage=\count123
\c@internallinenumber=\count124
\c@internallinenumbers=\count125
\quotelinenumbersep=\dimen127
\bframerule=\dimen128
\bframesep=\dimen129
\bframebox=\box35
LaTeX Info: Redefining \\ on input line 3056.
)
\minted@appexistsfile=\read2
\FV@BreakIndent=\dimen130
\FV@BreakSymbolSepLeft=\dimen131
\FV@BreakSymbolSepRight=\dimen132
\FV@BreakSymbolIndentLeft=\dimen133
\FV@BreakSymbolIndentRight=\dimen134
\c@FancyVerbLineBreakLast=\count126
\FV@LineBox=\box36
\FV@LineIndentBox=\box37
\minted@bgbox=\box38
\minted@code=\write5
\c@minted@FancyVerbLineTemp=\count127
\@float@every@listing=\toks28
\c@listing=\count128
)
runsystem(mkdir -p "_minted-para")...executed.

runsystem(which "pygmentize" && touch "para.aex")...executed.

runsystem(rm "para.aex")...executed.


(./_minted-para/default.pygstyle)
(/usr/local/texlive/2015/texmf-dist/tex/latex/base/fontenc.sty
Package: fontenc 2005/09/27 v1.99g Standard LaTeX package

(/usr/local/texlive/2015/texmf-dist/tex/latex/base/t1enc.def
File: t1enc.def 2005/09/27 v1.99g Standard LaTeX file
LaTeX Font Info:    Redeclaring font encoding T1 on input line 48.
))
(/usr/local/texlive/2015/texmf-dist/tex/latex/ucs/ucs.sty
Package: ucs 2013/05/11 v2.2 UCS: Unicode input support

(/usr/local/texlive/2015/texmf-dist/tex/latex/ucs/data/uni-global.def
File: uni-global.def 2013/05/13 UCS: Unicode global data
)
\uc@secondtry=\count129
\uc@combtoks=\toks29
\uc@combtoksb=\toks30
\uc@temptokena=\toks31
)
(/usr/local/texlive/2015/texmf-dist/tex/latex/base/inputenc.sty
Package: inputenc 2015/03/17 v1.2c Input encoding file
\inpenc@prehook=\toks32
\inpenc@posthook=\toks33

(/usr/local/texlive/2015/texmf-dist/tex/latex/ucs/utf8x.def
File: utf8x.def 2004/10/17 UCS: Input encoding UTF-8
))
(/usr/local/texlive/2015/texmf-dist/tex/latex/lm/lmodern.sty
Package: lmodern 2009/10/30 v1.6 Latin Modern Fonts
LaTeX Font Info:    Overwriting symbol font `operators' in version `normal'
(Font)                  OT1/cmr/m/n --> OT1/lmr/m/n on input line 22.
LaTeX Font Info:    Overwriting symbol font `letters' in version `normal'
(Font)                  OML/cmm/m/it --> OML/lmm/m/it on input line 23.
LaTeX Font Info:    Overwriting symbol font `symbols' in version `normal'
(Font)                  OMS/cmsy/m/n --> OMS/lmsy/m/n on input line 24.
LaTeX Font Info:    Overwriting symbol font `largesymbols' in version `normal'
(Font)                  OMX/cmex/m/n --> OMX/lmex/m/n on input line 25.
LaTeX Font Info:    Overwriting symbol font `operators' in version `bold'
(Font)                  OT1/cmr/bx/n --> OT1/lmr/bx/n on input line 26.
LaTeX Font Info:    Overwriting symbol font `letters' in version `bold'
(Font)                  OML/cmm/b/it --> OML/lmm/b/it on input line 27.
LaTeX Font Info:    Overwriting symbol font `symbols' in version `bold'
(Font)                  OMS/cmsy/b/n --> OMS/lmsy/b/n on input line 28.
LaTeX Font Info:    Overwriting symbol font `largesymbols' in version `bold'
(Font)                  OMX/cmex/m/n --> OMX/lmex/m/n on input line 29.
LaTeX Font Info:    Overwriting math alphabet `\mathbf' in version `normal'
(Font)                  OT1/cmr/bx/n --> OT1/lmr/bx/n on input line 31.
LaTeX Font Info:    Overwriting math alphabet `\mathsf' in version `normal'
(Font)                  OT1/cmss/m/n --> OT1/lmss/m/n on input line 32.
LaTeX Font Info:    Overwriting math alphabet `\mathit' in version `normal'
(Font)                  OT1/cmr/m/it --> OT1/lmr/m/it on input line 33.
LaTeX Font Info:    Overwriting math alphabet `\mathtt' in version `normal'
(Font)                  OT1/cmtt/m/n --> OT1/lmtt/m/n on input line 34.
LaTeX Font Info:    Overwriting math alphabet `\mathbf' in version `bold'
(Font)                  OT1/cmr/bx/n --> OT1/lmr/bx/n on input line 35.
LaTeX Font Info:    Overwriting math alphabet `\mathsf' in version `bold'
(Font)                  OT1/cmss/bx/n --> OT1/lmss/bx/n on input line 36.
LaTeX Font Info:    Overwriting math alphabet `\mathit' in version `bold'
(Font)                  OT1/cmr/bx/it --> OT1/lmr/bx/it on input line 37.
LaTeX Font Info:    Overwriting math alphabet `\mathtt' in version `bold'
(Font)                  OT1/cmtt/m/n --> OT1/lmtt/m/n on input line 38.
)
(/usr/local/texlive/2015/texmf-dist/tex/latex/hyperref/hyperref.sty
Package: hyperref 2012/11/06 v6.83m Hypertext links for LaTeX

(/usr/local/texlive/2015/texmf-dist/tex/generic/oberdiek/hobsub-hyperref.sty
Package: hobsub-hyperref 2012/05/28 v1.13 Bundle oberdiek, subset hyperref (HO)


(/usr/local/texlive/2015/texmf-dist/tex/generic/oberdiek/hobsub-generic.sty
Package: hobsub-generic 2012/05/28 v1.13 Bundle oberdiek, subset generic (HO)
Package: hobsub 2012/05/28 v1.13 Construct package bundles (HO)
Package hobsub Info: Skipping package `infwarerr' (already loaded).
Package hobsub Info: Skipping package `ltxcmds' (already loaded).
Package hobsub Info: Skipping package `ifluatex' (already loaded).
Package: ifvtex 2010/03/01 v1.5 Detect VTeX and its facilities (HO)
Package ifvtex Info: VTeX not detected.
Package: intcalc 2007/09/27 v1.1 Expandable calculations with integers (HO)
Package hobsub Info: Skipping package `ifpdf' (already loaded).
Package hobsub Info: Skipping package `etexcmds' (already loaded).
Package hobsub Info: Skipping package `kvsetkeys' (already loaded).
Package: kvdefinekeys 2011/04/07 v1.3 Define keys (HO)
Package hobsub Info: Skipping package `pdftexcmds' (already loaded).
Package: pdfescape 2011/11/25 v1.13 Implements pdfTeX's escape features (HO)
Package: bigintcalc 2012/04/08 v1.3 Expandable calculations on big integers (HO
)
Package: bitset 2011/01/30 v1.1 Handle bit-vector datatype (HO)
Package: uniquecounter 2011/01/30 v1.2 Provide unlimited unique counter (HO)
)
Package hobsub Info: Skipping package `hobsub' (already loaded).
Package: letltxmacro 2010/09/02 v1.4 Let assignment for LaTeX macros (HO)
Package: hopatch 2012/05/28 v1.2 Wrapper for package hooks (HO)
Package: xcolor-patch 2011/01/30 xcolor patch
Package: atveryend 2011/06/30 v1.8 Hooks at the very end of document (HO)
Package: atbegshi 2011/10/05 v1.16 At begin shipout hook (HO)
Package: refcount 2011/10/16 v3.4 Data extraction from label references (HO)
Package: hycolor 2011/01/30 v1.7 Color options for hyperref/bookmark (HO)
)
(/usr/local/texlive/2015/texmf-dist/tex/generic/ifxetex/ifxetex.sty
Package: ifxetex 2010/09/12 v0.6 Provides ifxetex conditional
)
(/usr/local/texlive/2015/texmf-dist/tex/latex/oberdiek/auxhook.sty
Package: auxhook 2011/03/04 v1.3 Hooks for auxiliary files (HO)
)
\@linkdim=\dimen135
\Hy@linkcounter=\count130
\Hy@pagecounter=\count131

(/usr/local/texlive/2015/texmf-dist/tex/latex/hyperref/pd1enc.def
File: pd1enc.def 2012/11/06 v6.83m Hyperref: PDFDocEncoding definition (HO)
)
\Hy@SavedSpaceFactor=\count132

(/usr/local/texlive/2015/texmf-dist/tex/latex/latexconfig/hyperref.cfg
File: hyperref.cfg 2002/06/06 v1.2 hyperref configuration of TeXLive
)
Package hyperref Info: Option `final' set `true' on input line 4319.
Package hyperref Info: Hyper figures OFF on input line 4443.
Package hyperref Info: Link nesting OFF on input line 4448.
Package hyperref Info: Hyper index ON on input line 4451.
Package hyperref Info: Plain pages OFF on input line 4458.
Package hyperref Info: Backreferencing OFF on input line 4463.
Package hyperref Info: Implicit mode ON; LaTeX internals redefined.
Package hyperref Info: Bookmarks ON on input line 4688.
\c@Hy@tempcnt=\count133

(/usr/local/texlive/2015/texmf-dist/tex/latex/url/url.sty
\Urlmuskip=\muskip11
Package: url 2013/09/16  ver 3.4  Verb mode for urls, etc.
)
LaTeX Info: Redefining \url on input line 5041.
\XeTeXLinkMargin=\dimen136
\Fld@menulength=\count134
\Field@Width=\dimen137
\Fld@charsize=\dimen138
Package hyperref Info: Hyper figures OFF on input line 6295.
Package hyperref Info: Link nesting OFF on input line 6300.
Package hyperref Info: Hyper index ON on input line 6303.
Package hyperref Info: backreferencing OFF on input line 6310.
Package hyperref Info: Link coloring OFF on input line 6315.
Package hyperref Info: Link coloring with OCG OFF on input line 6320.
Package hyperref Info: PDF/A mode OFF on input line 6325.
LaTeX Info: Redefining \ref on input line 6365.
LaTeX Info: Redefining \pageref on input line 6369.
\Hy@abspage=\count135
\c@Item=\count136
\c@Hfootnote=\count137
)

Package hyperref Message: Driver (autodetected): hpdftex.

(/usr/local/texlive/2015/texmf-dist/tex/latex/hyperref/hpdftex.def
File: hpdftex.def 2012/11/06 v6.83m Hyperref driver for pdfTeX
\Fld@listcount=\count138
\c@bookmark@seq@number=\count139

(/usr/local/texlive/2015/texmf-dist/tex/latex/oberdiek/rerunfilecheck.sty
Package: rerunfilecheck 2011/04/15 v1.7 Rerun checks for auxiliary files (HO)
Package uniquecounter Info: New unique counter `rerunfilecheck' on input line 2
82.
)
\Hy@SectionHShift=\skip57
)
Package hyperref Info: Option `breaklinks' set `true' on input line 48.
Package hyperref Info: Option `colorlinks' set `true' on input line 48.
Package hyperref Info: Option `pdfmenubar' set `true' on input line 48.
Package hyperref Info: Option `pdftoolbar' set `true' on input line 48.

(/usr/local/texlive/2015/texmf-dist/tex/latex/fancyhdr/fancyhdr.sty
\fancy@headwidth=\skip58
\f@ncyO@elh=\skip59
\f@ncyO@erh=\skip60
\f@ncyO@olh=\skip61
\f@ncyO@orh=\skip62
\f@ncyO@elf=\skip63
\f@ncyO@erf=\skip64
\f@ncyO@olf=\skip65
\f@ncyO@orf=\skip66
)

Package Fancyhdr Warning: \fancyfoot's `E' option without twoside option is use
less on input line 57.

(/usr/local/texlive/2015/texmf-dist/tex/latex/mdframed/mdframed.sty
Package: mdframed 2013/07/01 1.9b: mdframed

(/usr/local/texlive/2015/texmf-dist/tex/latex/l3packages/xparse/xparse.sty
(/usr/local/texlive/2015/texmf-dist/tex/latex/l3kernel/expl3.sty
Package: expl3 2015/03/01 v5547 L3 programming layer (loader) 

(/usr/local/texlive/2015/texmf-dist/tex/latex/l3kernel/expl3-code.tex
Package: expl3 2015/03/01 v5547 L3 programming layer (code) 
L3 Module: l3bootstrap 2015/02/28 v5542 L3 Bootstrap code
L3 Module: l3names 2015/02/24 v5535 L3 Namespace for primitives
L3 Module: l3basics 2015/01/27 v5500 L3 Basic definitions
L3 Module: l3expan 2014/11/27 v5472 L3 Argument expansion
L3 Module: l3tl 2015/01/27 v5500 L3 Token lists
L3 Module: l3str 2015/03/01 v5545 L3 Strings
L3 Module: l3seq 2014/08/23 v5354 L3 Sequences and stacks
L3 Module: l3int 2015/02/21 v5529 L3 Integers
\c_max_int=\count140
\l_tmpa_int=\count141
\l_tmpb_int=\count142
\g_tmpa_int=\count143
\g_tmpb_int=\count144
L3 Module: l3quark 2014/08/23 v5354 L3 Quarks
L3 Module: l3prg 2014/08/23 v5354 L3 Control structures
\g__prg_map_int=\count145
L3 Module: l3clist 2014/08/23 v5354 L3 Comma separated lists
L3 Module: l3token 2014/09/15 v5422 L3 Experimental token manipulation
L3 Module: l3prop 2014/08/23 v5354 L3 Property lists
L3 Module: l3msg 2015/02/26 v5537 L3 Messages
L3 Module: l3file 2014/08/24 v5369 L3 File and I/O operations
\l_iow_line_count_int=\count146
\l__iow_target_count_int=\count147
\l__iow_current_line_int=\count148
\l__iow_current_word_int=\count149
\l__iow_current_indentation_int=\count150
L3 Module: l3skip 2014/08/23 v5354 L3 Dimensions and skips
\c_zero_dim=\dimen139
\c_max_dim=\dimen140
\l_tmpa_dim=\dimen141
\l_tmpb_dim=\dimen142
\g_tmpa_dim=\dimen143
\g_tmpb_dim=\dimen144
\c_zero_skip=\skip67
\c_max_skip=\skip68
\l_tmpa_skip=\skip69
\l_tmpb_skip=\skip70
\g_tmpa_skip=\skip71
\g_tmpb_skip=\skip72
\c_zero_muskip=\muskip12
\c_max_muskip=\muskip13
\l_tmpa_muskip=\muskip14
\l_tmpb_muskip=\muskip15
\g_tmpa_muskip=\muskip16
\g_tmpb_muskip=\muskip17
L3 Module: l3keys 2015/01/27 v5500 L3 Key-value interfaces
\g__keyval_level_int=\count151
\l_keys_choice_int=\count152
L3 Module: l3fp 2014/08/22 v5336 L3 Floating points
\c__fp_leading_shift_int=\count153
\c__fp_middle_shift_int=\count154
\c__fp_trailing_shift_int=\count155
\c__fp_big_leading_shift_int=\count156
\c__fp_big_middle_shift_int=\count157
\c__fp_big_trailing_shift_int=\count158
\c__fp_Bigg_leading_shift_int=\count159
\c__fp_Bigg_middle_shift_int=\count160
\c__fp_Bigg_trailing_shift_int=\count161
L3 Module: l3box 2014/08/23 v5354 L3 Experimental boxes
\c_empty_box=\box39
\l_tmpa_box=\box40
\l_tmpb_box=\box41
\g_tmpa_box=\box42
\g_tmpb_box=\box43
L3 Module: l3coffins 2014/08/23 v5354 L3 Coffin code layer
\l__coffin_internal_box=\box44
\l__coffin_internal_dim=\dimen145
\l__coffin_offset_x_dim=\dimen146
\l__coffin_offset_y_dim=\dimen147
\l__coffin_x_dim=\dimen148
\l__coffin_y_dim=\dimen149
\l__coffin_x_prime_dim=\dimen150
\l__coffin_y_prime_dim=\dimen151
\c_empty_coffin=\box45
\l__coffin_aligned_coffin=\box46
\l__coffin_aligned_internal_coffin=\box47
\l_tmpa_coffin=\box48
\l_tmpb_coffin=\box49
\l__coffin_display_coffin=\box50
\l__coffin_display_coord_coffin=\box51
\l__coffin_display_pole_coffin=\box52
\l__coffin_display_offset_dim=\dimen152
\l__coffin_display_x_dim=\dimen153
\l__coffin_display_y_dim=\dimen154
L3 Module: l3color 2014/08/23 v5354 L3 Experimental color support
L3 Module: l3candidates 2015/03/01 v5544 L3 Experimental additions to l3kernel
\l__box_top_dim=\dimen155
\l__box_bottom_dim=\dimen156
\l__box_left_dim=\dimen157
\l__box_right_dim=\dimen158
\l__box_top_new_dim=\dimen159
\l__box_bottom_new_dim=\dimen160
\l__box_left_new_dim=\dimen161
\l__box_right_new_dim=\dimen162
\l__box_internal_box=\box53
\l__coffin_bounding_shift_dim=\dimen163
\l__coffin_left_corner_dim=\dimen164
\l__coffin_right_corner_dim=\dimen165
\l__coffin_bottom_corner_dim=\dimen166
\l__coffin_top_corner_dim=\dimen167
\l__coffin_scaled_total_height_dim=\dimen168
\l__coffin_scaled_width_dim=\dimen169
)
(/usr/local/texlive/2015/texmf-dist/tex/latex/l3kernel/l3unicode-data.def
File: l3unicode-data.def 2015/03/01 v5544 L3 Unicode data
)
(/usr/local/texlive/2015/texmf-dist/tex/latex/l3kernel/l3pdfmode.def
File: l3pdfmode.def 2015/03/01 v5544 L3 Experimental driver: PDF mode
\l__driver_color_stack_int=\count162
))
Package: xparse 2014/11/25 v5471 L3 Experimental document command parser
\l__xparse_current_arg_int=\count163
\l__xparse_m_args_int=\count164
\l__xparse_mandatory_args_int=\count165
\l__xparse_processor_int=\count166
\l__xparse_v_nesting_int=\count167
)
(/usr/local/texlive/2015/texmf-dist/tex/latex/oberdiek/zref-abspage.sty
Package: zref-abspage 2012/04/04 v2.24 Module abspage for zref (HO)

(/usr/local/texlive/2015/texmf-dist/tex/latex/oberdiek/zref-base.sty
Package: zref-base 2012/04/04 v2.24 Module base for zref (HO)
Package zref Info: New property list: main on input line 759.
Package zref Info: New property: default on input line 760.
Package zref Info: New property: page on input line 761.
)
\c@abspage=\count168
Package zref Info: New property: abspage on input line 62.
)
(/usr/local/texlive/2015/texmf-dist/tex/latex/needspace/needspace.sty
Package: needspace 2010/09/12 v1.3d reserve vertical space
)
\mdf@templength=\skip73
\c@mdf@globalstyle@cnt=\count169
\mdf@skipabove@length=\skip74
\mdf@skipbelow@length=\skip75
\mdf@leftmargin@length=\skip76
\mdf@rightmargin@length=\skip77
\mdf@innerleftmargin@length=\skip78
\mdf@innerrightmargin@length=\skip79
\mdf@innertopmargin@length=\skip80
\mdf@innerbottommargin@length=\skip81
\mdf@splittopskip@length=\skip82
\mdf@splitbottomskip@length=\skip83
\mdf@outermargin@length=\skip84
\mdf@innermargin@length=\skip85
\mdf@linewidth@length=\skip86
\mdf@innerlinewidth@length=\skip87
\mdf@middlelinewidth@length=\skip88
\mdf@outerlinewidth@length=\skip89
\mdf@roundcorner@length=\skip90
\mdf@footenotedistance@length=\skip91
\mdf@userdefinedwidth@length=\skip92
\mdf@needspace@length=\skip93
\mdf@frametitleaboveskip@length=\skip94
\mdf@frametitlebelowskip@length=\skip95
\mdf@frametitlerulewidth@length=\skip96
\mdf@frametitleleftmargin@length=\skip97
\mdf@frametitlerightmargin@length=\skip98
\mdf@shadowsize@length=\skip99
\mdf@extratopheight@length=\skip100
\mdf@subtitleabovelinewidth@length=\skip101
\mdf@subtitlebelowlinewidth@length=\skip102
\mdf@subtitleaboveskip@length=\skip103
\mdf@subtitlebelowskip@length=\skip104
\mdf@subtitleinneraboveskip@length=\skip105
\mdf@subtitleinnerbelowskip@length=\skip106
\mdf@subsubtitleabovelinewidth@length=\skip107
\mdf@subsubtitlebelowlinewidth@length=\skip108
\mdf@subsubtitleaboveskip@length=\skip109
\mdf@subsubtitlebelowskip@length=\skip110
\mdf@subsubtitleinneraboveskip@length=\skip111
\mdf@subsubtitleinnerbelowskip@length=\skip112

(/usr/local/texlive/2015/texmf-dist/tex/latex/pgf/frontendlayer/tikz.sty
(/usr/local/texlive/2015/texmf-dist/tex/latex/pgf/basiclayer/pgf.sty
(/usr/local/texlive/2015/texmf-dist/tex/latex/pgf/utilities/pgfrcs.sty
(/usr/local/texlive/2015/texmf-dist/tex/generic/pgf/utilities/pgfutil-common.te
x
\pgfutil@everybye=\toks34
\pgfutil@tempdima=\dimen170
\pgfutil@tempdimb=\dimen171

(/usr/local/texlive/2015/texmf-dist/tex/generic/pgf/utilities/pgfutil-common-li
sts.tex))
(/usr/local/texlive/2015/texmf-dist/tex/generic/pgf/utilities/pgfutil-latex.def
\pgfutil@abb=\box54
(/usr/local/texlive/2015/texmf-dist/tex/latex/ms/everyshi.sty
Package: everyshi 2001/05/15 v3.00 EveryShipout Package (MS)
))
(/usr/local/texlive/2015/texmf-dist/tex/generic/pgf/utilities/pgfrcs.code.tex
Package: pgfrcs 2013/12/20 v3.0.0 (rcs-revision 1.28)
))
Package: pgf 2013/12/18 v3.0.0 (rcs-revision 1.14)
(/usr/local/texlive/2015/texmf-dist/tex/latex/pgf/basiclayer/pgfcore.sty
(/usr/local/texlive/2015/texmf-dist/tex/latex/pgf/systemlayer/pgfsys.sty
(/usr/local/texlive/2015/texmf-dist/tex/generic/pgf/systemlayer/pgfsys.code.tex
Package: pgfsys 2013/11/30 v3.0.0 (rcs-revision 1.47)
(/usr/local/texlive/2015/texmf-dist/tex/generic/pgf/utilities/pgfkeys.code.tex
\pgfkeys@pathtoks=\toks35
\pgfkeys@temptoks=\toks36

(/usr/local/texlive/2015/texmf-dist/tex/generic/pgf/utilities/pgfkeysfiltered.c
ode.tex
\pgfkeys@tmptoks=\toks37
))
\pgf@x=\dimen172
\pgf@y=\dimen173
\pgf@xa=\dimen174
\pgf@ya=\dimen175
\pgf@xb=\dimen176
\pgf@yb=\dimen177
\pgf@xc=\dimen178
\pgf@yc=\dimen179
\w@pgf@writea=\write6
\r@pgf@reada=\read3
\c@pgf@counta=\count170
\c@pgf@countb=\count171
\c@pgf@countc=\count172
\c@pgf@countd=\count173
\t@pgf@toka=\toks38
\t@pgf@tokb=\toks39
\t@pgf@tokc=\toks40

(/usr/local/texlive/2015/texmf-dist/tex/generic/pgf/systemlayer/pgf.cfg
File: pgf.cfg 2008/05/14  (rcs-revision 1.7)
)
Driver file for pgf: pgfsys-pdftex.def

(/usr/local/texlive/2015/texmf-dist/tex/generic/pgf/systemlayer/pgfsys-pdftex.d
ef
File: pgfsys-pdftex.def 2013/07/18  (rcs-revision 1.33)

(/usr/local/texlive/2015/texmf-dist/tex/generic/pgf/systemlayer/pgfsys-common-p
df.def
File: pgfsys-common-pdf.def 2013/10/10  (rcs-revision 1.13)
)))
(/usr/local/texlive/2015/texmf-dist/tex/generic/pgf/systemlayer/pgfsyssoftpath.
code.tex
File: pgfsyssoftpath.code.tex 2013/09/09  (rcs-revision 1.9)
\pgfsyssoftpath@smallbuffer@items=\count174
\pgfsyssoftpath@bigbuffer@items=\count175
)
(/usr/local/texlive/2015/texmf-dist/tex/generic/pgf/systemlayer/pgfsysprotocol.
code.tex
File: pgfsysprotocol.code.tex 2006/10/16  (rcs-revision 1.4)
))
(/usr/local/texlive/2015/texmf-dist/tex/generic/pgf/basiclayer/pgfcore.code.tex
Package: pgfcore 2010/04/11 v3.0.0 (rcs-revision 1.7)
(/usr/local/texlive/2015/texmf-dist/tex/generic/pgf/math/pgfmath.code.tex
(/usr/local/texlive/2015/texmf-dist/tex/generic/pgf/math/pgfmathcalc.code.tex
(/usr/local/texlive/2015/texmf-dist/tex/generic/pgf/math/pgfmathutil.code.tex)
(/usr/local/texlive/2015/texmf-dist/tex/generic/pgf/math/pgfmathparser.code.tex
\pgfmath@dimen=\dimen180
\pgfmath@count=\count176
\pgfmath@box=\box55
\pgfmath@toks=\toks41
\pgfmath@stack@operand=\toks42
\pgfmath@stack@operation=\toks43
)
(/usr/local/texlive/2015/texmf-dist/tex/generic/pgf/math/pgfmathfunctions.code.
tex
(/usr/local/texlive/2015/texmf-dist/tex/generic/pgf/math/pgfmathfunctions.basic
.code.tex)
(/usr/local/texlive/2015/texmf-dist/tex/generic/pgf/math/pgfmathfunctions.trigo
nometric.code.tex)
(/usr/local/texlive/2015/texmf-dist/tex/generic/pgf/math/pgfmathfunctions.rando
m.code.tex)
(/usr/local/texlive/2015/texmf-dist/tex/generic/pgf/math/pgfmathfunctions.compa
rison.code.tex)
(/usr/local/texlive/2015/texmf-dist/tex/generic/pgf/math/pgfmathfunctions.base.
code.tex)
(/usr/local/texlive/2015/texmf-dist/tex/generic/pgf/math/pgfmathfunctions.round
.code.tex)
(/usr/local/texlive/2015/texmf-dist/tex/generic/pgf/math/pgfmathfunctions.misc.
code.tex)
(/usr/local/texlive/2015/texmf-dist/tex/generic/pgf/math/pgfmathfunctions.integ
erarithmetics.code.tex)))
(/usr/local/texlive/2015/texmf-dist/tex/generic/pgf/math/pgfmathfloat.code.tex
\c@pgfmathroundto@lastzeros=\count177
))
(/usr/local/texlive/2015/texmf-dist/tex/generic/pgf/basiclayer/pgfcorepoints.co
de.tex
File: pgfcorepoints.code.tex 2013/10/07  (rcs-revision 1.27)
\pgf@picminx=\dimen181
\pgf@picmaxx=\dimen182
\pgf@picminy=\dimen183
\pgf@picmaxy=\dimen184
\pgf@pathminx=\dimen185
\pgf@pathmaxx=\dimen186
\pgf@pathminy=\dimen187
\pgf@pathmaxy=\dimen188
\pgf@xx=\dimen189
\pgf@xy=\dimen190
\pgf@yx=\dimen191
\pgf@yy=\dimen192
\pgf@zx=\dimen193
\pgf@zy=\dimen194
)
(/usr/local/texlive/2015/texmf-dist/tex/generic/pgf/basiclayer/pgfcorepathconst
ruct.code.tex
File: pgfcorepathconstruct.code.tex 2013/10/07  (rcs-revision 1.29)
\pgf@path@lastx=\dimen195
\pgf@path@lasty=\dimen196
)
(/usr/local/texlive/2015/texmf-dist/tex/generic/pgf/basiclayer/pgfcorepathusage
.code.tex
File: pgfcorepathusage.code.tex 2013/12/13  (rcs-revision 1.23)
\pgf@shorten@end@additional=\dimen197
\pgf@shorten@start@additional=\dimen198
)
(/usr/local/texlive/2015/texmf-dist/tex/generic/pgf/basiclayer/pgfcorescopes.co
de.tex
File: pgfcorescopes.code.tex 2013/10/09  (rcs-revision 1.44)
\pgfpic=\box56
\pgf@hbox=\box57
\pgf@layerbox@main=\box58
\pgf@picture@serial@count=\count178
)
(/usr/local/texlive/2015/texmf-dist/tex/generic/pgf/basiclayer/pgfcoregraphicst
ate.code.tex
File: pgfcoregraphicstate.code.tex 2013/09/19  (rcs-revision 1.11)
\pgflinewidth=\dimen199
)
(/usr/local/texlive/2015/texmf-dist/tex/generic/pgf/basiclayer/pgfcoretransform
ations.code.tex
File: pgfcoretransformations.code.tex 2013/10/10  (rcs-revision 1.17)
\pgf@pt@x=\dimen200
\pgf@pt@y=\dimen201
\pgf@pt@temp=\dimen202
)
(/usr/local/texlive/2015/texmf-dist/tex/generic/pgf/basiclayer/pgfcorequick.cod
e.tex
File: pgfcorequick.code.tex 2008/10/09  (rcs-revision 1.3)
)
(/usr/local/texlive/2015/texmf-dist/tex/generic/pgf/basiclayer/pgfcoreobjects.c
ode.tex
File: pgfcoreobjects.code.tex 2006/10/11  (rcs-revision 1.2)
)
(/usr/local/texlive/2015/texmf-dist/tex/generic/pgf/basiclayer/pgfcorepathproce
ssing.code.tex
File: pgfcorepathprocessing.code.tex 2013/09/09  (rcs-revision 1.9)
)
(/usr/local/texlive/2015/texmf-dist/tex/generic/pgf/basiclayer/pgfcorearrows.co
de.tex
File: pgfcorearrows.code.tex 2013/11/07  (rcs-revision 1.40)
\pgfarrowsep=\dimen203
)
(/usr/local/texlive/2015/texmf-dist/tex/generic/pgf/basiclayer/pgfcoreshade.cod
e.tex
File: pgfcoreshade.code.tex 2013/07/15  (rcs-revision 1.15)
\pgf@max=\dimen204
\pgf@sys@shading@range@num=\count179
)
(/usr/local/texlive/2015/texmf-dist/tex/generic/pgf/basiclayer/pgfcoreimage.cod
e.tex
File: pgfcoreimage.code.tex 2013/07/15  (rcs-revision 1.18)

(/usr/local/texlive/2015/texmf-dist/tex/generic/pgf/basiclayer/pgfcoreexternal.
code.tex
File: pgfcoreexternal.code.tex 2013/07/15  (rcs-revision 1.20)
\pgfexternal@startupbox=\box59
))
(/usr/local/texlive/2015/texmf-dist/tex/generic/pgf/basiclayer/pgfcorelayers.co
de.tex
File: pgfcorelayers.code.tex 2013/07/18  (rcs-revision 1.7)
)
(/usr/local/texlive/2015/texmf-dist/tex/generic/pgf/basiclayer/pgfcoretranspare
ncy.code.tex
File: pgfcoretransparency.code.tex 2013/09/30  (rcs-revision 1.5)
)
(/usr/local/texlive/2015/texmf-dist/tex/generic/pgf/basiclayer/pgfcorepatterns.
code.tex
File: pgfcorepatterns.code.tex 2013/11/07  (rcs-revision 1.5)
)))
(/usr/local/texlive/2015/texmf-dist/tex/generic/pgf/modules/pgfmoduleshapes.cod
e.tex
File: pgfmoduleshapes.code.tex 2013/10/31  (rcs-revision 1.34)
\pgfnodeparttextbox=\box60
)
(/usr/local/texlive/2015/texmf-dist/tex/generic/pgf/modules/pgfmoduleplot.code.
tex
File: pgfmoduleplot.code.tex 2013/07/31  (rcs-revision 1.12)
)
(/usr/local/texlive/2015/texmf-dist/tex/latex/pgf/compatibility/pgfcomp-version
-0-65.sty
Package: pgfcomp-version-0-65 2007/07/03 v3.0.0 (rcs-revision 1.7)
\pgf@nodesepstart=\dimen205
\pgf@nodesepend=\dimen206
)
(/usr/local/texlive/2015/texmf-dist/tex/latex/pgf/compatibility/pgfcomp-version
-1-18.sty
Package: pgfcomp-version-1-18 2007/07/23 v3.0.0 (rcs-revision 1.1)
))
(/usr/local/texlive/2015/texmf-dist/tex/latex/pgf/utilities/pgffor.sty
(/usr/local/texlive/2015/texmf-dist/tex/latex/pgf/utilities/pgfkeys.sty
(/usr/local/texlive/2015/texmf-dist/tex/generic/pgf/utilities/pgfkeys.code.tex)
) (/usr/local/texlive/2015/texmf-dist/tex/latex/pgf/math/pgfmath.sty
(/usr/local/texlive/2015/texmf-dist/tex/generic/pgf/math/pgfmath.code.tex))
(/usr/local/texlive/2015/texmf-dist/tex/generic/pgf/utilities/pgffor.code.tex
Package: pgffor 2013/12/13 v3.0.0 (rcs-revision 1.25)

(/usr/local/texlive/2015/texmf-dist/tex/generic/pgf/math/pgfmath.code.tex)
\pgffor@iter=\dimen207
\pgffor@skip=\dimen208
\pgffor@stack=\toks44
\pgffor@toks=\toks45
))
(/usr/local/texlive/2015/texmf-dist/tex/generic/pgf/frontendlayer/tikz/tikz.cod
e.tex
Package: tikz 2013/12/13 v3.0.0 (rcs-revision 1.142)

(/usr/local/texlive/2015/texmf-dist/tex/generic/pgf/libraries/pgflibraryplothan
dlers.code.tex
File: pgflibraryplothandlers.code.tex 2013/08/31 v3.0.0 (rcs-revision 1.20)
\pgf@plot@mark@count=\count180
\pgfplotmarksize=\dimen209
)
\tikz@lastx=\dimen210
\tikz@lasty=\dimen211
\tikz@lastxsaved=\dimen212
\tikz@lastysaved=\dimen213
\tikzleveldistance=\dimen214
\tikzsiblingdistance=\dimen215
\tikz@figbox=\box61
\tikz@figbox@bg=\box62
\tikz@tempbox=\box63
\tikz@tempbox@bg=\box64
\tikztreelevel=\count181
\tikznumberofchildren=\count182
\tikznumberofcurrentchild=\count183
\tikz@fig@count=\count184

(/usr/local/texlive/2015/texmf-dist/tex/generic/pgf/modules/pgfmodulematrix.cod
e.tex
File: pgfmodulematrix.code.tex 2013/09/17  (rcs-revision 1.8)
\pgfmatrixcurrentrow=\count185
\pgfmatrixcurrentcolumn=\count186
\pgf@matrix@numberofcolumns=\count187
)
\tikz@expandcount=\count188

(/usr/local/texlive/2015/texmf-dist/tex/generic/pgf/frontendlayer/tikz/librarie
s/tikzlibrarytopaths.code.tex
File: tikzlibrarytopaths.code.tex 2008/06/17 v3.0.0 (rcs-revision 1.2)
)))
(/usr/local/texlive/2015/texmf-dist/tex/latex/mdframed/md-frame-1.mdf
File: md-frame-1.mdf 2013/07/01\ 1.9b: md-frame-1
)
\mdf@frametitlebox=\box65
\mdf@footnotebox=\box66
\mdf@splitbox@one=\box67
\mdf@splitbox@two=\box68
\mdf@splitbox@save=\box69
\mdfsplitboxwidth=\skip113
\mdfsplitboxtotalwidth=\skip114
\mdfsplitboxheight=\skip115
\mdfsplitboxdepth=\skip116
\mdfsplitboxtotalheight=\skip117
\mdfframetitleboxwidth=\skip118
\mdfframetitleboxtotalwidth=\skip119
\mdfframetitleboxheight=\skip120
\mdfframetitleboxdepth=\skip121
\mdfframetitleboxtotalheight=\skip122
\mdffootnoteboxwidth=\skip123
\mdffootnoteboxtotalwidth=\skip124
\mdffootnoteboxheight=\skip125
\mdffootnoteboxdepth=\skip126
\mdffootnoteboxtotalheight=\skip127
\mdftotallinewidth=\skip128
\mdfboundingboxwidth=\skip129
\mdfboundingboxtotalwidth=\skip130
\mdfboundingboxheight=\skip131
\mdfboundingboxdepth=\skip132
\mdfboundingboxtotalheight=\skip133
\mdf@freevspace@length=\skip134
\mdf@horizontalwidthofbox@length=\skip135
\mdf@verticalmarginwhole@length=\skip136
\mdf@horizontalspaceofbox=\skip137
\mdfsubtitleheight=\skip138
\mdfsubsubtitleheight=\skip139
\c@mdfcountframes=\count189

****** mdframed patching \endmdf@trivlist

****** -- success******

.................................................
. LaTeX info: "xparse/define-command"
. 
. Defining command \newmdtheoremenv with sig. 'O{} m o m o ' on line 601.
.................................................
.................................................
. LaTeX info: "xparse/define-command"
. 
. Defining command \mdtheorem with sig. ' O{} m o m o ' on line 701.
.................................................
\mdf@envdepth=\count190
\c@mdf@env@i=\count191
\c@mdf@env@ii=\count192
\c@mdf@zref@counter=\count193
Package zref Info: New property: mdf@pagevalue on input line 895.
)
\@indexfile=\write7
\openout7 = `para.idx'.


Writing index file para.idx
(/usr/local/texlive/2015/texmf-dist/tex/latex/idxlayout/idxlayout.sty
Package: idxlayout 2012/03/30 v0.4d Configurable index layout

(/usr/local/texlive/2015/texmf-dist/tex/latex/tools/multicol.sty
Package: multicol 2015/03/31 v1.8m multicolumn formatting (FMi)
\c@tracingmulticols=\count194
\mult@box=\box70
\multicol@leftmargin=\dimen216
\c@unbalance=\count195
\c@collectmore=\count196
\doublecol@number=\count197
\multicoltolerance=\count198
\multicolpretolerance=\count199
\full@width=\dimen217
\page@free=\dimen218
\premulticols=\dimen219
\postmulticols=\dimen220
\multicolsep=\skip140
\multicolbaselineskip=\skip141
\partial@page=\box71
\last@line=\box72
\maxbalancingoverflow=\dimen221
\mult@rightbox=\box73
\mult@grightbox=\box74
\mult@gfirstbox=\box75
\mult@firstbox=\box76
\@tempa=\box77
\@tempa=\box78
\@tempa=\box79
\@tempa=\box80
\@tempa=\box81
\@tempa=\box82
\@tempa=\box83
\@tempa=\box84
\@tempa=\box85
\@tempa=\box86
\@tempa=\box87
\@tempa=\box88
\@tempa=\box89
\@tempa=\box90
\@tempa=\box91
\@tempa=\box92
\@tempa=\box93
\c@columnbadness=\count200
\c@finalcolumnbadness=\count201
\last@try=\dimen222
\multicolovershoot=\dimen223
\multicolundershoot=\dimen224
\mult@nat@firstbox=\box94
\colbreak@box=\box95
\mc@col@check@num=\count202
)
\c@idxcols=\count203
\indexcolsep=\skip142
\indexrule=\skip143
\ila@indentunit=\skip144
\ila@initsep=\skip145
)
(/usr/local/texlive/2015/texmf-dist/tex/latex/tocbibind/tocbibind.sty
Package: tocbibind 2010/10/13 v1.5k extra ToC listings
Package tocbibind Info: The document has section divisions on input line 50.


Package tocbibind Note: Using section or other style headings.

) (/usr/local/texlive/2015/texmf-dist/tex/latex/ms/ragged2e.sty
Package: ragged2e 2009/05/21 v2.1 ragged2e Package (MS)

(/usr/local/texlive/2015/texmf-dist/tex/latex/ms/everysel.sty
Package: everysel 2011/10/28 v1.2 EverySelectfont Package (MS)
)
\CenteringLeftskip=\skip146
\RaggedLeftLeftskip=\skip147
\RaggedRightLeftskip=\skip148
\CenteringRightskip=\skip149
\RaggedLeftRightskip=\skip150
\RaggedRightRightskip=\skip151
\CenteringParfillskip=\skip152
\RaggedLeftParfillskip=\skip153
\RaggedRightParfillskip=\skip154
\JustifyingParfillskip=\skip155
\CenteringParindent=\skip156
\RaggedLeftParindent=\skip157
\RaggedRightParindent=\skip158
\JustifyingParindent=\skip159
) (./para.aux)
\openout1 = `para.aux'.

LaTeX Font Info:    Checking defaults for OML/cmm/m/it on input line 98.
LaTeX Font Info:    ... okay on input line 98.
LaTeX Font Info:    Checking defaults for T1/cmr/m/n on input line 98.
LaTeX Font Info:    ... okay on input line 98.
LaTeX Font Info:    Checking defaults for OT1/cmr/m/n on input line 98.
LaTeX Font Info:    ... okay on input line 98.
LaTeX Font Info:    Checking defaults for OMS/cmsy/m/n on input line 98.
LaTeX Font Info:    ... okay on input line 98.
LaTeX Font Info:    Checking defaults for OMX/cmex/m/n on input line 98.
LaTeX Font Info:    ... okay on input line 98.
LaTeX Font Info:    Checking defaults for U/cmr/m/n on input line 98.
LaTeX Font Info:    ... okay on input line 98.
LaTeX Font Info:    Checking defaults for PD1/pdf/m/n on input line 98.
LaTeX Font Info:    ... okay on input line 98.
LaTeX Font Info:    Try loading font information for T1+lmr on input line 98.

(/usr/local/texlive/2015/texmf-dist/tex/latex/lm/t1lmr.fd
File: t1lmr.fd 2009/10/30 v1.6 Font defs for Latin Modern
)
(/usr/local/texlive/2015/texmf-dist/tex/context/base/supp-pdf.mkii
[Loading MPS to PDF converter (version 2006.09.02).]
\scratchcounter=\count204
\scratchdimen=\dimen225
\scratchbox=\box96
\nofMPsegments=\count205
\nofMParguments=\count206
\everyMPshowfont=\toks46
\MPscratchCnt=\count207
\MPscratchDim=\dimen226
\MPnumerator=\count208
\makeMPintoPDFobject=\count209
\everyMPtoPDFconversion=\toks47
)
LaTeX Info: Redefining \microtypecontext on input line 98.
Package microtype Info: Generating PDF output.
Package microtype Info: Character protrusion enabled (level 2).
Package microtype Info: Using default protrusion set `alltext'.
Package microtype Info: Automatic font expansion enabled (level 2),
(microtype)             stretch: 20, shrink: 20, step: 1, non-selected.
Package microtype Info: Using default expansion set `basictext'.
Package microtype Info: No adjustment of tracking.
Package microtype Info: No adjustment of interword spacing.
Package microtype Info: No adjustment of character kerning.
 (/usr/local/texlive/2015/texmf-dist/tex/latex/microtype/mt-cmr.cfg
File: mt-cmr.cfg 2013/05/19 v2.2 microtype config. file: Computer Modern Roman 
(RS)
)
(/usr/local/texlive/2015/texmf-dist/tex/latex/oberdiek/epstopdf-base.sty
Package: epstopdf-base 2010/02/09 v2.5 Base part for package epstopdf

(/usr/local/texlive/2015/texmf-dist/tex/latex/oberdiek/grfext.sty
Package: grfext 2010/08/19 v1.1 Manage graphics extensions (HO)
)
Package grfext Info: Graphics extension search list:
(grfext)             [.png,.pdf,.jpg,.mps,.jpeg,.jbig2,.jb2,.PNG,.PDF,.JPG,.JPE
G,.JBIG2,.JB2,.eps]
(grfext)             \AppendGraphicsExtensions on input line 452.

(/usr/local/texlive/2015/texmf-dist/tex/latex/latexconfig/epstopdf-sys.cfg
File: epstopdf-sys.cfg 2010/07/13 v1.3 Configuration of (r)epstopdf for TeX Liv
e
))
(/usr/local/texlive/2015/texmf-dist/tex/latex/ucs/ucsencs.def
File: ucsencs.def 2011/01/21 Fixes to fontencodings LGR, T3
)
\AtBeginShipoutBox=\box97
Package hyperref Info: Link coloring ON on input line 98.

(/usr/local/texlive/2015/texmf-dist/tex/latex/hyperref/nameref.sty
Package: nameref 2012/10/27 v2.43 Cross-referencing by name of section

(/usr/local/texlive/2015/texmf-dist/tex/generic/oberdiek/gettitlestring.sty
Package: gettitlestring 2010/12/03 v1.4 Cleanup title references (HO)
)
\c@section@level=\count210
)
LaTeX Info: Redefining \ref on input line 98.
LaTeX Info: Redefining \pageref on input line 98.
LaTeX Info: Redefining \nameref on input line 98.

(./para.out) (./para.out)
\@outlinefile=\write8
\openout8 = `para.out'.

 ABD: EveryShipout initializing macros
ABD: EverySelectfont initializing macros
LaTeX Info: Redefining \selectfont on input line 98.
LaTeX Font Info:    Try loading font information for OT1+lmr on input line 124.


(/usr/local/texlive/2015/texmf-dist/tex/latex/lm/ot1lmr.fd
File: ot1lmr.fd 2009/10/30 v1.6 Font defs for Latin Modern
)
LaTeX Font Info:    Try loading font information for OML+lmm on input line 124.


(/usr/local/texlive/2015/texmf-dist/tex/latex/lm/omllmm.fd
File: omllmm.fd 2009/10/30 v1.6 Font defs for Latin Modern
)
LaTeX Font Info:    Try loading font information for OMS+lmsy on input line 124
.

(/usr/local/texlive/2015/texmf-dist/tex/latex/lm/omslmsy.fd
File: omslmsy.fd 2009/10/30 v1.6 Font defs for Latin Modern
)
LaTeX Font Info:    Try loading font information for OMX+lmex on input line 124
.

(/usr/local/texlive/2015/texmf-dist/tex/latex/lm/omxlmex.fd
File: omxlmex.fd 2009/10/30 v1.6 Font defs for Latin Modern
)
LaTeX Font Info:    External font `lmex10' loaded for size
(Font)              <10> on input line 124.
LaTeX Font Info:    External font `lmex10' loaded for size
(Font)              <7> on input line 124.
LaTeX Font Info:    External font `lmex10' loaded for size
(Font)              <5> on input line 124.
LaTeX Font Info:    Try loading font information for U+msa on input line 124.

(/usr/local/texlive/2015/texmf-dist/tex/latex/amsfonts/umsa.fd
File: umsa.fd 2013/01/14 v3.01 AMS symbols A
)
(/usr/local/texlive/2015/texmf-dist/tex/latex/microtype/mt-msa.cfg
File: mt-msa.cfg 2006/02/04 v1.1 microtype config. file: AMS symbols (a) (RS)
)
LaTeX Font Info:    Try loading font information for U+msb on input line 124.

(/usr/local/texlive/2015/texmf-dist/tex/latex/amsfonts/umsb.fd
File: umsb.fd 2013/01/14 v3.01 AMS symbols B
)
(/usr/local/texlive/2015/texmf-dist/tex/latex/microtype/mt-msb.cfg
File: mt-msb.cfg 2005/06/01 v1.0 microtype config. file: AMS symbols (b) (RS)
)
LaTeX Font Info:    External font `lmex10' loaded for size
(Font)              <9> on input line 129.
LaTeX Font Info:    External font `lmex10' loaded for size
(Font)              <6> on input line 129.
LaTeX Font Info:    Try loading font information for OMS+lmr on input line 147.


(/usr/local/texlive/2015/texmf-dist/tex/latex/lm/omslmr.fd
File: omslmr.fd 2009/10/30 v1.6 Font defs for Latin Modern
)
LaTeX Font Info:    Font shape `OMS/lmr/m/n' in size <10> not available
(Font)              Font shape `OMS/lmsy/m/n' tried instead on input line 147.
\openout3 = `para.pyg'.


(./_minted-para/80C5EDFAD69CEE25F5C5AD379F95C04E5688A82824D80235618395A9AA2CEDD
7.pygtex
LaTeX Font Info:    Try loading font information for T1+lmtt on input line 1.
 (/usr/local/texlive/2015/texmf-dist/tex/latex/lm/t1lmtt.fd
File: t1lmtt.fd 2009/10/30 v1.6 Font defs for Latin Modern
)
Package microtype Info: Loading generic settings for font family
(microtype)             `lmtt' (encoding: T1).
(microtype)             For optimal results, create family-specific settings.
(microtype)             See the microtype manual for details.
)
\openout3 = `para.pyg'.


(./_minted-para/05CEA983977AB50610551EA2E312056D5688A82824D80235618395A9AA2CEDD
7.pygtex
LaTeX Font Info:    Font shape `OMS/lmr/m/n' in size <8> not available
(Font)              Font shape `OMS/lmsy/m/n' tried instead on input line 3.
 [1

{/usr/local/texlive/2015/texmf-var/fonts/map/pdftex/updmap/pdftex.map}])
\openout3 = `para.pyg'.


(./_minted-para/4F498D071E2338BCB9B7E9D40F01637B5688A82824D80235618395A9AA2CEDD
7.pygtex)
\openout3 = `para.pyg'.


(./_minted-para/DD7C900A78A0413E8858FECE109A81065688A82824D80235618395A9AA2CEDD
7.pygtex)
\openout3 = `para.pyg'.


(./_minted-para/B8BF949E23956383EC880BE851A22DCB5688A82824D80235618395A9AA2CEDD
7.pygtex)
\openout3 = `para.pyg'.


(./_minted-para/553DC611BEF71A76E74A0E4246D001685688A82824D80235618395A9AA2CEDD
7.pygtex) [2]
\openout3 = `para.pyg'.


(./_minted-para/24C8F1356AAF2EBD616DB6E38FA178DB5688A82824D80235618395A9AA2CEDD
7.pygtex
LaTeX Font Info:    Font shape `T1/lmtt/bx/n' in size <9> not available
(Font)              Font shape `T1/lmtt/b/n' tried instead on input line 3.
)
\openout3 = `para.pyg'.


(./_minted-para/DCF8EB81F6DE6B7EF728BE8703FFA6C85688A82824D80235618395A9AA2CEDD
7.pygtex)
Overfull \hbox (2.85518pt too wide) in paragraph at lines 318--319
[]\T1/lmr/m/n/10 (-20) Conventional single-processor com-put-ers are named SISD
 (single-instruction-
 []

[3] [4]
\openout3 = `para.pyg'.


(./_minted-para/D5C5035C402776964D1ACD8DFBB8A9035688A82824D80235618395A9AA2CEDD
7.pygtex)
\openout3 = `para.pyg'.


(./_minted-para/D5C5035C402776964D1ACD8DFBB8A9035688A82824D80235618395A9AA2CEDD
7.pygtex [5])
\openout3 = `para.pyg'.


(./_minted-para/D5C5035C402776964D1ACD8DFBB8A9035688A82824D80235618395A9AA2CEDD
7.pygtex)
\openout3 = `para.pyg'.


(./_minted-para/B3818394E2CC07C101E9B8FE12CE026B5688A82824D80235618395A9AA2CEDD
7.pygtex) [6]
\openout3 = `para.pyg'.


(./_minted-para/44BF0453A356DF070287FE7D0989FDFF5688A82824D80235618395A9AA2CEDD
7.pygtex)
\openout3 = `para.pyg'.


(./_minted-para/482E4CCF9763D6C6E623DC5A49C7CA9C5688A82824D80235618395A9AA2CEDD
7.pygtex)
\openout3 = `para.pyg'.


(./_minted-para/2FC3865EB0F3B271A59411541B9719205688A82824D80235618395A9AA2CEDD
7.pygtex [7])
\openout3 = `para.pyg'.


(./_minted-para/2F7BA7B28043FE847B5C34CFC3A97BDA5688A82824D80235618395A9AA2CEDD
7.pygtex)
\openout3 = `para.pyg'.


(./_minted-para/B9C58BC4D9E84491937048DA072ED8335688A82824D80235618395A9AA2CEDD
7.pygtex)
Overfull \hbox (14.0779pt too wide) in paragraph at lines 613--613
[][]\T1/lmr/bx/n/12 Automatic vec-tor-iza-tion and vec-tor-iza-tion in-hibitors
, straight-
 []

\openout3 = `para.pyg'.


(./_minted-para/C91A913ABD743B27D7CF6ACF98C595585688A82824D80235618395A9AA2CEDD
7.pygtex [8])
Overfull \hbox (4.20088pt too wide) in paragraph at lines 633--633
[][]\T1/lmr/bx/n/12 Automatic vec-tor-iza-tion and vec-tor-iza-tion in-hibitors
, nested
 []

\openout3 = `para.pyg'.


(./_minted-para/043BBE3148888F9809609C2A2041AA365688A82824D80235618395A9AA2CEDD
7.pygtex)
\openout3 = `para.pyg'.


(./_minted-para/62D841092025E640789E0A957D3897785688A82824D80235618395A9AA2CEDD
7.pygtex)
\openout3 = `para.pyg'.


(./_minted-para/B3F61606375A81860A089C0271D82C2B5688A82824D80235618395A9AA2CEDD
7.pygtex [9])
\openout3 = `para.pyg'.


(./_minted-para/DEB267B7AEE12B319E2D92D3DB4DF76F5688A82824D80235618395A9AA2CEDD
7.pygtex)
\openout3 = `para.pyg'.


(./_minted-para/9D1AA1A341EF3C3475893FB1573A3F4F5688A82824D80235618395A9AA2CEDD
7.pygtex)
\openout3 = `para.pyg'.


(./_minted-para/043BBE3148888F9809609C2A2041AA365688A82824D80235618395A9AA2CEDD
7.pygtex [10]) [11] [12] [13]
Overfull \hbox (4.04994pt too wide) in paragraph at lines 962--962
[][]\T1/lmr/bx/n/12 Thomas al-go-rithm and count-ing of op-er-a-tions (float-in
g point
 []

\openout3 = `para.pyg'.


(./_minted-para/58BA0E84BA652C7AB2D18FECB85E467A5688A82824D80235618395A9AA2CEDD
7.pygtex) [14] [15] [16]
\openout3 = `para.pyg'.


(./_minted-para/198E2E01B2C842BB86D8C7F141342F8E5688A82824D80235618395A9AA2CEDD
7.pygtex [17])
\openout3 = `para.pyg'.


(./_minted-para/717305661009319BA46D0EC3C44F1B135688A82824D80235618395A9AA2CEDD
7.pygtex)
\openout3 = `para.pyg'.


(./_minted-para/EB61AF0BD307F13F3D797EFC0781BA745688A82824D80235618395A9AA2CEDD
7.pygtex)
\openout3 = `para.pyg'.


(./_minted-para/EB609289C1E63E926746A09861EE314B5688A82824D80235618395A9AA2CEDD
7.pygtex)
\openout3 = `para.pyg'.


(./_minted-para/35F5B977E0002BAD0F962835143481DF5688A82824D80235618395A9AA2CEDD
7.pygtex)
\openout3 = `para.pyg'.


(./_minted-para/3366FBC1F12824FB13FFD5A07DDC3E1B5688A82824D80235618395A9AA2CEDD
7.pygtex)
\openout3 = `para.pyg'.


(./_minted-para/3A7BB9BD388DEC4C55554D1BFCA5DC055688A82824D80235618395A9AA2CEDD
7.pygtex) [18]
\openout3 = `para.pyg'.


(./_minted-para/15DF2BB47C64DCD935F28B5024F6F6275688A82824D80235618395A9AA2CEDD
7.pygtex)
\openout3 = `para.pyg'.


(./_minted-para/FF78D46394D12B2B810031E3547AAD375688A82824D80235618395A9AA2CEDD
7.pygtex)
\openout3 = `para.pyg'.


(./_minted-para/A7AF7593200BB1B9ACEE25D8B401FA425688A82824D80235618395A9AA2CEDD
7.pygtex) [19]
\openout3 = `para.pyg'.


(./_minted-para/A7AF7593200BB1B9ACEE25D8B401FA425688A82824D80235618395A9AA2CEDD
7.pygtex)
\openout3 = `para.pyg'.


(./_minted-para/159A64695AE9934829FBCA109F8D1EA25688A82824D80235618395A9AA2CEDD
7.pygtex) [20]
\openout3 = `para.pyg'.


(./_minted-para/65A808D45DAB9C00CB98F0F86C7DA8AD5688A82824D80235618395A9AA2CEDD
7.pygtex) [21]
\openout3 = `para.pyg'.


(./_minted-para/0294807C856DE08893D994789A070D9E5688A82824D80235618395A9AA2CEDD
7.pygtex)
Overfull \hbox (27.89017pt too wide) in paragraph at lines 1584--1585
\T1/lmr/m/n/10 (-20) con-tinue un-til all pro-cesses in the com-mu-ni-ca-tor (h
ere $\OML/lmm/m/it/10 MPI[]COMM[]WORLD$\T1/lmr/m/n/10 (-20) )
 []

[22]
\openout3 = `para.pyg'.


(./_minted-para/C8EFDADFE5AECF8BB16C50EB9EB2FA085688A82824D80235618395A9AA2CEDD
7.pygtex)
\openout3 = `para.pyg'.


(./_minted-para/DE1983B0DDDCD723327F0C93039BA7F15688A82824D80235618395A9AA2CEDD
7.pygtex) [23]
LaTeX Font Info:    External font `lmex10' loaded for size
(Font)              <12> on input line 1703.
LaTeX Font Info:    External font `lmex10' loaded for size
(Font)              <8> on input line 1703.
\openout3 = `para.pyg'.


(./_minted-para/EF3E422773EED439C85F67AAD188019B5688A82824D80235618395A9AA2CEDD
7.pygtex)
\openout3 = `para.pyg'.


(./_minted-para/FEBB37FE457C447942EDD8F581AFDA075688A82824D80235618395A9AA2CEDD
7.pygtex)
\openout3 = `para.pyg'.


(./_minted-para/ACF5B9644FBDAC1A599EE14431AEADE05688A82824D80235618395A9AA2CEDD
7.pygtex [24])
\openout3 = `para.pyg'.


(./_minted-para/9F423F065860EC668E5FE67498AADB4C5688A82824D80235618395A9AA2CEDD
7.pygtex)
\openout3 = `para.pyg'.


(./_minted-para/381EF40273CF6D7DBA7625B16425C93E5688A82824D80235618395A9AA2CEDD
7.pygtex)
\openout3 = `para.pyg'.


(./_minted-para/D53B558594A5BD229B8528A2A6E4D2D95688A82824D80235618395A9AA2CEDD
7.pygtex [25])
\openout3 = `para.pyg'.


(./_minted-para/688A6B5AF065A441CACD78B29F53502B5688A82824D80235618395A9AA2CEDD
7.pygtex)
\openout3 = `para.pyg'.


(./_minted-para/AF1FA2528558EE6DA6BD8B535F28F2A45688A82824D80235618395A9AA2CEDD
7.pygtex [26])
\openout3 = `para.pyg'.


(./_minted-para/5B30B5A486E4EF8054229C6BF75D49615688A82824D80235618395A9AA2CEDD
7.pygtex)
\openout3 = `para.pyg'.


(./_minted-para/308F753899C6D8EB89DC6C1DAC7D60BD5688A82824D80235618395A9AA2CEDD
7.pygtex)
Overfull \hbox (14.22049pt too wide) in paragraph at lines 2005--2006
[]\T1/lmr/m/n/10 (-20) Remember to as-sign the en-vi-ron-ment vari-able \T1/lmr
/bx/n/10 OMP NUM THREADS 
 []

[27]
\openout3 = `para.pyg'.


(./_minted-para/0F1EAACDC404BC714B18C85B8BE8882A5688A82824D80235618395A9AA2CEDD
7.pygtex)
\openout3 = `para.pyg'.


(./_minted-para/5D96821FE769AE00B936F187D0A98C855688A82824D80235618395A9AA2CEDD
7.pygtex)
\openout3 = `para.pyg'.


(./_minted-para/5DD4E065A6D4DEADA938AC4CC58C65125688A82824D80235618395A9AA2CEDD
7.pygtex [28])
\openout3 = `para.pyg'.


(./_minted-para/8173A7B4520E86B1C76D615BA3617F755688A82824D80235618395A9AA2CEDD
7.pygtex)
\openout3 = `para.pyg'.


(./_minted-para/27BF2D5825D5A243C321A8F4A011AE025688A82824D80235618395A9AA2CEDD
7.pygtex [29])
\openout3 = `para.pyg'.


(./_minted-para/C6406A0348ACDD22A1B7F71AE2FA366C5688A82824D80235618395A9AA2CEDD
7.pygtex)
\openout3 = `para.pyg'.


(./_minted-para/6C67DB020F36D2603AF4CA1CB6716C825688A82824D80235618395A9AA2CEDD
7.pygtex)
\openout3 = `para.pyg'.


(./_minted-para/460BE031DCD171EBECEDBD335C8A675F5688A82824D80235618395A9AA2CEDD
7.pygtex [30])
\openout3 = `para.pyg'.


(./_minted-para/77834925D447BF3B7D1926FF879392F65688A82824D80235618395A9AA2CEDD
7.pygtex)
\openout3 = `para.pyg'.


(./_minted-para/403B968209C0BCDA068FA40EA9C22A7C5688A82824D80235618395A9AA2CEDD
7.pygtex)
\openout3 = `para.pyg'.


(./_minted-para/F26841834713F6E85D32505ACAC8C9EF5688A82824D80235618395A9AA2CEDD
7.pygtex)
\openout3 = `para.pyg'.


(./_minted-para/923AA2E7A0DFF6DA4D7E7648A4E7E05C5688A82824D80235618395A9AA2CEDD
7.pygtex)
\openout3 = `para.pyg'.


(./_minted-para/57C1B73C3A2333261BC27F3D6C4608885688A82824D80235618395A9AA2CEDD
7.pygtex)
\openout3 = `para.pyg'.


(./_minted-para/AA215BE52611948AAE6731E44C9700BC5688A82824D80235618395A9AA2CEDD
7.pygtex)
\openout3 = `para.pyg'.


(./_minted-para/AC5A186D2FA0AC7A759F91538FD2B9395688A82824D80235618395A9AA2CEDD
7.pygtex)
\openout3 = `para.pyg'.


(./_minted-para/3CB5A77AC80E289B9C27E79252C6D7EF5688A82824D80235618395A9AA2CEDD
7.pygtex) [31]
\openout3 = `para.pyg'.


(./_minted-para/BB606CBA416579EAE1B097DA940286D85688A82824D80235618395A9AA2CEDD
7.pygtex)
\openout3 = `para.pyg'.


(./_minted-para/2033FC285F971C477ACFA810F786A9F75688A82824D80235618395A9AA2CEDD
7.pygtex [32])
\openout3 = `para.pyg'.


(./_minted-para/905999E051329BE2766E0A960EDE5B1E5688A82824D80235618395A9AA2CEDD
7.pygtex)
\openout3 = `para.pyg'.


(./_minted-para/3BBE4B23B83FC543AFC6CAAA8F7178255688A82824D80235618395A9AA2CEDD
7.pygtex)
\openout3 = `para.pyg'.


(./_minted-para/BFB5E8874828FD2E79FAD5D338CFD6E15688A82824D80235618395A9AA2CEDD
7.pygtex)
\openout3 = `para.pyg'.


(./_minted-para/DA9775A71A60A61D20B6FB13A5B367ED5688A82824D80235618395A9AA2CEDD
7.pygtex [33])
\openout3 = `para.pyg'.


(./_minted-para/9CE36BA79D10806083BF1FDF18221BF45688A82824D80235618395A9AA2CEDD
7.pygtex)
\openout3 = `para.pyg'.


(./_minted-para/055A2D25417078E041107968D831310E5688A82824D80235618395A9AA2CEDD
7.pygtex)
\openout3 = `para.pyg'.


(./_minted-para/533C817D5E973389C6FAC809EE65DFE55688A82824D80235618395A9AA2CEDD
7.pygtex [34])
\openout3 = `para.pyg'.


(./_minted-para/FEE0B39FF635FFECA9355470DA9477C45688A82824D80235618395A9AA2CEDD
7.pygtex)
runsystem(rm "para.pyg")...executed.

 [35]
Package atveryend Info: Empty hook `BeforeClearDocument' on input line 2646.
Package atveryend Info: Empty hook `AfterLastShipout' on input line 2646.
 (./para.aux)
Package atveryend Info: Executing hook `AtVeryEndDocument' on input line 2646.


 *File List*
 article.cls    2014/09/29 v1.4h Standard LaTeX document class
  size10.clo    2014/09/29 v1.4h Standard LaTeX file (size option)
 relsize.sty    2013/03/29 ver 4.1
 makeidx.sty    2014/09/29 v1.0m Standard LaTeX package
   color.sty    1999/02/16
   color.cfg    2007/01/18 v1.5 color configuration of teTeX/TeXLive
  pdftex.def    2011/05/27 v0.06d Graphics/color for pdfTeX
infwarerr.sty    2010/04/08 v1.3 Providing info/warning/error messages (HO)
 ltxcmds.sty    2011/11/09 v1.22 LaTeX kernel commands for general use (HO)
setspace.sty    2011/12/19 v6.7a set line spacing
 amsmath.sty    2013/01/14 v2.14 AMS math features
 amstext.sty    2000/06/29 v2.01
  amsgen.sty    1999/11/30 v2.0
  amsbsy.sty    1999/11/29 v1.2d
  amsopn.sty    1999/12/14 v2.01 operator names
amsfonts.sty    2013/01/14 v3.01 Basic AMSFonts support
 amssymb.sty    2013/01/14 v3.01 AMS font symbols
  xcolor.sty    2007/01/21 v2.11 LaTeX color extensions (UK)
   color.cfg    2007/01/18 v1.5 color configuration of teTeX/TeXLive
colortbl.sty    2012/02/13 v1.0a Color table columns (DPC)
   array.sty    2014/10/28 v2.4c Tabular extension package (FMi)
      bm.sty    2014/10/28 v1.1c Bold Symbol Support (DPC/FMi)
 ltablex.sty    2014/08/13 v1.1 Modified tabularx
longtable.sty    2014/10/28 v4.11 Multi-page Table package (DPC)
tabularx.sty    2014/10/28 v2.10 `tabularx' package (DPC)
microtype.sty    2013/05/23 v2.5a Micro-typographical refinements (RS)
  keyval.sty    2014/10/28 v1.15 key=value parser (DPC)
microtype-pdftex.def    2013/05/23 v2.5a Definitions specific to pdftex (RS)
microtype.cfg    2013/05/23 v2.5a microtype main configuration file (RS)
graphicx.sty    2014/10/28 v1.0g Enhanced LaTeX Graphics (DPC,SPQR)
graphics.sty    2014/10/28 v1.0p Standard LaTeX Graphics (DPC,SPQR)
    trig.sty    1999/03/16 v1.09 sin cos tan (DPC)
graphics.cfg    2010/04/23 v1.9 graphics configuration of TeX Live
fancyvrb.sty    2008/02/07
  minted.sty    2015/01/31 v2.0 Yet another Pygments shim for LaTeX
kvoptions.sty    2011/06/30 v3.11 Key value format for package options (HO)
kvsetkeys.sty    2012/04/25 v1.16 Key value parser (HO)
etexcmds.sty    2011/02/16 v1.5 Avoid name clashes with e-TeX commands (HO)
ifluatex.sty    2010/03/01 v1.3 Provides the ifluatex switch (HO)
   float.sty    2001/11/08 v1.3d Float enhancements (AL)
  ifthen.sty    2014/09/29 v1.1c Standard LaTeX ifthen package (DPC)
    calc.sty    2014/10/28 v4.3 Infix arithmetic (KKT,FJ)
ifplatform.sty    2010/10/22 v0.4 Testing for the operating system
pdftexcmds.sty    2011/11/29 v0.20 Utility functions of pdfTeX for LuaTeX (HO)
   ifpdf.sty    2011/01/30 v2.3 Provides the ifpdf switch (HO)
catchfile.sty    2011/03/01 v1.6 Catch the contents of a file (HO)
    para.w18
etoolbox.sty    2015/05/04 v2.2 e-TeX tools for LaTeX (JAW)
 xstring.sty    2013/10/13  v1.7c  String manipulations (C Tellechea)
  lineno.sty    2005/11/02 line numbers on paragraphs v4.41
_minted-para/default.pygstyle
 fontenc.sty
   t1enc.def    2005/09/27 v1.99g Standard LaTeX file
     ucs.sty    2013/05/11 v2.2 UCS: Unicode input support
uni-global.def    2013/05/13 UCS: Unicode global data
inputenc.sty    2015/03/17 v1.2c Input encoding file
   utf8x.def    2004/10/17 UCS: Input encoding UTF-8
 lmodern.sty    2009/10/30 v1.6 Latin Modern Fonts
hyperref.sty    2012/11/06 v6.83m Hypertext links for LaTeX
hobsub-hyperref.sty    2012/05/28 v1.13 Bundle oberdiek, subset hyperref (HO)
hobsub-generic.sty    2012/05/28 v1.13 Bundle oberdiek, subset generic (HO)
  hobsub.sty    2012/05/28 v1.13 Construct package bundles (HO)
  ifvtex.sty    2010/03/01 v1.5 Detect VTeX and its facilities (HO)
 intcalc.sty    2007/09/27 v1.1 Expandable calculations with integers (HO)
kvdefinekeys.sty    2011/04/07 v1.3 Define keys (HO)
pdfescape.sty    2011/11/25 v1.13 Implements pdfTeX's escape features (HO)
bigintcalc.sty    2012/04/08 v1.3 Expandable calculations on big integers (HO)
  bitset.sty    2011/01/30 v1.1 Handle bit-vector datatype (HO)
uniquecounter.sty    2011/01/30 v1.2 Provide unlimited unique counter (HO)
letltxmacro.sty    2010/09/02 v1.4 Let assignment for LaTeX macros (HO)
 hopatch.sty    2012/05/28 v1.2 Wrapper for package hooks (HO)
xcolor-patch.sty    2011/01/30 xcolor patch
atveryend.sty    2011/06/30 v1.8 Hooks at the very end of document (HO)
atbegshi.sty    2011/10/05 v1.16 At begin shipout hook (HO)
refcount.sty    2011/10/16 v3.4 Data extraction from label references (HO)
 hycolor.sty    2011/01/30 v1.7 Color options for hyperref/bookmark (HO)
 ifxetex.sty    2010/09/12 v0.6 Provides ifxetex conditional
 auxhook.sty    2011/03/04 v1.3 Hooks for auxiliary files (HO)
  pd1enc.def    2012/11/06 v6.83m Hyperref: PDFDocEncoding definition (HO)
hyperref.cfg    2002/06/06 v1.2 hyperref configuration of TeXLive
     url.sty    2013/09/16  ver 3.4  Verb mode for urls, etc.
 hpdftex.def    2012/11/06 v6.83m Hyperref driver for pdfTeX
rerunfilecheck.sty    2011/04/15 v1.7 Rerun checks for auxiliary files (HO)
fancyhdr.sty    
mdframed.sty    2013/07/01 1.9b: mdframed
  xparse.sty    2014/11/25 v5471 L3 Experimental document command parser
   expl3.sty    2015/03/01 v5547 L3 programming layer (loader) 
expl3-code.tex    2015/03/01 v5547 L3 programming layer 
l3unicode-data.def    2015/03/01 v5544 L3 Unicode data
l3pdfmode.def    2015/03/01 v5544 L3 Experimental driver: PDF mode
zref-abspage.sty    2012/04/04 v2.24 Module abspage for zref (HO)
zref-base.sty    2012/04/04 v2.24 Module base for zref (HO)
needspace.sty    2010/09/12 v1.3d reserve vertical space
    tikz.sty    2013/12/13 v3.0.0 (rcs-revision 1.142)
     pgf.sty    2013/12/18 v3.0.0 (rcs-revision 1.14)
  pgfrcs.sty    2013/12/20 v3.0.0 (rcs-revision 1.28)
everyshi.sty    2001/05/15 v3.00 EveryShipout Package (MS)
  pgfrcs.code.tex
 pgfcore.sty    2010/04/11 v3.0.0 (rcs-revision 1.7)
  pgfsys.sty    2013/11/30 v3.0.0 (rcs-revision 1.47)
  pgfsys.code.tex
pgfsyssoftpath.code.tex    2013/09/09  (rcs-revision 1.9)
pgfsysprotocol.code.tex    2006/10/16  (rcs-revision 1.4)
 pgfcore.code.tex
pgfcomp-version-0-65.sty    2007/07/03 v3.0.0 (rcs-revision 1.7)
pgfcomp-version-1-18.sty    2007/07/23 v3.0.0 (rcs-revision 1.1)
  pgffor.sty    2013/12/13 v3.0.0 (rcs-revision 1.25)
 pgfkeys.sty    
 pgfkeys.code.tex
 pgfmath.sty    
 pgfmath.code.tex
  pgffor.code.tex
    tikz.code.tex
md-frame-1.mdf    2013/07/01\ 1.9b: md-frame-1
idxlayout.sty    2012/03/30 v0.4d Configurable index layout
multicol.sty    2015/03/31 v1.8m multicolumn formatting (FMi)
tocbibind.sty    2010/10/13 v1.5k extra ToC listings
ragged2e.sty    2009/05/21 v2.1 ragged2e Package (MS)
everysel.sty    2011/10/28 v1.2 EverySelectfont Package (MS)
   t1lmr.fd    2009/10/30 v1.6 Font defs for Latin Modern
supp-pdf.mkii
  mt-cmr.cfg    2013/05/19 v2.2 microtype config. file: Computer Modern Roman (
RS)
epstopdf-base.sty    2010/02/09 v2.5 Base part for package epstopdf
  grfext.sty    2010/08/19 v1.1 Manage graphics extensions (HO)
epstopdf-sys.cfg    2010/07/13 v1.3 Configuration of (r)epstopdf for TeX Live
 ucsencs.def    2011/01/21 Fixes to fontencodings LGR, T3
 nameref.sty    2012/10/27 v2.43 Cross-referencing by name of section
gettitlestring.sty    2010/12/03 v1.4 Cleanup title references (HO)
    para.out
    para.out
  ot1lmr.fd    2009/10/30 v1.6 Font defs for Latin Modern
  omllmm.fd    2009/10/30 v1.6 Font defs for Latin Modern
 omslmsy.fd    2009/10/30 v1.6 Font defs for Latin Modern
 omxlmex.fd    2009/10/30 v1.6 Font defs for Latin Modern
    umsa.fd    2013/01/14 v3.01 AMS symbols A
  mt-msa.cfg    2006/02/04 v1.1 microtype config. file: AMS symbols (a) (RS)
    umsb.fd    2013/01/14 v3.01 AMS symbols B
  mt-msb.cfg    2005/06/01 v1.0 microtype config. file: AMS symbols (b) (RS)
  omslmr.fd    2009/10/30 v1.6 Font defs for Latin Modern
_minted-para/80C5EDFAD69CEE25F5C5AD379F95C04E5688A82824D80235618395A9AA2CEDD7.p
ygtex
  t1lmtt.fd    2009/10/30 v1.6 Font defs for Latin Modern
_minted-para/05CEA983977AB50610551EA2E312056D5688A82824D80235618395A9AA2CEDD7.p
ygtex
_minted-para/4F498D071E2338BCB9B7E9D40F01637B5688A82824D80235618395A9AA2CEDD7.p
ygtex
_minted-para/DD7C900A78A0413E8858FECE109A81065688A82824D80235618395A9AA2CEDD7.p
ygtex
_minted-para/B8BF949E23956383EC880BE851A22DCB5688A82824D80235618395A9AA2CEDD7.p
ygtex
_minted-para/553DC611BEF71A76E74A0E4246D001685688A82824D80235618395A9AA2CEDD7.p
ygtex
_minted-para/24C8F1356AAF2EBD616DB6E38FA178DB5688A82824D80235618395A9AA2CEDD7.p
ygtex
_minted-para/DCF8EB81F6DE6B7EF728BE8703FFA6C85688A82824D80235618395A9AA2CEDD7.p
ygtex
_minted-para/D5C5035C402776964D1ACD8DFBB8A9035688A82824D80235618395A9AA2CEDD7.p
ygtex
_minted-para/D5C5035C402776964D1ACD8DFBB8A9035688A82824D80235618395A9AA2CEDD7.p
ygtex
_minted-para/D5C5035C402776964D1ACD8DFBB8A9035688A82824D80235618395A9AA2CEDD7.p
ygtex
_minted-para/B3818394E2CC07C101E9B8FE12CE026B5688A82824D80235618395A9AA2CEDD7.p
ygtex
_minted-para/44BF0453A356DF070287FE7D0989FDFF5688A82824D80235618395A9AA2CEDD7.p
ygtex
_minted-para/482E4CCF9763D6C6E623DC5A49C7CA9C5688A82824D80235618395A9AA2CEDD7.p
ygtex
_minted-para/2FC3865EB0F3B271A59411541B9719205688A82824D80235618395A9AA2CEDD7.p
ygtex
_minted-para/2F7BA7B28043FE847B5C34CFC3A97BDA5688A82824D80235618395A9AA2CEDD7.p
ygtex
_minted-para/B9C58BC4D9E84491937048DA072ED8335688A82824D80235618395A9AA2CEDD7.p
ygtex
_minted-para/C91A913ABD743B27D7CF6ACF98C595585688A82824D80235618395A9AA2CEDD7.p
ygtex
_minted-para/043BBE3148888F9809609C2A2041AA365688A82824D80235618395A9AA2CEDD7.p
ygtex
_minted-para/62D841092025E640789E0A957D3897785688A82824D80235618395A9AA2CEDD7.p
ygtex
_minted-para/B3F61606375A81860A089C0271D82C2B5688A82824D80235618395A9AA2CEDD7.p
ygtex
_minted-para/DEB267B7AEE12B319E2D92D3DB4DF76F5688A82824D80235618395A9AA2CEDD7.p
ygtex
_minted-para/9D1AA1A341EF3C3475893FB1573A3F4F5688A82824D80235618395A9AA2CEDD7.p
ygtex
_minted-para/043BBE3148888F9809609C2A2041AA365688A82824D80235618395A9AA2CEDD7.p
ygtex
_minted-para/58BA0E84BA652C7AB2D18FECB85E467A5688A82824D80235618395A9AA2CEDD7.p
ygtex
_minted-para/198E2E01B2C842BB86D8C7F141342F8E5688A82824D80235618395A9AA2CEDD7.p
ygtex
_minted-para/717305661009319BA46D0EC3C44F1B135688A82824D80235618395A9AA2CEDD7.p
ygtex
_minted-para/EB61AF0BD307F13F3D797EFC0781BA745688A82824D80235618395A9AA2CEDD7.p
ygtex
_minted-para/EB609289C1E63E926746A09861EE314B5688A82824D80235618395A9AA2CEDD7.p
ygtex
_minted-para/35F5B977E0002BAD0F962835143481DF5688A82824D80235618395A9AA2CEDD7.p
ygtex
_minted-para/3366FBC1F12824FB13FFD5A07DDC3E1B5688A82824D80235618395A9AA2CEDD7.p
ygtex
_minted-para/3A7BB9BD388DEC4C55554D1BFCA5DC055688A82824D80235618395A9AA2CEDD7.p
ygtex
_minted-para/15DF2BB47C64DCD935F28B5024F6F6275688A82824D80235618395A9AA2CEDD7.p
ygtex
_minted-para/FF78D46394D12B2B810031E3547AAD375688A82824D80235618395A9AA2CEDD7.p
ygtex
_minted-para/A7AF7593200BB1B9ACEE25D8B401FA425688A82824D80235618395A9AA2CEDD7.p
ygtex
_minted-para/A7AF7593200BB1B9ACEE25D8B401FA425688A82824D80235618395A9AA2CEDD7.p
ygtex
_minted-para/159A64695AE9934829FBCA109F8D1EA25688A82824D80235618395A9AA2CEDD7.p
ygtex
_minted-para/65A808D45DAB9C00CB98F0F86C7DA8AD5688A82824D80235618395A9AA2CEDD7.p
ygtex
_minted-para/0294807C856DE08893D994789A070D9E5688A82824D80235618395A9AA2CEDD7.p
ygtex
_minted-para/C8EFDADFE5AECF8BB16C50EB9EB2FA085688A82824D80235618395A9AA2CEDD7.p
ygtex
_minted-para/DE1983B0DDDCD723327F0C93039BA7F15688A82824D80235618395A9AA2CEDD7.p
ygtex
_minted-para/EF3E422773EED439C85F67AAD188019B5688A82824D80235618395A9AA2CEDD7.p
ygtex
_minted-para/FEBB37FE457C447942EDD8F581AFDA075688A82824D80235618395A9AA2CEDD7.p
ygtex
_minted-para/ACF5B9644FBDAC1A599EE14431AEADE05688A82824D80235618395A9AA2CEDD7.p
ygtex
_minted-para/9F423F065860EC668E5FE67498AADB4C5688A82824D80235618395A9AA2CEDD7.p
ygtex
_minted-para/381EF40273CF6D7DBA7625B16425C93E5688A82824D80235618395A9AA2CEDD7.p
ygtex
_minted-para/D53B558594A5BD229B8528A2A6E4D2D95688A82824D80235618395A9AA2CEDD7.p
ygtex
_minted-para/688A6B5AF065A441CACD78B29F53502B5688A82824D80235618395A9AA2CEDD7.p
ygtex
_minted-para/AF1FA2528558EE6DA6BD8B535F28F2A45688A82824D80235618395A9AA2CEDD7.p
ygtex
_minted-para/5B30B5A486E4EF8054229C6BF75D49615688A82824D80235618395A9AA2CEDD7.p
ygtex
_minted-para/308F753899C6D8EB89DC6C1DAC7D60BD5688A82824D80235618395A9AA2CEDD7.p
ygtex
_minted-para/0F1EAACDC404BC714B18C85B8BE8882A5688A82824D80235618395A9AA2CEDD7.p
ygtex
_minted-para/5D96821FE769AE00B936F187D0A98C855688A82824D80235618395A9AA2CEDD7.p
ygtex
_minted-para/5DD4E065A6D4DEADA938AC4CC58C65125688A82824D80235618395A9AA2CEDD7.p
ygtex
_minted-para/8173A7B4520E86B1C76D615BA3617F755688A82824D80235618395A9AA2CEDD7.p
ygtex
_minted-para/27BF2D5825D5A243C321A8F4A011AE025688A82824D80235618395A9AA2CEDD7.p
ygtex
_minted-para/C6406A0348ACDD22A1B7F71AE2FA366C5688A82824D80235618395A9AA2CEDD7.p
ygtex
_minted-para/6C67DB020F36D2603AF4CA1CB6716C825688A82824D80235618395A9AA2CEDD7.p
ygtex
_minted-para/460BE031DCD171EBECEDBD335C8A675F5688A82824D80235618395A9AA2CEDD7.p
ygtex
_minted-para/77834925D447BF3B7D1926FF879392F65688A82824D80235618395A9AA2CEDD7.p
ygtex
_minted-para/403B968209C0BCDA068FA40EA9C22A7C5688A82824D80235618395A9AA2CEDD7.p
ygtex
_minted-para/F26841834713F6E85D32505ACAC8C9EF5688A82824D80235618395A9AA2CEDD7.p
ygtex
_minted-para/923AA2E7A0DFF6DA4D7E7648A4E7E05C5688A82824D80235618395A9AA2CEDD7.p
ygtex
_minted-para/57C1B73C3A2333261BC27F3D6C4608885688A82824D80235618395A9AA2CEDD7.p
ygtex
_minted-para/AA215BE52611948AAE6731E44C9700BC5688A82824D80235618395A9AA2CEDD7.p
ygtex
_minted-para/AC5A186D2FA0AC7A759F91538FD2B9395688A82824D80235618395A9AA2CEDD7.p
ygtex
_minted-para/3CB5A77AC80E289B9C27E79252C6D7EF5688A82824D80235618395A9AA2CEDD7.p
ygtex
_minted-para/BB606CBA416579EAE1B097DA940286D85688A82824D80235618395A9AA2CEDD7.p
ygtex
_minted-para/2033FC285F971C477ACFA810F786A9F75688A82824D80235618395A9AA2CEDD7.p
ygtex
_minted-para/905999E051329BE2766E0A960EDE5B1E5688A82824D80235618395A9AA2CEDD7.p
ygtex
_minted-para/3BBE4B23B83FC543AFC6CAAA8F7178255688A82824D80235618395A9AA2CEDD7.p
ygtex
_minted-para/BFB5E8874828FD2E79FAD5D338CFD6E15688A82824D80235618395A9AA2CEDD7.p
ygtex
_minted-para/DA9775A71A60A61D20B6FB13A5B367ED5688A82824D80235618395A9AA2CEDD7.p
ygtex
_minted-para/9CE36BA79D10806083BF1FDF18221BF45688A82824D80235618395A9AA2CEDD7.p
ygtex
_minted-para/055A2D25417078E041107968D831310E5688A82824D80235618395A9AA2CEDD7.p
ygtex
_minted-para/533C817D5E973389C6FAC809EE65DFE55688A82824D80235618395A9AA2CEDD7.p
ygtex
_minted-para/FEE0B39FF635FFECA9355470DA9477C45688A82824D80235618395A9AA2CEDD7.p
ygtex
 ***********

Package atveryend Info: Executing hook `AtEndAfterFileList' on input line 2646.

Package rerunfilecheck Info: File `para.out' has not changed.
(rerunfilecheck)             Checksum: D41D8CD98F00B204E9800998ECF8427E;0.
 ) 
Here is how much of TeX's memory you used:
 28183 strings out of 493089
 558016 string characters out of 6134842
 683396 words of memory out of 5000000
 30559 multiletter control sequences out of 15000+600000
 85835 words of font info for 149 fonts, out of 8000000 for 9000
 1141 hyphenation exceptions out of 8191
 67i,14n,64p,10389b,641s stack positions out of 5000i,500n,10000p,200000b,80000s
{/usr/local/texlive/2015/texmf-dist/fonts/enc/dvips/lm/lm-mathit.enc}{/usr/lo
cal/texlive/2015/texmf-dist/fonts/enc/dvips/lm/lm-ec.enc}{/usr/local/texlive/20
15/texmf-dist/fonts/enc/dvips/lm/lm-mathsy.enc}{/usr/local/texlive/2015/texmf-d
ist/fonts/enc/dvips/lm/lm-mathex.enc}{/usr/local/texlive/2015/texmf-dist/fonts/
enc/dvips/lm/lm-rm.enc}</usr/local/texlive/2015/texmf-dist/fonts/type1/public/l
m/lmbx10.pfb></usr/local/texlive/2015/texmf-dist/fonts/type1/public/lm/lmbx12.p
fb></usr/local/texlive/2015/texmf-dist/fonts/type1/public/lm/lmex10.pfb></usr/l
ocal/texlive/2015/texmf-dist/fonts/type1/public/lm/lmmi10.pfb></usr/local/texli
ve/2015/texmf-dist/fonts/type1/public/lm/lmmi12.pfb></usr/local/texlive/2015/te
xmf-dist/fonts/type1/public/lm/lmmi7.pfb></usr/local/texlive/2015/texmf-dist/fo
nts/type1/public/lm/lmr10.pfb></usr/local/texlive/2015/texmf-dist/fonts/type1/p
ublic/lm/lmr6.pfb></usr/local/texlive/2015/texmf-dist/fonts/type1/public/lm/lmr
7.pfb></usr/local/texlive/2015/texmf-dist/fonts/type1/public/lm/lmr8.pfb></usr/
local/texlive/2015/texmf-dist/fonts/type1/public/lm/lmr9.pfb></usr/local/texliv
e/2015/texmf-dist/fonts/type1/public/lm/lmri10.pfb></usr/local/texlive/2015/tex
mf-dist/fonts/type1/public/lm/lmsy10.pfb></usr/local/texlive/2015/texmf-dist/fo
nts/type1/public/lm/lmsy7.pfb></usr/local/texlive/2015/texmf-dist/fonts/type1/p
ublic/lm/lmsy8.pfb></usr/local/texlive/2015/texmf-dist/fonts/type1/public/lm/lm
tk10.pfb></usr/local/texlive/2015/texmf-dist/fonts/type1/public/lm/lmtt10.pfb><
/usr/local/texlive/2015/texmf-dist/fonts/type1/public/lm/lmtt9.pfb></usr/local/
texlive/2015/texmf-dist/fonts/type1/public/lm/lmtti10.pfb>
Output written on para.pdf (35 pages, 405557 bytes).
PDF statistics:
 503 PDF objects out of 1000 (max. 8388607)
 442 compressed objects within 5 object streams
 231 named destinations out of 1000 (max. 500000)
 29709 words of extra memory for PDF output out of 29859 (max. 10000000)

